SUCCESS [2025-11-16 17:31:23] R/oecd.R (forced) in 13.89 sec. (138 kB)
SUCCESS [2025-11-16 17:31:37] r/france cn 2014.r (forced) in 1.79 sec. (46 kB)
SUCCESS [2025-11-16 17:34:14] R/oecd.R (forced) in 1.8 sec. (138 kB)
SUCCESS [2025-11-16 17:34:16] r/france cn 2014.r (forced) in 0.26 sec. (46 kB)
SUCCESS [2025-11-16 17:38:33] R/oecd.R valid cache (138 kB)
SUCCESS [2025-11-16 17:38:38] r/france cn 2014.r (forced) in 1.98 sec. (46 kB)
SUCCESS [2025-11-16 17:38:54] r/nace.r (forced) in 0.8 sec. (11 kB)
SUCCESS [2025-11-16 17:38:59] r/oecd.r valid cache (138 kB)
SUCCESS [2025-11-16 17:40:52] R/oecd.R valid cache (138 kB)
SUCCESS [2025-11-16 17:40:54] r/france cn 2014.r (forced) in 0.26 sec. (46 kB)
SUCCESS [2025-11-16 17:41:04] r/nace.r (forced) in 0.23 sec. (11 kB)
SUCCESS [2025-11-16 17:41:06] r/oecd.r valid cache (138 kB)
SUCCESS [2025-11-16 17:41:41] R/oecd.R valid cache (138 kB)
SUCCESS [2025-11-16 17:41:45] r/france cn 2014.r (forced) in 1.78 sec. (46 kB)
SUCCESS [2025-11-16 17:41:54] r/nace.r (forced) in 0.69 sec. (11 kB)
SUCCESS [2025-11-16 17:41:57] r/oecd.r valid cache (138 kB)
SUCCESS [2025-11-16 17:50:51] r/france cn 2014.r (forced) in 0.43 sec. (46 kB)
SUCCESS [2025-11-16 17:51:04] r/nace.r (forced) in 0.4 sec. (11 kB)
SUCCESS [2025-11-16 17:51:06] r/oecd.r valid cache (138 kB)
SUCCESS [2025-11-16 17:56:23] r/france cn 2014.r (forced) in 0.31 sec. (46 kB)
SUCCESS [2025-11-16 17:56:37] r/nace.r (forced) in 0.44 sec. (11 kB)
SUCCESS [2025-11-16 17:56:39] r/oecd.r valid cache (138 kB)
