INFO [2025-03-15 15:40:20] source file : /Users/xt/github/travail/assets.r
INFO [2025-03-15 15:40:21] source file : /Users/xt/github/travail/dependants.r
SUCCESS [2025-03-15 15:40:23] Successful forced execution in 2.05 sec. (22 kB)
INFO [2025-03-15 15:40:23] source file : /Users/xt/github/travail/earn.r
SUCCESS [2025-03-15 15:40:23] Successful forced execution in 0.23 sec. (7 kB)
INFO [2025-03-15 15:40:23] source file : /Users/xt/github/travail/naa_e.r
INFO [2025-03-15 15:40:24] source file : /Users/xt/github/travail/nace.r
SUCCESS [2025-03-15 15:40:24] Successful forced execution in 0.18 sec. (8 kB)
INFO [2025-03-15 15:40:24] source file : /Users/xt/github/travail/salaires.r
SUCCESS [2025-03-15 15:40:27] Successful forced execution in 2.96 sec. (70 kB)
INFO [2025-03-15 15:40:27] source file : /Users/xt/github/travail/va.r
INFO [2025-03-15 15:52:53] source file : /Users/xt/github/travail/assets.r
INFO [2025-03-15 15:52:54] source file : /Users/xt/github/travail/dependants.r
SUCCESS [2025-03-15 15:53:00] Successful forced execution in 5.48 sec. (22 kB)
INFO [2025-03-15 15:53:00] source file : /Users/xt/github/travail/earn.r
SUCCESS [2025-03-15 15:53:00] Successful forced execution in 0.52 sec. (7 kB)
INFO [2025-03-15 15:53:01] source file : /Users/xt/github/travail/naa_e.r
INFO [2025-03-15 15:53:01] source file : /Users/xt/github/travail/nace.r
SUCCESS [2025-03-15 15:53:02] Successful forced execution in 0.58 sec. (8 kB)
INFO [2025-03-15 15:53:02] source file : /Users/xt/github/travail/salaires.r
SUCCESS [2025-03-15 15:53:06] Successful forced execution in 4.44 sec. (70 kB)
INFO [2025-03-15 15:53:06] source file : /Users/xt/github/travail/va.r
INFO [2025-03-15 15:58:29] source file : /Users/xt/github/travail/assets.r
INFO [2025-03-15 15:58:30] source file : /Users/xt/github/travail/dependants.r
SUCCESS [2025-03-15 15:58:32] Successful forced execution in 2.01 sec. (22 kB)
INFO [2025-03-15 15:58:32] source file : /Users/xt/github/travail/earn.r
SUCCESS [2025-03-15 15:58:32] Successful forced execution in 0.24 sec. (7 kB)
INFO [2025-03-15 15:58:32] source file : /Users/xt/github/travail/naa_e.r
INFO [2025-03-15 15:58:32] source file : /Users/xt/github/travail/nace.r
SUCCESS [2025-03-15 15:58:32] Successful forced execution in 0.17 sec. (8 kB)
INFO [2025-03-15 15:58:32] source file : /Users/xt/github/travail/salaires.r
SUCCESS [2025-03-15 15:58:36] Successful forced execution in 3.07 sec. (70 kB)
INFO [2025-03-15 15:58:36] source file : /Users/xt/github/travail/va.r
