INFO [2025-12-25 18:35:12] Refreshing 16 source files
INFO [2025-12-25 18:35:12] sourcoising /Users/xt/github/travail/R/france CN 2014.r
INFO [2025-12-25 18:35:12] Tracked files not found, check your paths.
SUCCESS [2025-12-25 18:35:17] R/france CN 2014.r (forced) in 4.9 sec. (45.3K)
INFO [2025-12-25 18:35:17] sourcoising /Users/xt/github/travail/R/annexeD.r
INFO [2025-12-25 18:35:17] Tracked files not found, check your paths.
INFO [2025-12-25 18:35:17] sourcoising /Users/xt/github/travail/R/nace.r
INFO [2025-12-25 18:35:17] Tracked files not found, check your paths.
SUCCESS [2025-12-25 18:35:17] R/nace.r cache valid (10.3K)
INFO [2025-12-25 18:35:17] sourcoising /Users/xt/github/travail/R/mixte.r
INFO [2025-12-25 18:35:17] Tracked files not found, check your paths.
SUCCESS [2025-12-25 18:35:17] R/mixte.r cache valid (2.1M)
INFO [2025-12-25 18:35:17] sourcoising /Users/xt/github/travail/R/nace.r
INFO [2025-12-25 18:35:17] Tracked files not found, check your paths.
SUCCESS [2025-12-25 18:35:17] R/nace.r cache valid (10.3K)
INFO [2025-12-25 18:35:17] sourcoising /Users/xt/github/travail/R/vaq.r
INFO [2025-12-25 18:35:17] Tracked files not found, check your paths.
SUCCESS [2025-12-25 18:35:17] R/vaq.r cache valid (8.98M)
INFO [2025-12-25 18:35:17] sourcoising /Users/xt/github/travail/R/mixte.r
INFO [2025-12-25 18:35:17] Tracked files not found, check your paths.
SUCCESS [2025-12-25 18:35:17] R/mixte.r cache valid (2.1M)
INFO [2025-12-25 18:35:17] sourcoising /Users/xt/github/travail/R/france-melodi.r
INFO [2025-12-25 18:35:17] Tracked files not found, check your paths.
SUCCESS [2025-12-25 18:35:17] R/france-melodi.r cache valid (212K)
INFO [2025-12-25 18:35:17] sourcoising /Users/xt/github/travail/R/naq10_e.r
INFO [2025-12-25 18:35:17] Tracked files not found, check your paths.
SUCCESS [2025-12-25 18:35:17] R/naq10_e.r cache valid (3.16M)
SUCCESS [2025-12-25 18:35:18] R/annexeD.r (forced) in 1.15 sec. (642K)
INFO [2025-12-25 18:35:18] sourcoising /Users/xt/github/travail/R/assets.r
INFO [2025-12-25 18:35:18] Tracked files not found, check your paths.
INFO [2025-12-25 18:35:19] sourcoising /Users/xt/github/travail/R/nace.r
INFO [2025-12-25 18:35:19] Tracked files not found, check your paths.
SUCCESS [2025-12-25 18:35:19] R/nace.r cache valid (10.3K)
INFO [2025-12-25 18:35:19] sourcoising /Users/xt/github/travail/R/nace.r
INFO [2025-12-25 18:35:19] Tracked files not found, check your paths.
SUCCESS [2025-12-25 18:35:19] R/nace.r cache valid (10.3K)
SUCCESS [2025-12-25 18:35:22] R/assets.r (forced) in 3.84 sec. (790K)
INFO [2025-12-25 18:35:22] sourcoising /Users/xt/github/travail/R/decomp.r
INFO [2025-12-25 18:35:22] Tracked files not found, check your paths.
INFO [2025-12-25 18:35:22] sourcoising /Users/xt/github/travail/R/vaq.r
INFO [2025-12-25 18:35:22] Tracked files not found, check your paths.
SUCCESS [2025-12-25 18:35:22] R/vaq.r cache valid (8.98M)
INFO [2025-12-25 18:35:22] sourcoising /Users/xt/github/travail/R/nace.r
INFO [2025-12-25 18:35:22] Tracked files not found, check your paths.
SUCCESS [2025-12-25 18:35:22] R/nace.r cache valid (10.3K)
SUCCESS [2025-12-25 18:35:23] R/decomp.r (forced) in 0.12 sec. (11.9K)
INFO [2025-12-25 18:35:23] sourcoising /Users/xt/github/travail/R/france-melodi.r
INFO [2025-12-25 18:35:23] Tracked files not found, check your paths.
INFO [2025-12-25 18:35:23] sourcoising /Users/xt/github/travail/R/nace.r
INFO [2025-12-25 18:35:23] Tracked files not found, check your paths.
SUCCESS [2025-12-25 18:35:23] R/nace.r cache valid (10.3K)
INFO [2025-12-25 18:35:23] sourcoising /Users/xt/github/travail/R/nace.r
INFO [2025-12-25 18:35:23] Tracked files not found, check your paths.
SUCCESS [2025-12-25 18:35:23] R/nace.r cache valid (10.3K)
INFO [2025-12-25 18:35:23] sourcoising /Users/xt/github/travail/R/vaq.r
INFO [2025-12-25 18:35:23] Tracked files not found, check your paths.
SUCCESS [2025-12-25 18:35:23] R/vaq.r cache valid (8.98M)
SUCCESS [2025-12-25 18:35:50] R/france-melodi.r (forced) in 26.9 sec. (212K)
INFO [2025-12-25 18:35:50] sourcoising /Users/xt/github/travail/R/ggvanettebrute.r
INFO [2025-12-25 18:35:50] Tracked files not found, check your paths.
INFO [2025-12-25 18:35:51] sourcoising /Users/xt/github/travail/R/vaq.r
INFO [2025-12-25 18:35:51] Tracked files not found, check your paths.
SUCCESS [2025-12-25 18:35:51] R/vaq.r cache valid (8.98M)
SUCCESS [2025-12-25 18:35:51] R/ggvanettebrute.r (forced) in 1.33 sec. (488K)
INFO [2025-12-25 18:35:51] sourcoising /Users/xt/github/travail/R/households.r
INFO [2025-12-25 18:35:51] Tracked files not found, check your paths.
INFO [2025-12-25 18:35:51] sourcoising /Users/xt/github/travail/R/nace.r
INFO [2025-12-25 18:35:51] Tracked files not found, check your paths.
SUCCESS [2025-12-25 18:35:51] R/nace.r cache valid (10.3K)
INFO [2025-12-25 18:35:51] sourcoising /Users/xt/github/travail/R/nace.r
INFO [2025-12-25 18:35:51] Tracked files not found, check your paths.
SUCCESS [2025-12-25 18:35:51] R/nace.r cache valid (10.3K)
INFO [2025-12-25 18:35:52] sourcoising /Users/xt/github/travail/R/vaq.r
INFO [2025-12-25 18:35:52] Tracked files not found, check your paths.
SUCCESS [2025-12-25 18:35:52] R/vaq.r cache valid (8.98M)
INFO [2025-12-25 18:35:52] sourcoising /Users/xt/github/travail/R/vaq.r
INFO [2025-12-25 18:35:52] Tracked files not found, check your paths.
SUCCESS [2025-12-25 18:35:52] R/vaq.r cache valid (8.98M)
SUCCESS [2025-12-25 18:35:52] R/households.r (forced) in 0.88 sec. (81.8K)
INFO [2025-12-25 18:35:52] sourcoising /Users/xt/github/travail/R/mixte.r
INFO [2025-12-25 18:35:52] Tracked files not found, check your paths.
INFO [2025-12-25 18:35:52] sourcoising /Users/xt/github/travail/R/nace.r
INFO [2025-12-25 18:35:52] Tracked files not found, check your paths.
SUCCESS [2025-12-25 18:35:52] R/nace.r cache valid (10.3K)
INFO [2025-12-25 18:35:54] sourcoising /Users/xt/github/travail/R/naq10_e.r
INFO [2025-12-25 18:35:54] Tracked files not found, check your paths.
SUCCESS [2025-12-25 18:35:54] R/naq10_e.r cache valid (3.16M)
SUCCESS [2025-12-25 18:35:55] R/mixte.r (forced) in 2.37 sec. (2.1M)
INFO [2025-12-25 18:35:55] sourcoising /Users/xt/github/travail/R/nace.r
INFO [2025-12-25 18:35:55] Tracked files not found, check your paths.
SUCCESS [2025-12-25 18:35:56] R/nace.r (forced) in 1.49 sec. (10.3K)
INFO [2025-12-25 18:35:56] sourcoising /Users/xt/github/travail/R/naq10_e.r
INFO [2025-12-25 18:35:56] Tracked files not found, check your paths.
INFO [2025-12-25 18:35:56] sourcoising /Users/xt/github/travail/R/nace.r
INFO [2025-12-25 18:35:56] Tracked files not found, check your paths.
SUCCESS [2025-12-25 18:35:56] R/nace.r cache valid (10.3K)
SUCCESS [2025-12-25 18:36:03] R/naq10_e.r (forced) in 6.48 sec. (3.16M)
INFO [2025-12-25 18:36:03] sourcoising /Users/xt/github/travail/R/oecd.r
INFO [2025-12-25 18:36:03] Tracked files not found, check your paths.
SUCCESS [2025-12-25 18:36:20] R/oecd.r (forced) in 16.6 sec. (135K)
INFO [2025-12-25 18:36:20] sourcoising /Users/xt/github/travail/R/psali.r
INFO [2025-12-25 18:36:20] Tracked files not found, check your paths.
INFO [2025-12-25 18:36:21] sourcoising /Users/xt/github/travail/R/snf_international.r
INFO [2025-12-25 18:36:21] Tracked files not found, check your paths.
SUCCESS [2025-12-25 18:36:21] R/snf_international.r cache valid (21.4K)
INFO [2025-12-25 18:36:21] sourcoising /Users/xt/github/travail/R/salaires.r
INFO [2025-12-25 18:36:21] Tracked files not found, check your paths.
INFO [2025-12-25 18:36:21] sourcoising /Users/xt/github/travail/R/nace.r
INFO [2025-12-25 18:36:21] Tracked files not found, check your paths.
SUCCESS [2025-12-25 18:36:21] R/nace.r cache valid (10.3K)
INFO [2025-12-25 18:36:21] sourcoising /Users/xt/github/travail/R/nace.r
INFO [2025-12-25 18:36:21] Tracked files not found, check your paths.
SUCCESS [2025-12-25 18:36:21] R/nace.r cache valid (10.3K)
SUCCESS [2025-12-25 18:36:33] R/salaires.r (forced) in 11.87 sec. (157K)
INFO [2025-12-25 18:36:33] sourcoising /Users/xt/github/travail/R/snf_international.r
INFO [2025-12-25 18:36:33] Tracked files not found, check your paths.
INFO [2025-12-25 18:36:33] sourcoising /Users/xt/github/travail/R/nace.r
INFO [2025-12-25 18:36:33] Tracked files not found, check your paths.
SUCCESS [2025-12-25 18:36:33] R/nace.r cache valid (10.3K)
INFO [2025-12-25 18:36:33] sourcoising /Users/xt/github/travail/R/nace.r
INFO [2025-12-25 18:36:33] Tracked files not found, check your paths.
SUCCESS [2025-12-25 18:36:33] R/nace.r cache valid (10.3K)
INFO [2025-12-25 18:36:33] sourcoising /Users/xt/github/travail/R/nace.r
INFO [2025-12-25 18:36:33] Tracked files not found, check your paths.
SUCCESS [2025-12-25 18:36:33] R/nace.r cache valid (10.3K)
SUCCESS [2025-12-25 18:36:35] R/snf_international.r (forced) in 2.18 sec. (21.4K)
INFO [2025-12-25 18:36:35] sourcoising /Users/xt/github/travail/R/snf_ratio.r
INFO [2025-12-25 18:36:35] Tracked files not found, check your paths.
INFO [2025-12-25 18:36:35] sourcoising /Users/xt/github/travail/R/nace.r
INFO [2025-12-25 18:36:35] Tracked files not found, check your paths.
SUCCESS [2025-12-25 18:36:35] R/nace.r cache valid (10.3K)
INFO [2025-12-25 18:36:35] sourcoising /Users/xt/github/travail/R/nace.r
INFO [2025-12-25 18:36:36] Tracked files not found, check your paths.
SUCCESS [2025-12-25 18:36:36] R/nace.r cache valid (10.3K)
INFO [2025-12-25 18:36:36] sourcoising /Users/xt/github/travail/R/nace.r
INFO [2025-12-25 18:36:36] Tracked files not found, check your paths.
SUCCESS [2025-12-25 18:36:36] R/nace.r cache valid (10.3K)
INFO [2025-12-25 18:36:36] sourcoising /Users/xt/github/travail/R/naq10_e.r
INFO [2025-12-25 18:36:36] Tracked files not found, check your paths.
SUCCESS [2025-12-25 18:36:36] R/naq10_e.r cache valid (3.16M)
SUCCESS [2025-12-25 18:36:41] R/snf_ratio.r (forced) in 5.05 sec. (207K)
INFO [2025-12-25 18:36:41] sourcoising /Users/xt/github/travail/R/vaq.r
INFO [2025-12-25 18:36:41] Tracked files not found, check your paths.
INFO [2025-12-25 18:36:42] sourcoising /Users/xt/github/travail/R/nace.r
INFO [2025-12-25 18:36:42] Tracked files not found, check your paths.
SUCCESS [2025-12-25 18:36:42] R/nace.r cache valid (10.3K)
INFO [2025-12-25 18:36:42] sourcoising /Users/xt/github/travail/R/nace.r
INFO [2025-12-25 18:36:42] Tracked files not found, check your paths.
SUCCESS [2025-12-25 18:36:42] R/nace.r cache valid (10.3K)
INFO [2025-12-25 18:36:42] sourcoising /Users/xt/github/travail/R/naq10_e.r
INFO [2025-12-25 18:36:42] Tracked files not found, check your paths.
SUCCESS [2025-12-25 18:36:42] R/naq10_e.r cache valid (3.16M)
INFO [2025-12-25 18:36:58] sourcoising /Users/xt/github/travail/R/france-melodi.r
INFO [2025-12-25 18:36:58] Tracked files not found, check your paths.
SUCCESS [2025-12-25 18:36:58] R/france-melodi.r cache valid (212K)
INFO [2025-12-25 18:36:58] sourcoising /Users/xt/github/travail/R/mixte.r
INFO [2025-12-25 18:36:58] Tracked files not found, check your paths.
SUCCESS [2025-12-25 18:36:58] R/mixte.r cache valid (2.1M)
INFO [2025-12-25 18:36:58] sourcoising /Users/xt/github/travail/R/mixte.r
INFO [2025-12-25 18:36:58] Tracked files not found, check your paths.
SUCCESS [2025-12-25 18:36:58] R/mixte.r cache valid (2.1M)
INFO [2025-12-25 18:37:00] sourcoising /Users/xt/github/travail/R/mixte.r
INFO [2025-12-25 18:37:00] Tracked files not found, check your paths.
SUCCESS [2025-12-25 18:37:00] R/mixte.r cache valid (2.1M)
INFO [2025-12-25 18:37:02] sourcoising /Users/xt/github/travail/R/assets.r
INFO [2025-12-25 18:37:02] Tracked files not found, check your paths.
SUCCESS [2025-12-25 18:37:02] R/assets.r cache valid (790K)
SUCCESS [2025-12-25 18:37:02] R/vaq.r (forced) in 21.49 sec. (8.98M)
