INFO [2026-06-05 16:37:26] Refreshing 17 source files
INFO [2026-06-05 16:37:26] sourcoising /Users/xt/github/travail/R/nace.r
SUCCESS [2026-06-05 16:37:29] R/nace.r (forced) in 3.14 sec. (10.3K)
INFO [2026-06-05 16:37:29] sourcoising /Users/xt/github/travail/R/mixte.r
INFO [2026-06-05 16:37:29] sourcoising /Users/xt/github/travail/R/nace.r
INFO [2026-06-05 16:37:29] Tracked files not found, check your paths.
SUCCESS [2026-06-05 16:37:30] R/nace.r cache valid (10.3K)
INFO [2026-06-05 16:37:32] sourcoising /Users/xt/github/travail/R/naq10_e.r
INFO [2026-06-05 16:37:32] Tracked files not found, check your paths.
INFO [2026-06-05 16:37:32] sourcoising /Users/xt/github/travail/R/nace.r
INFO [2026-06-05 16:37:32] Tracked files not found, check your paths.
SUCCESS [2026-06-05 16:37:32] R/nace.r cache valid (10.3K)
SUCCESS [2026-06-05 16:37:41] R/naq10_e.r (forced) in 8.93 sec. (3.19M)
SUCCESS [2026-06-05 16:37:42] R/mixte.r cache valid (2.1M)
INFO [2026-06-05 16:37:42] sourcoising /Users/xt/github/travail/R/vaq.r
INFO [2026-06-05 16:37:43] sourcoising /Users/xt/github/travail/R/nace.r
INFO [2026-06-05 16:37:43] Tracked files not found, check your paths.
SUCCESS [2026-06-05 16:37:43] R/nace.r cache valid (10.3K)
INFO [2026-06-05 16:37:43] sourcoising /Users/xt/github/travail/R/nace.r
INFO [2026-06-05 16:37:43] Tracked files not found, check your paths.
SUCCESS [2026-06-05 16:37:43] R/nace.r cache valid (10.3K)
INFO [2026-06-05 16:37:43] sourcoising /Users/xt/github/travail/R/naq10_e.r
INFO [2026-06-05 16:37:43] Tracked files not found, check your paths.
SUCCESS [2026-06-05 16:37:43] R/naq10_e.r cache valid (3.19M)
SUCCESS [2026-06-05 16:37:46] R/vaq.r cache valid (9.09M)
INFO [2026-06-05 16:37:46] sourcoising /Users/xt/github/travail/R/naq10_e.r
INFO [2026-06-05 16:37:46] sourcoising /Users/xt/github/travail/R/nace.r
INFO [2026-06-05 16:37:46] Tracked files not found, check your paths.
SUCCESS [2026-06-05 16:37:46] R/nace.r cache valid (10.3K)
SUCCESS [2026-06-05 16:37:48] R/naq10_e.r (forced) in 2.33 sec. (3.19M)
INFO [2026-06-05 16:37:48] sourcoising /Users/xt/github/travail/R/france-melodi.r
SUCCESS [2026-06-05 16:37:48] R/france-melodi.r cache valid (212K)
INFO [2026-06-05 16:37:48] sourcoising /Users/xt/github/travail/R/assets.r
INFO [2026-06-05 16:37:48] sourcoising /Users/xt/github/travail/R/nace.r
INFO [2026-06-05 16:37:48] Tracked files not found, check your paths.
SUCCESS [2026-06-05 16:37:48] R/nace.r cache valid (10.3K)
INFO [2026-06-05 16:37:48] sourcoising /Users/xt/github/travail/R/nace.r
INFO [2026-06-05 16:37:48] Tracked files not found, check your paths.
SUCCESS [2026-06-05 16:37:48] R/nace.r cache valid (10.3K)
SUCCESS [2026-06-05 16:37:50] R/assets.r (forced) in 1.63 sec. (795K)
INFO [2026-06-05 16:37:50] sourcoising /Users/xt/github/travail/R/snf_international.r
INFO [2026-06-05 16:37:50] sourcoising /Users/xt/github/travail/R/nace.r
INFO [2026-06-05 16:37:50] Tracked files not found, check your paths.
SUCCESS [2026-06-05 16:37:50] R/nace.r cache valid (10.3K)
INFO [2026-06-05 16:37:50] sourcoising /Users/xt/github/travail/R/nace.r
INFO [2026-06-05 16:37:50] Tracked files not found, check your paths.
SUCCESS [2026-06-05 16:37:50] R/nace.r cache valid (10.3K)
INFO [2026-06-05 16:37:50] sourcoising /Users/xt/github/travail/R/nace.r
INFO [2026-06-05 16:37:50] Tracked files not found, check your paths.
SUCCESS [2026-06-05 16:37:50] R/nace.r cache valid (10.3K)
SUCCESS [2026-06-05 16:37:52] R/snf_international.r (forced) in 2.1 sec. (23.2K)
INFO [2026-06-05 16:37:52] sourcoising /Users/xt/github/travail/R/annexeD.r
INFO [2026-06-05 16:37:52] sourcoising /Users/xt/github/travail/R/nace.r
INFO [2026-06-05 16:37:52] Tracked files not found, check your paths.
SUCCESS [2026-06-05 16:37:52] R/nace.r cache valid (10.3K)
INFO [2026-06-05 16:37:52] sourcoising /Users/xt/github/travail/R/mixte.r
INFO [2026-06-05 16:37:52] Tracked files not found, check your paths.
SUCCESS [2026-06-05 16:37:52] R/mixte.r cache valid (2.1M)
INFO [2026-06-05 16:37:52] sourcoising /Users/xt/github/travail/R/nace.r
INFO [2026-06-05 16:37:52] Tracked files not found, check your paths.
SUCCESS [2026-06-05 16:37:52] R/nace.r cache valid (10.3K)
INFO [2026-06-05 16:37:52] sourcoising /Users/xt/github/travail/R/vaq.r
INFO [2026-06-05 16:37:52] Tracked files not found, check your paths.
SUCCESS [2026-06-05 16:37:52] R/vaq.r cache valid (9.09M)
INFO [2026-06-05 16:37:52] sourcoising /Users/xt/github/travail/R/mixte.r
INFO [2026-06-05 16:37:52] Tracked files not found, check your paths.
SUCCESS [2026-06-05 16:37:52] R/mixte.r cache valid (2.1M)
INFO [2026-06-05 16:37:52] sourcoising /Users/xt/github/travail/R/france-melodi.r
INFO [2026-06-05 16:37:52] Tracked files not found, check your paths.
SUCCESS [2026-06-05 16:37:52] R/france-melodi.r cache valid (212K)
INFO [2026-06-05 16:37:52] sourcoising /Users/xt/github/travail/R/naq10_e.r
INFO [2026-06-05 16:37:52] Tracked files not found, check your paths.
SUCCESS [2026-06-05 16:37:52] R/naq10_e.r cache valid (3.19M)
SUCCESS [2026-06-05 16:37:53] R/annexeD.r (forced) in 0.74 sec. (645K)
INFO [2026-06-05 16:37:53] sourcoising /Users/xt/github/travail/R/decomp.r
INFO [2026-06-05 16:37:53] sourcoising /Users/xt/github/travail/R/vaq.r
INFO [2026-06-05 16:37:53] Tracked files not found, check your paths.
SUCCESS [2026-06-05 16:37:53] R/vaq.r cache valid (9.09M)
INFO [2026-06-05 16:37:53] sourcoising /Users/xt/github/travail/R/nace.r
INFO [2026-06-05 16:37:53] Tracked files not found, check your paths.
SUCCESS [2026-06-05 16:37:53] R/nace.r cache valid (10.3K)
SUCCESS [2026-06-05 16:37:53] R/decomp.r (forced) in 0.12 sec. (12K)
INFO [2026-06-05 16:37:53] sourcoising /Users/xt/github/travail/R/earn.r
SUCCESS [2026-06-05 16:37:54] R/earn.r (forced) in 0.86 sec. (6.52K)
INFO [2026-06-05 16:37:54] sourcoising /Users/xt/github/travail/R/france CN 2014.r
SUCCESS [2026-06-05 16:37:57] R/france CN 2014.r (forced) in 2.39 sec. (45.3K)
INFO [2026-06-05 16:37:57] sourcoising /Users/xt/github/travail/R/ggvanettebrute.r
INFO [2026-06-05 16:37:57] sourcoising /Users/xt/github/travail/R/vaq.r
INFO [2026-06-05 16:37:57] Tracked files not found, check your paths.
SUCCESS [2026-06-05 16:37:57] R/vaq.r cache valid (9.09M)
SUCCESS [2026-06-05 16:37:57] R/ggvanettebrute.r (forced) in 0.82 sec. (490K)
INFO [2026-06-05 16:37:57] sourcoising /Users/xt/github/travail/R/households.r
INFO [2026-06-05 16:37:57] sourcoising /Users/xt/github/travail/R/nace.r
INFO [2026-06-05 16:37:58] Tracked files not found, check your paths.
SUCCESS [2026-06-05 16:37:58] R/nace.r cache valid (10.3K)
INFO [2026-06-05 16:37:58] sourcoising /Users/xt/github/travail/R/nace.r
INFO [2026-06-05 16:37:58] Tracked files not found, check your paths.
SUCCESS [2026-06-05 16:37:58] R/nace.r cache valid (10.3K)
INFO [2026-06-05 16:37:59] sourcoising /Users/xt/github/travail/R/vaq.r
INFO [2026-06-05 16:37:59] Tracked files not found, check your paths.
SUCCESS [2026-06-05 16:37:59] R/vaq.r cache valid (9.09M)
INFO [2026-06-05 16:37:59] sourcoising /Users/xt/github/travail/R/vaq.r
INFO [2026-06-05 16:37:59] Tracked files not found, check your paths.
SUCCESS [2026-06-05 16:37:59] R/vaq.r cache valid (9.09M)
SUCCESS [2026-06-05 16:37:59] R/households.r (forced) in 1.26 sec. (81.9K)
INFO [2026-06-05 16:37:59] sourcoising /Users/xt/github/travail/R/oecd.r
SUCCESS [2026-06-05 16:38:00] R/oecd.r cache valid (136K)
INFO [2026-06-05 16:38:00] sourcoising /Users/xt/github/travail/R/psali.r
INFO [2026-06-05 16:38:00] sourcoising /Users/xt/github/travail/R/snf_international.r
INFO [2026-06-05 16:38:00] Tracked files not found, check your paths.
SUCCESS [2026-06-05 16:38:00] R/snf_international.r cache valid (23.2K)
INFO [2026-06-05 16:38:00] sourcoising /Users/xt/github/travail/R/salaires.r
INFO [2026-06-05 16:38:00] sourcoising /Users/xt/github/travail/R/nace.r
INFO [2026-06-05 16:38:00] Tracked files not found, check your paths.
SUCCESS [2026-06-05 16:38:00] R/nace.r cache valid (10.3K)
INFO [2026-06-05 16:38:00] sourcoising /Users/xt/github/travail/R/nace.r
INFO [2026-06-05 16:38:00] Tracked files not found, check your paths.
SUCCESS [2026-06-05 16:38:00] R/nace.r cache valid (10.3K)
SUCCESS [2026-06-05 16:38:13] R/salaires.r (forced) in 12.97 sec. (159K)
INFO [2026-06-05 16:38:13] sourcoising /Users/xt/github/travail/R/snf_ratio.r
INFO [2026-06-05 16:38:13] sourcoising /Users/xt/github/travail/R/nace.r
INFO [2026-06-05 16:38:13] Tracked files not found, check your paths.
SUCCESS [2026-06-05 16:38:14] R/nace.r cache valid (10.3K)
INFO [2026-06-05 16:38:14] sourcoising /Users/xt/github/travail/R/nace.r
INFO [2026-06-05 16:38:14] Tracked files not found, check your paths.
SUCCESS [2026-06-05 16:38:14] R/nace.r cache valid (10.3K)
INFO [2026-06-05 16:38:14] sourcoising /Users/xt/github/travail/R/nace.r
INFO [2026-06-05 16:38:14] Tracked files not found, check your paths.
SUCCESS [2026-06-05 16:38:14] R/nace.r cache valid (10.3K)
INFO [2026-06-05 16:38:14] sourcoising /Users/xt/github/travail/R/naq10_e.r
INFO [2026-06-05 16:38:14] Tracked files not found, check your paths.
SUCCESS [2026-06-05 16:38:14] R/naq10_e.r cache valid (3.19M)
SUCCESS [2026-06-05 16:38:20] R/snf_ratio.r (forced) in 6.64 sec. (217K)
INFO [2026-06-05 16:44:24] Refreshing 16 source files
INFO [2026-06-05 16:44:25] Initializing with init_fn()
INFO [2026-06-05 16:44:25] sourcoising /Users/xt/github/travail/R/nace.r
SUCCESS [2026-06-05 16:44:27] R/nace.r (forced) in 1.53 sec. (10.3K)
INFO [2026-06-05 16:44:27] sourcoising /Users/xt/github/travail/R/vaq.r
INFO [2026-06-05 16:44:27] sourcoising /Users/xt/github/travail/R/nace.r
INFO [2026-06-05 16:44:27] Tracked files not found, check your paths.
SUCCESS [2026-06-05 16:44:27] R/nace.r cache valid (10.3K)
INFO [2026-06-05 16:44:27] sourcoising /Users/xt/github/travail/R/nace.r
INFO [2026-06-05 16:44:27] Tracked files not found, check your paths.
SUCCESS [2026-06-05 16:44:27] R/nace.r cache valid (10.3K)
INFO [2026-06-05 16:44:27] sourcoising /Users/xt/github/travail/R/naq10_e.r
INFO [2026-06-05 16:44:27] Tracked files not found, check your paths.
INFO [2026-06-05 16:44:27] sourcoising /Users/xt/github/travail/R/nace.r
INFO [2026-06-05 16:44:27] Tracked files not found, check your paths.
SUCCESS [2026-06-05 16:44:27] R/nace.r cache valid (10.3K)
SUCCESS [2026-06-05 16:44:32] R/naq10_e.r (forced) in 4.85 sec. (3.19M)
INFO [2026-06-05 16:44:37] sourcoising /Users/xt/github/travail/R/france-melodi.r
INFO [2026-06-05 16:44:37] Tracked files not found, check your paths.
INFO [2026-06-05 16:44:37] sourcoising /Users/xt/github/travail/R/nace.r
INFO [2026-06-05 16:44:37] Tracked files not found, check your paths.
SUCCESS [2026-06-05 16:44:37] R/nace.r cache valid (10.3K)
INFO [2026-06-05 16:44:37] sourcoising /Users/xt/github/travail/R/nace.r
INFO [2026-06-05 16:44:37] Tracked files not found, check your paths.
SUCCESS [2026-06-05 16:44:37] R/nace.r cache valid (10.3K)
SUCCESS [2026-06-05 16:44:58] R/france-melodi.r (forced) in 21.12 sec. (214K)
INFO [2026-06-05 16:44:58] sourcoising /Users/xt/github/travail/R/mixte.r
INFO [2026-06-05 16:44:58] Tracked files not found, check your paths.
SUCCESS [2026-06-05 16:44:58] R/mixte.r cache valid (2.09M)
INFO [2026-06-05 16:44:58] sourcoising /Users/xt/github/travail/R/mixte.r
INFO [2026-06-05 16:44:58] Tracked files not found, check your paths.
SUCCESS [2026-06-05 16:44:58] R/mixte.r cache valid (2.09M)
INFO [2026-06-05 16:45:00] sourcoising /Users/xt/github/travail/R/mixte.r
INFO [2026-06-05 16:45:00] Tracked files not found, check your paths.
SUCCESS [2026-06-05 16:45:00] R/mixte.r cache valid (2.09M)
INFO [2026-06-05 16:45:01] sourcoising /Users/xt/github/travail/R/assets.r
INFO [2026-06-05 16:45:01] Tracked files not found, check your paths.
INFO [2026-06-05 16:45:01] sourcoising /Users/xt/github/travail/R/nace.r
INFO [2026-06-05 16:45:01] Tracked files not found, check your paths.
SUCCESS [2026-06-05 16:45:01] R/nace.r cache valid (10.3K)
INFO [2026-06-05 16:45:01] sourcoising /Users/xt/github/travail/R/nace.r
INFO [2026-06-05 16:45:01] Tracked files not found, check your paths.
SUCCESS [2026-06-05 16:45:01] R/nace.r cache valid (10.3K)
SUCCESS [2026-06-05 16:45:03] R/assets.r (forced) in 1.69 sec. (795K)
SUCCESS [2026-06-05 16:45:03] R/vaq.r (forced) in 36.32 sec. (9.17M)
INFO [2026-06-05 16:45:03] sourcoising /Users/xt/github/travail/R/naq10_e.r
INFO [2026-06-05 16:45:03] sourcoising /Users/xt/github/travail/R/nace.r
INFO [2026-06-05 16:45:03] Tracked files not found, check your paths.
SUCCESS [2026-06-05 16:45:03] R/nace.r cache valid (10.3K)
SUCCESS [2026-06-05 16:45:06] R/naq10_e.r (forced) in 2.34 sec. (3.19M)
INFO [2026-06-05 16:45:06] sourcoising /Users/xt/github/travail/R/france-melodi.r
INFO [2026-06-05 16:45:06] sourcoising /Users/xt/github/travail/R/nace.r
INFO [2026-06-05 16:45:06] Tracked files not found, check your paths.
SUCCESS [2026-06-05 16:45:06] R/nace.r cache valid (10.3K)
INFO [2026-06-05 16:45:06] sourcoising /Users/xt/github/travail/R/nace.r
INFO [2026-06-05 16:45:06] Tracked files not found, check your paths.
SUCCESS [2026-06-05 16:45:06] R/nace.r cache valid (10.3K)
SUCCESS [2026-06-05 16:45:20] R/france-melodi.r cache valid (214K)
INFO [2026-06-05 16:45:20] sourcoising /Users/xt/github/travail/R/snf_international.r
INFO [2026-06-05 16:45:20] sourcoising /Users/xt/github/travail/R/nace.r
INFO [2026-06-05 16:45:20] Tracked files not found, check your paths.
SUCCESS [2026-06-05 16:45:20] R/nace.r cache valid (10.3K)
INFO [2026-06-05 16:45:20] sourcoising /Users/xt/github/travail/R/nace.r
INFO [2026-06-05 16:45:20] Tracked files not found, check your paths.
SUCCESS [2026-06-05 16:45:20] R/nace.r cache valid (10.3K)
INFO [2026-06-05 16:45:20] sourcoising /Users/xt/github/travail/R/nace.r
INFO [2026-06-05 16:45:20] Tracked files not found, check your paths.
SUCCESS [2026-06-05 16:45:20] R/nace.r cache valid (10.3K)
SUCCESS [2026-06-05 16:45:22] R/snf_international.r (forced) in 1.84 sec. (23.2K)
INFO [2026-06-05 16:45:22] sourcoising /Users/xt/github/travail/R/annexeD.r
INFO [2026-06-05 16:45:22] sourcoising /Users/xt/github/travail/R/nace.r
INFO [2026-06-05 16:45:22] Tracked files not found, check your paths.
SUCCESS [2026-06-05 16:45:22] R/nace.r cache valid (10.3K)
INFO [2026-06-05 16:45:22] sourcoising /Users/xt/github/travail/R/mixte.r
INFO [2026-06-05 16:45:22] Tracked files not found, check your paths.
SUCCESS [2026-06-05 16:45:22] R/mixte.r cache valid (2.09M)
INFO [2026-06-05 16:45:22] sourcoising /Users/xt/github/travail/R/nace.r
INFO [2026-06-05 16:45:22] Tracked files not found, check your paths.
SUCCESS [2026-06-05 16:45:22] R/nace.r cache valid (10.3K)
INFO [2026-06-05 16:45:22] sourcoising /Users/xt/github/travail/R/vaq.r
INFO [2026-06-05 16:45:22] Tracked files not found, check your paths.
SUCCESS [2026-06-05 16:45:22] R/vaq.r cache valid (9.17M)
INFO [2026-06-05 16:45:22] sourcoising /Users/xt/github/travail/R/mixte.r
INFO [2026-06-05 16:45:22] Tracked files not found, check your paths.
SUCCESS [2026-06-05 16:45:22] R/mixte.r cache valid (2.09M)
INFO [2026-06-05 16:45:22] sourcoising /Users/xt/github/travail/R/france-melodi.r
INFO [2026-06-05 16:45:22] Tracked files not found, check your paths.
SUCCESS [2026-06-05 16:45:22] R/france-melodi.r cache valid (214K)
INFO [2026-06-05 16:45:22] sourcoising /Users/xt/github/travail/R/naq10_e.r
INFO [2026-06-05 16:45:22] Tracked files not found, check your paths.
SUCCESS [2026-06-05 16:45:22] R/naq10_e.r cache valid (3.19M)
SUCCESS [2026-06-05 16:45:23] R/annexeD.r (forced) in 0.74 sec. (645K)
INFO [2026-06-05 16:45:23] sourcoising /Users/xt/github/travail/R/assets.r
INFO [2026-06-05 16:45:23] sourcoising /Users/xt/github/travail/R/nace.r
INFO [2026-06-05 16:45:23] Tracked files not found, check your paths.
SUCCESS [2026-06-05 16:45:23] R/nace.r cache valid (10.3K)
INFO [2026-06-05 16:45:23] sourcoising /Users/xt/github/travail/R/nace.r
INFO [2026-06-05 16:45:23] Tracked files not found, check your paths.
SUCCESS [2026-06-05 16:45:23] R/nace.r cache valid (10.3K)
SUCCESS [2026-06-05 16:45:23] R/assets.r (forced) in 0.68 sec. (795K)
INFO [2026-06-05 16:45:23] sourcoising /Users/xt/github/travail/R/decomp.r
INFO [2026-06-05 16:45:23] sourcoising /Users/xt/github/travail/R/vaq.r
INFO [2026-06-05 16:45:23] Tracked files not found, check your paths.
SUCCESS [2026-06-05 16:45:23] R/vaq.r cache valid (9.17M)
INFO [2026-06-05 16:45:23] sourcoising /Users/xt/github/travail/R/nace.r
INFO [2026-06-05 16:45:23] Tracked files not found, check your paths.
SUCCESS [2026-06-05 16:45:23] R/nace.r cache valid (10.3K)
SUCCESS [2026-06-05 16:45:24] R/decomp.r (forced) in 0.1 sec. (12.2K)
INFO [2026-06-05 16:45:24] sourcoising /Users/xt/github/travail/R/earn.r
SUCCESS [2026-06-05 16:45:24] R/earn.r (forced) in 0.64 sec. (6.52K)
INFO [2026-06-05 16:45:24] sourcoising /Users/xt/github/travail/R/france CN 2014.r
SUCCESS [2026-06-05 16:45:26] R/france CN 2014.r (forced) in 2.04 sec. (45.3K)
INFO [2026-06-05 16:45:26] sourcoising /Users/xt/github/travail/R/ggvanettebrute.r
INFO [2026-06-05 16:45:27] sourcoising /Users/xt/github/travail/R/vaq.r
INFO [2026-06-05 16:45:27] Tracked files not found, check your paths.
SUCCESS [2026-06-05 16:45:27] R/vaq.r cache valid (9.17M)
SUCCESS [2026-06-05 16:45:27] R/ggvanettebrute.r (forced) in 0.84 sec. (504K)
INFO [2026-06-05 16:45:27] sourcoising /Users/xt/github/travail/R/households.r
INFO [2026-06-05 16:45:27] sourcoising /Users/xt/github/travail/R/nace.r
INFO [2026-06-05 16:45:27] Tracked files not found, check your paths.
SUCCESS [2026-06-05 16:45:27] R/nace.r cache valid (10.3K)
INFO [2026-06-05 16:45:27] sourcoising /Users/xt/github/travail/R/nace.r
INFO [2026-06-05 16:45:27] Tracked files not found, check your paths.
SUCCESS [2026-06-05 16:45:27] R/nace.r cache valid (10.3K)
INFO [2026-06-05 16:45:28] sourcoising /Users/xt/github/travail/R/vaq.r
INFO [2026-06-05 16:45:28] Tracked files not found, check your paths.
SUCCESS [2026-06-05 16:45:28] R/vaq.r cache valid (9.17M)
INFO [2026-06-05 16:45:28] sourcoising /Users/xt/github/travail/R/vaq.r
INFO [2026-06-05 16:45:28] Tracked files not found, check your paths.
SUCCESS [2026-06-05 16:45:28] R/vaq.r cache valid (9.17M)
SUCCESS [2026-06-05 16:45:28] R/households.r (forced) in 0.78 sec. (81.9K)
INFO [2026-06-05 16:45:28] sourcoising /Users/xt/github/travail/R/oecd.r
SUCCESS [2026-06-05 16:45:32] R/oecd.r (forced) in 3.31 sec. (136K)
INFO [2026-06-05 16:45:32] sourcoising /Users/xt/github/travail/R/psali.r
INFO [2026-06-05 16:45:32] sourcoising /Users/xt/github/travail/R/snf_international.r
INFO [2026-06-05 16:45:32] Tracked files not found, check your paths.
SUCCESS [2026-06-05 16:45:32] R/snf_international.r cache valid (23.2K)
INFO [2026-06-05 16:45:32] sourcoising /Users/xt/github/travail/R/salaires.r
INFO [2026-06-05 16:45:32] sourcoising /Users/xt/github/travail/R/nace.r
INFO [2026-06-05 16:45:32] Tracked files not found, check your paths.
SUCCESS [2026-06-05 16:45:32] R/nace.r cache valid (10.3K)
INFO [2026-06-05 16:45:32] sourcoising /Users/xt/github/travail/R/nace.r
INFO [2026-06-05 16:45:32] Tracked files not found, check your paths.
SUCCESS [2026-06-05 16:45:32] R/nace.r cache valid (10.3K)
SUCCESS [2026-06-05 16:45:40] R/salaires.r (forced) in 7.17 sec. (159K)
INFO [2026-06-05 16:45:40] sourcoising /Users/xt/github/travail/R/snf_ratio.r
INFO [2026-06-05 16:45:40] sourcoising /Users/xt/github/travail/R/nace.r
INFO [2026-06-05 16:45:40] Tracked files not found, check your paths.
SUCCESS [2026-06-05 16:45:40] R/nace.r cache valid (10.3K)
INFO [2026-06-05 16:45:40] sourcoising /Users/xt/github/travail/R/nace.r
INFO [2026-06-05 16:45:40] Tracked files not found, check your paths.
SUCCESS [2026-06-05 16:45:40] R/nace.r cache valid (10.3K)
INFO [2026-06-05 16:45:40] sourcoising /Users/xt/github/travail/R/nace.r
INFO [2026-06-05 16:45:40] Tracked files not found, check your paths.
SUCCESS [2026-06-05 16:45:40] R/nace.r cache valid (10.3K)
INFO [2026-06-05 16:45:40] sourcoising /Users/xt/github/travail/R/naq10_e.r
INFO [2026-06-05 16:45:40] Tracked files not found, check your paths.
SUCCESS [2026-06-05 16:45:40] R/naq10_e.r cache valid (3.19M)
SUCCESS [2026-06-05 16:45:44] R/snf_ratio.r (forced) in 4.49 sec. (217K)
