INFO [2025-12-22 22:44:40] Refreshing 16 source files
INFO [2025-12-22 22:44:40] sourcoising /Users/xt/github/travail/R/france CN 2014.r
INFO [2025-12-22 22:44:40] Tracked files not found, check your paths.
SUCCESS [2025-12-22 22:44:44] R/france CN 2014.r (forced) in 3.87 sec. (46 kB)
INFO [2025-12-22 22:44:44] sourcoising /Users/xt/github/travail/R/annexeD.r
INFO [2025-12-22 22:44:44] Tracked files not found, check your paths.
INFO [2025-12-22 22:44:44] sourcoising /Users/xt/github/travail/R/nace.r
INFO [2025-12-22 22:44:44] Tracked files not found, check your paths.
SUCCESS [2025-12-22 22:44:44] R/nace.r cache valid (11 kB)
INFO [2025-12-22 22:44:44] sourcoising /Users/xt/github/travail/R/mixte.r
INFO [2025-12-22 22:44:44] Tracked files not found, check your paths.
SUCCESS [2025-12-22 22:44:44] R/mixte.r cache valid (2 MB)
INFO [2025-12-22 22:44:44] sourcoising /Users/xt/github/travail/R/nace.r
INFO [2025-12-22 22:44:44] Tracked files not found, check your paths.
SUCCESS [2025-12-22 22:44:44] R/nace.r cache valid (11 kB)
INFO [2025-12-22 22:44:44] sourcoising /Users/xt/github/travail/R/vaq.r
INFO [2025-12-22 22:44:44] Tracked files not found, check your paths.
SUCCESS [2025-12-22 22:44:44] R/vaq.r cache valid (9 MB)
INFO [2025-12-22 22:44:44] sourcoising /Users/xt/github/travail/R/mixte.r
INFO [2025-12-22 22:44:44] Tracked files not found, check your paths.
SUCCESS [2025-12-22 22:44:44] R/mixte.r cache valid (2 MB)
INFO [2025-12-22 22:44:44] sourcoising /Users/xt/github/travail/R/france-melodi.r
INFO [2025-12-22 22:44:44] Tracked files not found, check your paths.
SUCCESS [2025-12-22 22:44:44] R/france-melodi.r cache valid (217 kB)
INFO [2025-12-22 22:44:44] sourcoising /Users/xt/github/travail/R/naq10_e.r
INFO [2025-12-22 22:44:44] Tracked files not found, check your paths.
SUCCESS [2025-12-22 22:44:44] R/naq10_e.r cache valid (3 MB)
SUCCESS [2025-12-22 22:44:45] R/annexeD.r (forced) in 0.96 sec. (658 kB)
INFO [2025-12-22 22:44:45] sourcoising /Users/xt/github/travail/R/assets.r
INFO [2025-12-22 22:44:45] Tracked files not found, check your paths.
INFO [2025-12-22 22:44:45] sourcoising /Users/xt/github/travail/R/nace.r
INFO [2025-12-22 22:44:45] Tracked files not found, check your paths.
SUCCESS [2025-12-22 22:44:45] R/nace.r cache valid (11 kB)
INFO [2025-12-22 22:44:45] sourcoising /Users/xt/github/travail/R/nace.r
INFO [2025-12-22 22:44:45] Tracked files not found, check your paths.
SUCCESS [2025-12-22 22:44:45] R/nace.r cache valid (11 kB)
SUCCESS [2025-12-22 22:44:49] R/assets.r (forced) in 3.8 sec. (807 kB)
INFO [2025-12-22 22:44:49] sourcoising /Users/xt/github/travail/R/decomp.r
INFO [2025-12-22 22:44:49] Tracked files not found, check your paths.
INFO [2025-12-22 22:44:49] sourcoising /Users/xt/github/travail/R/vaq.r
INFO [2025-12-22 22:44:49] Tracked files not found, check your paths.
SUCCESS [2025-12-22 22:44:49] R/vaq.r cache valid (9 MB)
INFO [2025-12-22 22:44:49] sourcoising /Users/xt/github/travail/R/nace.r
INFO [2025-12-22 22:44:49] Tracked files not found, check your paths.
SUCCESS [2025-12-22 22:44:49] R/nace.r cache valid (11 kB)
SUCCESS [2025-12-22 22:44:49] R/decomp.r (forced) in 0.09 sec. (12 kB)
INFO [2025-12-22 22:44:49] sourcoising /Users/xt/github/travail/R/france-melodi.r
INFO [2025-12-22 22:44:49] Tracked files not found, check your paths.
INFO [2025-12-22 22:44:49] sourcoising /Users/xt/github/travail/R/nace.r
INFO [2025-12-22 22:44:49] Tracked files not found, check your paths.
SUCCESS [2025-12-22 22:44:49] R/nace.r cache valid (11 kB)
INFO [2025-12-22 22:44:49] sourcoising /Users/xt/github/travail/R/nace.r
INFO [2025-12-22 22:44:49] Tracked files not found, check your paths.
SUCCESS [2025-12-22 22:44:49] R/nace.r cache valid (11 kB)
INFO [2025-12-22 22:44:49] sourcoising /Users/xt/github/travail/R/vaq.r
INFO [2025-12-22 22:44:49] Tracked files not found, check your paths.
SUCCESS [2025-12-22 22:44:49] R/vaq.r cache valid (9 MB)
SUCCESS [2025-12-22 22:45:13] R/france-melodi.r (forced) in 24.06 sec. (217 kB)
INFO [2025-12-22 22:45:13] sourcoising /Users/xt/github/travail/R/ggvanettebrute.r
INFO [2025-12-22 22:45:13] Tracked files not found, check your paths.
INFO [2025-12-22 22:45:14] sourcoising /Users/xt/github/travail/R/vaq.r
INFO [2025-12-22 22:45:14] Tracked files not found, check your paths.
SUCCESS [2025-12-22 22:45:14] R/vaq.r cache valid (9 MB)
SUCCESS [2025-12-22 22:45:14] R/ggvanettebrute.r (forced) in 1.15 sec. (494 kB)
INFO [2025-12-22 22:45:14] sourcoising /Users/xt/github/travail/R/households.r
INFO [2025-12-22 22:45:14] Tracked files not found, check your paths.
INFO [2025-12-22 22:45:14] sourcoising /Users/xt/github/travail/R/nace.r
INFO [2025-12-22 22:45:14] Tracked files not found, check your paths.
SUCCESS [2025-12-22 22:45:14] R/nace.r cache valid (11 kB)
INFO [2025-12-22 22:45:14] sourcoising /Users/xt/github/travail/R/nace.r
INFO [2025-12-22 22:45:14] Tracked files not found, check your paths.
SUCCESS [2025-12-22 22:45:14] R/nace.r cache valid (11 kB)
INFO [2025-12-22 22:45:15] sourcoising /Users/xt/github/travail/R/vaq.r
INFO [2025-12-22 22:45:15] Tracked files not found, check your paths.
SUCCESS [2025-12-22 22:45:15] R/vaq.r cache valid (9 MB)
INFO [2025-12-22 22:45:15] sourcoising /Users/xt/github/travail/R/vaq.r
INFO [2025-12-22 22:45:15] Tracked files not found, check your paths.
SUCCESS [2025-12-22 22:45:15] R/vaq.r cache valid (9 MB)
SUCCESS [2025-12-22 22:45:15] R/households.r (forced) in 0.81 sec. (84 kB)
INFO [2025-12-22 22:45:15] sourcoising /Users/xt/github/travail/R/mixte.r
INFO [2025-12-22 22:45:15] Tracked files not found, check your paths.
INFO [2025-12-22 22:45:15] sourcoising /Users/xt/github/travail/R/nace.r
INFO [2025-12-22 22:45:15] Tracked files not found, check your paths.
SUCCESS [2025-12-22 22:45:15] R/nace.r cache valid (11 kB)
INFO [2025-12-22 22:45:18] sourcoising /Users/xt/github/travail/R/naq10_e.r
INFO [2025-12-22 22:45:18] Tracked files not found, check your paths.
SUCCESS [2025-12-22 22:45:18] R/naq10_e.r cache valid (3 MB)
SUCCESS [2025-12-22 22:45:18] R/mixte.r (forced) in 3.06 sec. (2 MB)
INFO [2025-12-22 22:45:18] sourcoising /Users/xt/github/travail/R/nace.r
INFO [2025-12-22 22:45:18] Tracked files not found, check your paths.
SUCCESS [2025-12-22 22:45:20] R/nace.r (forced) in 1.27 sec. (11 kB)
INFO [2025-12-22 22:45:20] sourcoising /Users/xt/github/travail/R/naq10_e.r
INFO [2025-12-22 22:45:20] Tracked files not found, check your paths.
INFO [2025-12-22 22:45:20] sourcoising /Users/xt/github/travail/R/nace.r
INFO [2025-12-22 22:45:20] Tracked files not found, check your paths.
SUCCESS [2025-12-22 22:45:20] R/nace.r cache valid (11 kB)
SUCCESS [2025-12-22 22:45:26] R/naq10_e.r (forced) in 6.63 sec. (3 MB)
INFO [2025-12-22 22:45:27] sourcoising /Users/xt/github/travail/R/oecd.r
INFO [2025-12-22 22:45:27] Tracked files not found, check your paths.
SUCCESS [2025-12-22 22:45:39] R/oecd.r (forced) in 12.93 sec. (138 kB)
INFO [2025-12-22 22:45:39] sourcoising /Users/xt/github/travail/R/psali.r
INFO [2025-12-22 22:45:40] Tracked files not found, check your paths.
INFO [2025-12-22 22:45:40] sourcoising /Users/xt/github/travail/R/snf_international.r
INFO [2025-12-22 22:45:40] Tracked files not found, check your paths.
SUCCESS [2025-12-22 22:45:40] R/snf_international.r cache valid (22 kB)
SUCCESS [2025-12-22 22:45:41] R/psali.r (forced) in 0.95 sec. (1 MB)
INFO [2025-12-22 22:45:41] sourcoising /Users/xt/github/travail/R/salaires.r
INFO [2025-12-22 22:45:41] Tracked files not found, check your paths.
INFO [2025-12-22 22:45:41] sourcoising /Users/xt/github/travail/R/nace.r
INFO [2025-12-22 22:45:41] Tracked files not found, check your paths.
SUCCESS [2025-12-22 22:45:41] R/nace.r cache valid (11 kB)
INFO [2025-12-22 22:45:41] sourcoising /Users/xt/github/travail/R/nace.r
INFO [2025-12-22 22:45:41] Tracked files not found, check your paths.
SUCCESS [2025-12-22 22:45:41] R/nace.r cache valid (11 kB)
SUCCESS [2025-12-22 22:45:54] R/salaires.r (forced) in 13.56 sec. (161 kB)
INFO [2025-12-22 22:45:54] sourcoising /Users/xt/github/travail/R/snf_international.r
INFO [2025-12-22 22:45:54] Tracked files not found, check your paths.
INFO [2025-12-22 22:45:55] sourcoising /Users/xt/github/travail/R/nace.r
INFO [2025-12-22 22:45:55] Tracked files not found, check your paths.
SUCCESS [2025-12-22 22:45:55] R/nace.r cache valid (11 kB)
INFO [2025-12-22 22:45:55] sourcoising /Users/xt/github/travail/R/nace.r
INFO [2025-12-22 22:45:55] Tracked files not found, check your paths.
SUCCESS [2025-12-22 22:45:55] R/nace.r cache valid (11 kB)
INFO [2025-12-22 22:45:55] sourcoising /Users/xt/github/travail/R/nace.r
INFO [2025-12-22 22:45:55] Tracked files not found, check your paths.
SUCCESS [2025-12-22 22:45:55] R/nace.r cache valid (11 kB)
SUCCESS [2025-12-22 22:45:56] R/snf_international.r cache valid (22 kB)
ERROR [2025-12-22 22:45:56]   but R/snf_international.r failed
ERROR [2025-12-22 22:45:56] ℹ In argument: `values = first(values, unit)`.
ℹ In group 1: `direct = "PAID"`, `na_item = "B1G"`, `sector = "S11"`, `geo = "CH"`, `time
  = 1995-01-01`.
Caused by error in `head.default()`:
! invalid 'n' - must be numeric, possibly NA.
INFO [2025-12-22 22:45:56] sourcoising /Users/xt/github/travail/R/snf_ratio.r
INFO [2025-12-22 22:45:56] Tracked files not found, check your paths.
INFO [2025-12-22 22:45:56] sourcoising /Users/xt/github/travail/R/nace.r
INFO [2025-12-22 22:45:56] Tracked files not found, check your paths.
SUCCESS [2025-12-22 22:45:56] R/nace.r cache valid (11 kB)
INFO [2025-12-22 22:45:56] sourcoising /Users/xt/github/travail/R/nace.r
INFO [2025-12-22 22:45:56] Tracked files not found, check your paths.
SUCCESS [2025-12-22 22:45:56] R/nace.r cache valid (11 kB)
INFO [2025-12-22 22:45:56] sourcoising /Users/xt/github/travail/R/nace.r
INFO [2025-12-22 22:45:56] Tracked files not found, check your paths.
SUCCESS [2025-12-22 22:45:56] R/nace.r cache valid (11 kB)
INFO [2025-12-22 22:45:56] sourcoising /Users/xt/github/travail/R/naq10_e.r
INFO [2025-12-22 22:45:56] Tracked files not found, check your paths.
SUCCESS [2025-12-22 22:45:56] R/naq10_e.r cache valid (3 MB)
SUCCESS [2025-12-22 22:46:01] R/snf_ratio.r cache valid (212 kB)
ERROR [2025-12-22 22:46:01]   but R/snf_ratio.r failed
ERROR [2025-12-22 22:46:01] ℹ In argument: `values = first(values, co_nco)`.
ℹ In group 1: `sector = "S11"`, `finpos = "ASS"`, `na_item = "F511"`, `time = 1995-01-01`,
  `geo = "BE"`.
Caused by error in `head.default()`:
! invalid 'n' - must be numeric, possibly NA.
INFO [2025-12-22 22:46:01] sourcoising /Users/xt/github/travail/R/vaq.r
INFO [2025-12-22 22:46:01] Tracked files not found, check your paths.
INFO [2025-12-22 22:46:02] sourcoising /Users/xt/github/travail/R/nace.r
INFO [2025-12-22 22:46:02] Tracked files not found, check your paths.
SUCCESS [2025-12-22 22:46:02] R/nace.r cache valid (11 kB)
INFO [2025-12-22 22:46:02] sourcoising /Users/xt/github/travail/R/nace.r
INFO [2025-12-22 22:46:02] Tracked files not found, check your paths.
SUCCESS [2025-12-22 22:46:02] R/nace.r cache valid (11 kB)
INFO [2025-12-22 22:46:02] sourcoising /Users/xt/github/travail/R/naq10_e.r
INFO [2025-12-22 22:46:02] Tracked files not found, check your paths.
SUCCESS [2025-12-22 22:46:02] R/naq10_e.r cache valid (3 MB)
SUCCESS [2025-12-22 22:46:04] R/vaq.r cache valid (9 MB)
ERROR [2025-12-22 22:46:04]   but R/vaq.r failed
ERROR [2025-12-22 22:46:04] 
