INFO [2026-02-07 20:14:03] Refreshing 16 source files
INFO [2026-02-07 20:14:04] Initializing with init_fn()
INFO [2026-02-07 20:14:04] sourcoising /Users/xt/github/travail/R/nace.r
SUCCESS [2026-02-07 20:14:08] R/nace.r (forced) in 3.95 sec. (10.3K)
INFO [2026-02-07 20:14:08] sourcoising /Users/xt/github/travail/R/vaq.r
INFO [2026-02-07 20:14:09] sourcoising /Users/xt/github/travail/R/nace.r
INFO [2026-02-07 20:14:09] Tracked files not found, check your paths.
SUCCESS [2026-02-07 20:14:09] R/nace.r cache valid (10.3K)
INFO [2026-02-07 20:14:09] sourcoising /Users/xt/github/travail/R/nace.r
INFO [2026-02-07 20:14:09] Tracked files not found, check your paths.
SUCCESS [2026-02-07 20:14:09] R/nace.r cache valid (10.3K)
INFO [2026-02-07 20:14:09] sourcoising /Users/xt/github/travail/R/naq10_e.r
INFO [2026-02-07 20:14:09] Tracked files not found, check your paths.
INFO [2026-02-07 20:14:09] sourcoising /Users/xt/github/travail/R/nace.r
INFO [2026-02-07 20:14:09] Tracked files not found, check your paths.
SUCCESS [2026-02-07 20:14:09] R/nace.r cache valid (10.3K)
SUCCESS [2026-02-07 20:14:13] R/naq10_e.r (forced) in 4.54 sec. (3.17M)
INFO [2026-02-07 20:14:28] sourcoising /Users/xt/github/travail/R/france-melodi.r
INFO [2026-02-07 20:14:28] Tracked files not found, check your paths.
INFO [2026-02-07 20:14:28] sourcoising /Users/xt/github/travail/R/nace.r
INFO [2026-02-07 20:14:28] Tracked files not found, check your paths.
SUCCESS [2026-02-07 20:14:28] R/nace.r cache valid (10.3K)
INFO [2026-02-07 20:14:28] sourcoising /Users/xt/github/travail/R/nace.r
INFO [2026-02-07 20:14:28] Tracked files not found, check your paths.
SUCCESS [2026-02-07 20:14:28] R/nace.r cache valid (10.3K)
SUCCESS [2026-02-07 20:14:50] R/france-melodi.r (forced) in 22.61 sec. (212K)
INFO [2026-02-07 20:14:50] sourcoising /Users/xt/github/travail/R/mixte.r
INFO [2026-02-07 20:14:50] Tracked files not found, check your paths.
INFO [2026-02-07 20:14:50] sourcoising /Users/xt/github/travail/R/nace.r
INFO [2026-02-07 20:14:50] Tracked files not found, check your paths.
SUCCESS [2026-02-07 20:14:50] R/nace.r cache valid (10.3K)
INFO [2026-02-07 20:14:52] sourcoising /Users/xt/github/travail/R/naq10_e.r
INFO [2026-02-07 20:14:52] Tracked files not found, check your paths.
SUCCESS [2026-02-07 20:14:52] R/naq10_e.r cache valid (3.17M)
SUCCESS [2026-02-07 20:14:53] R/mixte.r (forced) in 2.66 sec. (2.1M)
INFO [2026-02-07 20:14:53] sourcoising /Users/xt/github/travail/R/mixte.r
INFO [2026-02-07 20:14:53] Tracked files not found, check your paths.
SUCCESS [2026-02-07 20:14:53] R/mixte.r cache valid (2.1M)
INFO [2026-02-07 20:14:54] sourcoising /Users/xt/github/travail/R/mixte.r
INFO [2026-02-07 20:14:54] Tracked files not found, check your paths.
SUCCESS [2026-02-07 20:14:54] R/mixte.r cache valid (2.1M)
SUCCESS [2026-02-07 20:14:57] R/vaq.r cache valid (8.98M)
INFO [2026-02-07 20:14:57] sourcoising /Users/xt/github/travail/R/naq10_e.r
INFO [2026-02-07 20:14:57] sourcoising /Users/xt/github/travail/R/nace.r
INFO [2026-02-07 20:14:57] Tracked files not found, check your paths.
SUCCESS [2026-02-07 20:14:57] R/nace.r cache valid (10.3K)
SUCCESS [2026-02-07 20:15:00] R/naq10_e.r (forced) in 2.2 sec. (3.17M)
INFO [2026-02-07 20:15:00] sourcoising /Users/xt/github/travail/R/snf_international.r
INFO [2026-02-07 20:15:00] sourcoising /Users/xt/github/travail/R/nace.r
INFO [2026-02-07 20:15:00] Tracked files not found, check your paths.
SUCCESS [2026-02-07 20:15:00] R/nace.r cache valid (10.3K)
INFO [2026-02-07 20:15:00] sourcoising /Users/xt/github/travail/R/nace.r
INFO [2026-02-07 20:15:00] Tracked files not found, check your paths.
SUCCESS [2026-02-07 20:15:00] R/nace.r cache valid (10.3K)
INFO [2026-02-07 20:15:00] sourcoising /Users/xt/github/travail/R/nace.r
INFO [2026-02-07 20:15:00] Tracked files not found, check your paths.
SUCCESS [2026-02-07 20:15:00] R/nace.r cache valid (10.3K)
SUCCESS [2026-02-07 20:15:02] R/snf_international.r (forced) in 2.58 sec. (21.4K)
INFO [2026-02-07 20:15:02] sourcoising /Users/xt/github/travail/R/annexed.r
INFO [2026-02-07 20:15:02] sourcoising /Users/xt/github/travail/R/nace.r
INFO [2026-02-07 20:15:02] Tracked files not found, check your paths.
SUCCESS [2026-02-07 20:15:03] R/nace.r cache valid (10.3K)
INFO [2026-02-07 20:15:03] sourcoising /Users/xt/github/travail/R/mixte.r
INFO [2026-02-07 20:15:03] Tracked files not found, check your paths.
SUCCESS [2026-02-07 20:15:03] R/mixte.r cache valid (2.1M)
INFO [2026-02-07 20:15:03] sourcoising /Users/xt/github/travail/R/nace.r
INFO [2026-02-07 20:15:03] Tracked files not found, check your paths.
SUCCESS [2026-02-07 20:15:03] R/nace.r cache valid (10.3K)
INFO [2026-02-07 20:15:03] sourcoising /Users/xt/github/travail/R/vaq.r
INFO [2026-02-07 20:15:03] Tracked files not found, check your paths.
SUCCESS [2026-02-07 20:15:03] R/vaq.r cache valid (8.98M)
INFO [2026-02-07 20:15:03] sourcoising /Users/xt/github/travail/R/mixte.r
INFO [2026-02-07 20:15:03] Tracked files not found, check your paths.
SUCCESS [2026-02-07 20:15:03] R/mixte.r cache valid (2.1M)
INFO [2026-02-07 20:15:03] sourcoising /Users/xt/github/travail/R/france-melodi.r
INFO [2026-02-07 20:15:03] Tracked files not found, check your paths.
SUCCESS [2026-02-07 20:15:03] R/france-melodi.r cache valid (212K)
INFO [2026-02-07 20:15:03] sourcoising /Users/xt/github/travail/R/naq10_e.r
INFO [2026-02-07 20:15:03] Tracked files not found, check your paths.
SUCCESS [2026-02-07 20:15:03] R/naq10_e.r cache valid (3.17M)
SUCCESS [2026-02-07 20:15:03] R/annexed.r (forced) in 0.97 sec. (642K)
INFO [2026-02-07 20:15:03] sourcoising /Users/xt/github/travail/R/assets.r
INFO [2026-02-07 20:15:03] sourcoising /Users/xt/github/travail/R/nace.r
INFO [2026-02-07 20:15:03] Tracked files not found, check your paths.
SUCCESS [2026-02-07 20:15:03] R/nace.r cache valid (10.3K)
INFO [2026-02-07 20:15:03] sourcoising /Users/xt/github/travail/R/nace.r
INFO [2026-02-07 20:15:03] Tracked files not found, check your paths.
SUCCESS [2026-02-07 20:15:03] R/nace.r cache valid (10.3K)
SUCCESS [2026-02-07 20:15:05] R/assets.r (forced) in 1.45 sec. (795K)
INFO [2026-02-07 20:15:05] sourcoising /Users/xt/github/travail/R/decomp.r
INFO [2026-02-07 20:15:05] sourcoising /Users/xt/github/travail/R/vaq.r
INFO [2026-02-07 20:15:05] Tracked files not found, check your paths.
SUCCESS [2026-02-07 20:15:05] R/vaq.r cache valid (8.98M)
INFO [2026-02-07 20:15:05] sourcoising /Users/xt/github/travail/R/nace.r
INFO [2026-02-07 20:15:05] Tracked files not found, check your paths.
SUCCESS [2026-02-07 20:15:05] R/nace.r cache valid (10.3K)
SUCCESS [2026-02-07 20:15:05] R/decomp.r (forced) in 0.1 sec. (11.9K)
INFO [2026-02-07 20:15:05] sourcoising /Users/xt/github/travail/R/france cn 2014.r
SUCCESS [2026-02-07 20:15:08] R/france cn 2014.r (forced) in 2.82 sec. (45.3K)
INFO [2026-02-07 20:15:08] sourcoising /Users/xt/github/travail/R/france-melodi.r
INFO [2026-02-07 20:15:08] sourcoising /Users/xt/github/travail/R/nace.r
INFO [2026-02-07 20:15:08] Tracked files not found, check your paths.
SUCCESS [2026-02-07 20:15:08] R/nace.r cache valid (10.3K)
INFO [2026-02-07 20:15:08] sourcoising /Users/xt/github/travail/R/nace.r
INFO [2026-02-07 20:15:08] Tracked files not found, check your paths.
SUCCESS [2026-02-07 20:15:08] R/nace.r cache valid (10.3K)
SUCCESS [2026-02-07 20:15:17] R/france-melodi.r cache valid (212K)
INFO [2026-02-07 20:15:17] sourcoising /Users/xt/github/travail/R/ggvanettebrute.r
INFO [2026-02-07 20:15:18] sourcoising /Users/xt/github/travail/R/vaq.r
INFO [2026-02-07 20:15:18] Tracked files not found, check your paths.
SUCCESS [2026-02-07 20:15:18] R/vaq.r cache valid (8.98M)
SUCCESS [2026-02-07 20:15:18] R/ggvanettebrute.r (forced) in 0.93 sec. (488K)
INFO [2026-02-07 20:15:18] sourcoising /Users/xt/github/travail/R/households.r
INFO [2026-02-07 20:15:18] sourcoising /Users/xt/github/travail/R/nace.r
INFO [2026-02-07 20:15:19] Tracked files not found, check your paths.
SUCCESS [2026-02-07 20:15:19] R/nace.r cache valid (10.3K)
INFO [2026-02-07 20:15:19] sourcoising /Users/xt/github/travail/R/nace.r
INFO [2026-02-07 20:15:19] Tracked files not found, check your paths.
SUCCESS [2026-02-07 20:15:19] R/nace.r cache valid (10.3K)
INFO [2026-02-07 20:15:19] sourcoising /Users/xt/github/travail/R/vaq.r
INFO [2026-02-07 20:15:19] Tracked files not found, check your paths.
SUCCESS [2026-02-07 20:15:19] R/vaq.r cache valid (8.98M)
INFO [2026-02-07 20:15:19] sourcoising /Users/xt/github/travail/R/vaq.r
INFO [2026-02-07 20:15:19] Tracked files not found, check your paths.
SUCCESS [2026-02-07 20:15:19] R/vaq.r cache valid (8.98M)
SUCCESS [2026-02-07 20:15:19] R/households.r (forced) in 0.79 sec. (81.8K)
INFO [2026-02-07 20:15:19] sourcoising /Users/xt/github/travail/R/mixte.r
INFO [2026-02-07 20:15:19] sourcoising /Users/xt/github/travail/R/nace.r
INFO [2026-02-07 20:15:19] Tracked files not found, check your paths.
SUCCESS [2026-02-07 20:15:19] R/nace.r cache valid (10.3K)
INFO [2026-02-07 20:15:20] sourcoising /Users/xt/github/travail/R/naq10_e.r
INFO [2026-02-07 20:15:20] Tracked files not found, check your paths.
SUCCESS [2026-02-07 20:15:20] R/naq10_e.r cache valid (3.17M)
SUCCESS [2026-02-07 20:15:20] R/mixte.r (forced) in 0.78 sec. (2.1M)
INFO [2026-02-07 20:15:20] sourcoising /Users/xt/github/travail/R/oecd.r
SUCCESS [2026-02-07 20:15:35] R/oecd.r (forced) in 14.58 sec. (135K)
INFO [2026-02-07 20:15:35] sourcoising /Users/xt/github/travail/R/psali.r
INFO [2026-02-07 20:15:35] sourcoising /Users/xt/github/travail/R/snf_international.r
INFO [2026-02-07 20:15:35] Tracked files not found, check your paths.
SUCCESS [2026-02-07 20:15:36] R/snf_international.r cache valid (21.4K)
INFO [2026-02-07 20:15:36] sourcoising /Users/xt/github/travail/R/salaires.r
INFO [2026-02-07 20:15:36] sourcoising /Users/xt/github/travail/R/nace.r
INFO [2026-02-07 20:15:36] Tracked files not found, check your paths.
SUCCESS [2026-02-07 20:15:36] R/nace.r cache valid (10.3K)
INFO [2026-02-07 20:15:36] sourcoising /Users/xt/github/travail/R/nace.r
INFO [2026-02-07 20:15:36] Tracked files not found, check your paths.
SUCCESS [2026-02-07 20:15:36] R/nace.r cache valid (10.3K)
SUCCESS [2026-02-07 20:15:43] R/salaires.r (forced) in 7.15 sec. (157K)
INFO [2026-02-07 20:15:43] sourcoising /Users/xt/github/travail/R/snf_ratio.r
INFO [2026-02-07 20:15:43] sourcoising /Users/xt/github/travail/R/nace.r
INFO [2026-02-07 20:15:43] Tracked files not found, check your paths.
SUCCESS [2026-02-07 20:15:43] R/nace.r cache valid (10.3K)
INFO [2026-02-07 20:15:43] sourcoising /Users/xt/github/travail/R/nace.r
INFO [2026-02-07 20:15:43] Tracked files not found, check your paths.
SUCCESS [2026-02-07 20:15:43] R/nace.r cache valid (10.3K)
INFO [2026-02-07 20:15:43] sourcoising /Users/xt/github/travail/R/nace.r
INFO [2026-02-07 20:15:43] Tracked files not found, check your paths.
SUCCESS [2026-02-07 20:15:43] R/nace.r cache valid (10.3K)
INFO [2026-02-07 20:15:43] sourcoising /Users/xt/github/travail/R/naq10_e.r
INFO [2026-02-07 20:15:43] Tracked files not found, check your paths.
SUCCESS [2026-02-07 20:15:43] R/naq10_e.r cache valid (3.17M)
SUCCESS [2026-02-07 20:15:48] R/snf_ratio.r (forced) in 5.14 sec. (208K)
