INFO [2026-05-06 09:06:47] Refreshing 17 source files
INFO [2026-05-06 09:06:47] sourcoising /Users/xt/github/travail/R/nace.r
SUCCESS [2026-05-06 09:06:51] R/nace.r (forced) in 4.03 sec. (10.3K)
INFO [2026-05-06 09:06:51] sourcoising /Users/xt/github/travail/R/mixte.r
INFO [2026-05-06 09:06:52] sourcoising /Users/xt/github/travail/R/nace.r
INFO [2026-05-06 09:06:52] Tracked files not found, check your paths.
SUCCESS [2026-05-06 09:06:52] R/nace.r cache valid (10.3K)
INFO [2026-05-06 09:06:56] sourcoising /Users/xt/github/travail/R/naq10_e.r
INFO [2026-05-06 09:06:56] Tracked files not found, check your paths.
INFO [2026-05-06 09:06:56] sourcoising /Users/xt/github/travail/R/nace.r
INFO [2026-05-06 09:06:56] Tracked files not found, check your paths.
SUCCESS [2026-05-06 09:06:56] R/nace.r cache valid (10.3K)
SUCCESS [2026-05-06 09:07:07] R/naq10_e.r (forced) in 10.6 sec. (3.18M)
SUCCESS [2026-05-06 09:07:09] R/mixte.r (forced) in 17.68 sec. (2.1M)
INFO [2026-05-06 09:07:09] sourcoising /Users/xt/github/travail/R/naq10_e.r
INFO [2026-05-06 09:07:09] sourcoising /Users/xt/github/travail/R/nace.r
INFO [2026-05-06 09:07:09] Tracked files not found, check your paths.
SUCCESS [2026-05-06 09:07:09] R/nace.r cache valid (10.3K)
SUCCESS [2026-05-06 09:07:12] R/naq10_e.r (forced) in 2.69 sec. (3.18M)
INFO [2026-05-06 09:07:12] sourcoising /Users/xt/github/travail/R/vaq.r
INFO [2026-05-06 09:07:13] sourcoising /Users/xt/github/travail/R/nace.r
INFO [2026-05-06 09:07:13] Tracked files not found, check your paths.
SUCCESS [2026-05-06 09:07:13] R/nace.r cache valid (10.3K)
INFO [2026-05-06 09:07:13] sourcoising /Users/xt/github/travail/R/nace.r
INFO [2026-05-06 09:07:13] Tracked files not found, check your paths.
SUCCESS [2026-05-06 09:07:13] R/nace.r cache valid (10.3K)
INFO [2026-05-06 09:07:13] sourcoising /Users/xt/github/travail/R/naq10_e.r
INFO [2026-05-06 09:07:13] Tracked files not found, check your paths.
SUCCESS [2026-05-06 09:07:13] R/naq10_e.r cache valid (3.18M)
SUCCESS [2026-05-06 09:07:22] R/vaq.r cache valid (9.08M)
INFO [2026-05-06 09:07:22] sourcoising /Users/xt/github/travail/R/assets.r
INFO [2026-05-06 09:07:22] sourcoising /Users/xt/github/travail/R/nace.r
INFO [2026-05-06 09:07:22] Tracked files not found, check your paths.
SUCCESS [2026-05-06 09:07:22] R/nace.r cache valid (10.3K)
INFO [2026-05-06 09:07:22] sourcoising /Users/xt/github/travail/R/nace.r
INFO [2026-05-06 09:07:22] Tracked files not found, check your paths.
SUCCESS [2026-05-06 09:07:22] R/nace.r cache valid (10.3K)
SUCCESS [2026-05-06 09:07:28] R/assets.r (forced) in 5.33 sec. (795K)
INFO [2026-05-06 09:07:28] sourcoising /Users/xt/github/travail/R/france-melodi.r
INFO [2026-05-06 09:07:28] sourcoising /Users/xt/github/travail/R/nace.r
INFO [2026-05-06 09:07:28] Tracked files not found, check your paths.
SUCCESS [2026-05-06 09:07:28] R/nace.r cache valid (10.3K)
INFO [2026-05-06 09:07:28] sourcoising /Users/xt/github/travail/R/nace.r
INFO [2026-05-06 09:07:28] Tracked files not found, check your paths.
SUCCESS [2026-05-06 09:07:28] R/nace.r cache valid (10.3K)
SUCCESS [2026-05-06 09:08:34] R/france-melodi.r (forced) in 65.95 sec. (212K)
INFO [2026-05-06 09:08:34] sourcoising /Users/xt/github/travail/R/snf_international.r
INFO [2026-05-06 09:08:34] sourcoising /Users/xt/github/travail/R/nace.r
INFO [2026-05-06 09:08:34] Tracked files not found, check your paths.
SUCCESS [2026-05-06 09:08:34] R/nace.r cache valid (10.3K)
INFO [2026-05-06 09:08:34] sourcoising /Users/xt/github/travail/R/nace.r
INFO [2026-05-06 09:08:34] Tracked files not found, check your paths.
SUCCESS [2026-05-06 09:08:34] R/nace.r cache valid (10.3K)
INFO [2026-05-06 09:08:34] sourcoising /Users/xt/github/travail/R/nace.r
INFO [2026-05-06 09:08:34] Tracked files not found, check your paths.
SUCCESS [2026-05-06 09:08:34] R/nace.r cache valid (10.3K)
SUCCESS [2026-05-06 09:08:39] R/snf_international.r (forced) in 5.07 sec. (23.1K)
INFO [2026-05-06 09:08:39] sourcoising /Users/xt/github/travail/R/annexeD.r
INFO [2026-05-06 09:08:39] sourcoising /Users/xt/github/travail/R/nace.r
INFO [2026-05-06 09:08:39] Tracked files not found, check your paths.
SUCCESS [2026-05-06 09:08:39] R/nace.r cache valid (10.3K)
INFO [2026-05-06 09:08:39] sourcoising /Users/xt/github/travail/R/mixte.r
INFO [2026-05-06 09:08:39] Tracked files not found, check your paths.
SUCCESS [2026-05-06 09:08:39] R/mixte.r cache valid (2.1M)
INFO [2026-05-06 09:08:39] sourcoising /Users/xt/github/travail/R/nace.r
INFO [2026-05-06 09:08:39] Tracked files not found, check your paths.
SUCCESS [2026-05-06 09:08:39] R/nace.r cache valid (10.3K)
INFO [2026-05-06 09:08:39] sourcoising /Users/xt/github/travail/R/vaq.r
INFO [2026-05-06 09:08:39] Tracked files not found, check your paths.
SUCCESS [2026-05-06 09:08:39] R/vaq.r cache valid (9.08M)
INFO [2026-05-06 09:08:39] sourcoising /Users/xt/github/travail/R/mixte.r
INFO [2026-05-06 09:08:39] Tracked files not found, check your paths.
SUCCESS [2026-05-06 09:08:39] R/mixte.r cache valid (2.1M)
INFO [2026-05-06 09:08:39] sourcoising /Users/xt/github/travail/R/france-melodi.r
INFO [2026-05-06 09:08:39] Tracked files not found, check your paths.
SUCCESS [2026-05-06 09:08:39] R/france-melodi.r cache valid (212K)
INFO [2026-05-06 09:08:39] sourcoising /Users/xt/github/travail/R/naq10_e.r
INFO [2026-05-06 09:08:39] Tracked files not found, check your paths.
SUCCESS [2026-05-06 09:08:39] R/naq10_e.r cache valid (3.18M)
SUCCESS [2026-05-06 09:08:40] R/annexeD.r (forced) in 0.8 sec. (644K)
INFO [2026-05-06 09:08:40] sourcoising /Users/xt/github/travail/R/decomp.r
INFO [2026-05-06 09:08:40] sourcoising /Users/xt/github/travail/R/vaq.r
INFO [2026-05-06 09:08:40] Tracked files not found, check your paths.
SUCCESS [2026-05-06 09:08:40] R/vaq.r cache valid (9.08M)
INFO [2026-05-06 09:08:40] sourcoising /Users/xt/github/travail/R/nace.r
INFO [2026-05-06 09:08:40] Tracked files not found, check your paths.
SUCCESS [2026-05-06 09:08:40] R/nace.r cache valid (10.3K)
SUCCESS [2026-05-06 09:08:40] R/decomp.r (forced) in 0.08 sec. (11.9K)
INFO [2026-05-06 09:08:40] sourcoising /Users/xt/github/travail/R/earn.r
SUCCESS [2026-05-06 09:08:41] R/earn.r (forced) in 1.35 sec. (6.52K)
INFO [2026-05-06 09:08:41] sourcoising /Users/xt/github/travail/R/france CN 2014.r
SUCCESS [2026-05-06 09:10:54] R/france CN 2014.r (forced) in 132.86 sec. (45.3K)
INFO [2026-05-06 09:10:54] sourcoising /Users/xt/github/travail/R/ggvanettebrute.r
INFO [2026-05-06 09:10:55] sourcoising /Users/xt/github/travail/R/vaq.r
INFO [2026-05-06 09:10:55] Tracked files not found, check your paths.
SUCCESS [2026-05-06 09:10:55] R/vaq.r cache valid (9.08M)
SUCCESS [2026-05-06 09:10:55] R/ggvanettebrute.r (forced) in 1.09 sec. (488K)
INFO [2026-05-06 09:10:55] sourcoising /Users/xt/github/travail/R/households.r
INFO [2026-05-06 09:10:55] sourcoising /Users/xt/github/travail/R/nace.r
INFO [2026-05-06 09:10:55] Tracked files not found, check your paths.
SUCCESS [2026-05-06 09:10:55] R/nace.r cache valid (10.3K)
INFO [2026-05-06 09:10:55] sourcoising /Users/xt/github/travail/R/nace.r
INFO [2026-05-06 09:10:55] Tracked files not found, check your paths.
SUCCESS [2026-05-06 09:10:55] R/nace.r cache valid (10.3K)
INFO [2026-05-06 09:10:56] sourcoising /Users/xt/github/travail/R/vaq.r
INFO [2026-05-06 09:10:56] Tracked files not found, check your paths.
SUCCESS [2026-05-06 09:10:56] R/vaq.r cache valid (9.08M)
INFO [2026-05-06 09:10:56] sourcoising /Users/xt/github/travail/R/vaq.r
INFO [2026-05-06 09:10:56] Tracked files not found, check your paths.
SUCCESS [2026-05-06 09:10:56] R/vaq.r cache valid (9.08M)
SUCCESS [2026-05-06 09:10:56] R/households.r (forced) in 1.04 sec. (81.9K)
INFO [2026-05-06 09:10:57] sourcoising /Users/xt/github/travail/R/oecd.r
SUCCESS [2026-05-06 09:10:57] R/oecd.r cache valid (136K)
INFO [2026-05-06 09:10:57] sourcoising /Users/xt/github/travail/R/psali.r
INFO [2026-05-06 09:10:58] sourcoising /Users/xt/github/travail/R/snf_international.r
INFO [2026-05-06 09:10:58] Tracked files not found, check your paths.
SUCCESS [2026-05-06 09:10:58] R/snf_international.r cache valid (23.1K)
INFO [2026-05-06 09:10:58] sourcoising /Users/xt/github/travail/R/salaires.r
INFO [2026-05-06 09:10:58] sourcoising /Users/xt/github/travail/R/nace.r
INFO [2026-05-06 09:10:58] Tracked files not found, check your paths.
SUCCESS [2026-05-06 09:10:58] R/nace.r cache valid (10.3K)
INFO [2026-05-06 09:10:58] sourcoising /Users/xt/github/travail/R/nace.r
INFO [2026-05-06 09:10:58] Tracked files not found, check your paths.
SUCCESS [2026-05-06 09:10:58] R/nace.r cache valid (10.3K)
SUCCESS [2026-05-06 09:11:19] R/salaires.r (forced) in 20.21 sec. (158K)
INFO [2026-05-06 09:11:19] sourcoising /Users/xt/github/travail/R/snf_ratio.r
INFO [2026-05-06 09:11:19] sourcoising /Users/xt/github/travail/R/nace.r
INFO [2026-05-06 09:11:19] Tracked files not found, check your paths.
SUCCESS [2026-05-06 09:11:19] R/nace.r cache valid (10.3K)
INFO [2026-05-06 09:11:19] sourcoising /Users/xt/github/travail/R/nace.r
INFO [2026-05-06 09:11:19] Tracked files not found, check your paths.
SUCCESS [2026-05-06 09:11:19] R/nace.r cache valid (10.3K)
INFO [2026-05-06 09:11:19] sourcoising /Users/xt/github/travail/R/nace.r
INFO [2026-05-06 09:11:19] Tracked files not found, check your paths.
SUCCESS [2026-05-06 09:11:19] R/nace.r cache valid (10.3K)
INFO [2026-05-06 09:11:19] sourcoising /Users/xt/github/travail/R/naq10_e.r
INFO [2026-05-06 09:11:19] Tracked files not found, check your paths.
SUCCESS [2026-05-06 09:11:19] R/naq10_e.r cache valid (3.18M)
SUCCESS [2026-05-06 09:11:29] R/snf_ratio.r (forced) in 10.88 sec. (217K)
INFO [2026-05-06 09:13:52] Refreshing 17 source files
INFO [2026-05-06 09:13:53] Initializing with init_fn()
INFO [2026-05-06 09:13:53] sourcoising /Users/xt/github/travail/R/nace.r
SUCCESS [2026-05-06 09:13:54] R/nace.r (forced) in 0.83 sec. (10.3K)
INFO [2026-05-06 09:13:54] sourcoising /Users/xt/github/travail/R/vaq.r
INFO [2026-05-06 09:13:54] sourcoising /Users/xt/github/travail/R/nace.r
INFO [2026-05-06 09:13:54] Tracked files not found, check your paths.
SUCCESS [2026-05-06 09:13:54] R/nace.r cache valid (10.3K)
INFO [2026-05-06 09:13:54] sourcoising /Users/xt/github/travail/R/nace.r
INFO [2026-05-06 09:13:54] Tracked files not found, check your paths.
SUCCESS [2026-05-06 09:13:54] R/nace.r cache valid (10.3K)
INFO [2026-05-06 09:13:54] sourcoising /Users/xt/github/travail/R/naq10_e.r
INFO [2026-05-06 09:13:54] Tracked files not found, check your paths.
INFO [2026-05-06 09:13:54] sourcoising /Users/xt/github/travail/R/nace.r
INFO [2026-05-06 09:13:54] Tracked files not found, check your paths.
SUCCESS [2026-05-06 09:13:54] R/nace.r cache valid (10.3K)
SUCCESS [2026-05-06 09:13:57] R/naq10_e.r (forced) in 2.64 sec. (3.18M)
INFO [2026-05-06 09:14:02] sourcoising /Users/xt/github/travail/R/france-melodi.r
INFO [2026-05-06 09:14:02] Tracked files not found, check your paths.
INFO [2026-05-06 09:14:02] sourcoising /Users/xt/github/travail/R/nace.r
INFO [2026-05-06 09:14:02] Tracked files not found, check your paths.
SUCCESS [2026-05-06 09:14:02] R/nace.r cache valid (10.3K)
INFO [2026-05-06 09:14:03] sourcoising /Users/xt/github/travail/R/nace.r
INFO [2026-05-06 09:14:03] Tracked files not found, check your paths.
SUCCESS [2026-05-06 09:14:03] R/nace.r cache valid (10.3K)
SUCCESS [2026-05-06 09:15:07] R/france-melodi.r (forced) in 64.57 sec. (212K)
INFO [2026-05-06 09:15:07] sourcoising /Users/xt/github/travail/R/mixte.r
INFO [2026-05-06 09:15:07] Tracked files not found, check your paths.
INFO [2026-05-06 09:15:07] sourcoising /Users/xt/github/travail/R/nace.r
INFO [2026-05-06 09:15:07] Tracked files not found, check your paths.
SUCCESS [2026-05-06 09:15:07] R/nace.r cache valid (10.3K)
INFO [2026-05-06 09:15:09] sourcoising /Users/xt/github/travail/R/naq10_e.r
INFO [2026-05-06 09:15:09] Tracked files not found, check your paths.
SUCCESS [2026-05-06 09:15:09] R/naq10_e.r cache valid (3.18M)
SUCCESS [2026-05-06 09:15:10] R/mixte.r (forced) in 2.83 sec. (2.1M)
INFO [2026-05-06 09:15:10] sourcoising /Users/xt/github/travail/R/mixte.r
INFO [2026-05-06 09:15:10] Tracked files not found, check your paths.
SUCCESS [2026-05-06 09:15:10] R/mixte.r cache valid (2.1M)
INFO [2026-05-06 09:15:11] sourcoising /Users/xt/github/travail/R/mixte.r
INFO [2026-05-06 09:15:11] Tracked files not found, check your paths.
SUCCESS [2026-05-06 09:15:11] R/mixte.r cache valid (2.1M)
INFO [2026-05-06 09:15:14] sourcoising /Users/xt/github/travail/R/assets.r
INFO [2026-05-06 09:15:14] Tracked files not found, check your paths.
INFO [2026-05-06 09:15:14] sourcoising /Users/xt/github/travail/R/nace.r
INFO [2026-05-06 09:15:14] Tracked files not found, check your paths.
SUCCESS [2026-05-06 09:15:14] R/nace.r cache valid (10.3K)
INFO [2026-05-06 09:15:14] sourcoising /Users/xt/github/travail/R/nace.r
INFO [2026-05-06 09:15:14] Tracked files not found, check your paths.
SUCCESS [2026-05-06 09:15:14] R/nace.r cache valid (10.3K)
SUCCESS [2026-05-06 09:15:15] R/assets.r (forced) in 1.18 sec. (795K)
SUCCESS [2026-05-06 09:15:15] R/vaq.r (forced) in 81.34 sec. (9.09M)
INFO [2026-05-06 09:15:15] sourcoising /Users/xt/github/travail/R/naq10_e.r
INFO [2026-05-06 09:15:15] sourcoising /Users/xt/github/travail/R/nace.r
INFO [2026-05-06 09:15:15] Tracked files not found, check your paths.
SUCCESS [2026-05-06 09:15:15] R/nace.r cache valid (10.3K)
SUCCESS [2026-05-06 09:15:18] R/naq10_e.r (forced) in 2.7 sec. (3.18M)
INFO [2026-05-06 09:15:18] sourcoising /Users/xt/github/travail/R/mixte.r
INFO [2026-05-06 09:15:18] sourcoising /Users/xt/github/travail/R/nace.r
INFO [2026-05-06 09:15:18] Tracked files not found, check your paths.
SUCCESS [2026-05-06 09:15:18] R/nace.r cache valid (10.3K)
INFO [2026-05-06 09:15:19] sourcoising /Users/xt/github/travail/R/naq10_e.r
INFO [2026-05-06 09:15:19] Tracked files not found, check your paths.
SUCCESS [2026-05-06 09:15:19] R/naq10_e.r cache valid (3.18M)
SUCCESS [2026-05-06 09:15:19] R/mixte.r (forced) in 1.53 sec. (2.1M)
INFO [2026-05-06 09:15:19] sourcoising /Users/xt/github/travail/R/france-melodi.r
INFO [2026-05-06 09:15:20] sourcoising /Users/xt/github/travail/R/nace.r
INFO [2026-05-06 09:15:20] Tracked files not found, check your paths.
SUCCESS [2026-05-06 09:15:20] R/nace.r cache valid (10.3K)
INFO [2026-05-06 09:15:20] sourcoising /Users/xt/github/travail/R/nace.r
INFO [2026-05-06 09:15:20] Tracked files not found, check your paths.
SUCCESS [2026-05-06 09:15:20] R/nace.r cache valid (10.3K)
SUCCESS [2026-05-06 09:16:24] R/france-melodi.r (forced) in 64.46 sec. (212K)
INFO [2026-05-06 09:16:24] sourcoising /Users/xt/github/travail/R/snf_international.r
INFO [2026-05-06 09:16:24] sourcoising /Users/xt/github/travail/R/nace.r
INFO [2026-05-06 09:16:24] Tracked files not found, check your paths.
SUCCESS [2026-05-06 09:16:24] R/nace.r cache valid (10.3K)
INFO [2026-05-06 09:16:24] sourcoising /Users/xt/github/travail/R/nace.r
INFO [2026-05-06 09:16:24] Tracked files not found, check your paths.
SUCCESS [2026-05-06 09:16:24] R/nace.r cache valid (10.3K)
INFO [2026-05-06 09:16:24] sourcoising /Users/xt/github/travail/R/nace.r
INFO [2026-05-06 09:16:24] Tracked files not found, check your paths.
SUCCESS [2026-05-06 09:16:24] R/nace.r cache valid (10.3K)
SUCCESS [2026-05-06 09:16:25] R/snf_international.r (forced) in 1.19 sec. (23.2K)
INFO [2026-05-06 09:16:25] sourcoising /Users/xt/github/travail/R/annexeD.r
INFO [2026-05-06 09:16:25] sourcoising /Users/xt/github/travail/R/nace.r
INFO [2026-05-06 09:16:25] Tracked files not found, check your paths.
SUCCESS [2026-05-06 09:16:25] R/nace.r cache valid (10.3K)
INFO [2026-05-06 09:16:25] sourcoising /Users/xt/github/travail/R/mixte.r
INFO [2026-05-06 09:16:25] Tracked files not found, check your paths.
SUCCESS [2026-05-06 09:16:25] R/mixte.r cache valid (2.1M)
INFO [2026-05-06 09:16:25] sourcoising /Users/xt/github/travail/R/nace.r
INFO [2026-05-06 09:16:25] Tracked files not found, check your paths.
SUCCESS [2026-05-06 09:16:25] R/nace.r cache valid (10.3K)
INFO [2026-05-06 09:16:25] sourcoising /Users/xt/github/travail/R/vaq.r
INFO [2026-05-06 09:16:25] Tracked files not found, check your paths.
SUCCESS [2026-05-06 09:16:25] R/vaq.r cache valid (9.09M)
INFO [2026-05-06 09:16:25] sourcoising /Users/xt/github/travail/R/mixte.r
INFO [2026-05-06 09:16:26] Tracked files not found, check your paths.
SUCCESS [2026-05-06 09:16:26] R/mixte.r cache valid (2.1M)
INFO [2026-05-06 09:16:26] sourcoising /Users/xt/github/travail/R/france-melodi.r
INFO [2026-05-06 09:16:26] Tracked files not found, check your paths.
SUCCESS [2026-05-06 09:16:26] R/france-melodi.r cache valid (212K)
INFO [2026-05-06 09:16:26] sourcoising /Users/xt/github/travail/R/naq10_e.r
INFO [2026-05-06 09:16:26] Tracked files not found, check your paths.
SUCCESS [2026-05-06 09:16:26] R/naq10_e.r cache valid (3.18M)
SUCCESS [2026-05-06 09:16:26] R/annexeD.r (forced) in 0.74 sec. (644K)
INFO [2026-05-06 09:16:26] sourcoising /Users/xt/github/travail/R/assets.r
INFO [2026-05-06 09:16:26] sourcoising /Users/xt/github/travail/R/nace.r
INFO [2026-05-06 09:16:26] Tracked files not found, check your paths.
SUCCESS [2026-05-06 09:16:26] R/nace.r cache valid (10.3K)
INFO [2026-05-06 09:16:26] sourcoising /Users/xt/github/travail/R/nace.r
INFO [2026-05-06 09:16:26] Tracked files not found, check your paths.
SUCCESS [2026-05-06 09:16:26] R/nace.r cache valid (10.3K)
SUCCESS [2026-05-06 09:16:27] R/assets.r (forced) in 0.92 sec. (795K)
INFO [2026-05-06 09:16:27] sourcoising /Users/xt/github/travail/R/decomp.r
INFO [2026-05-06 09:16:27] sourcoising /Users/xt/github/travail/R/vaq.r
INFO [2026-05-06 09:16:27] Tracked files not found, check your paths.
SUCCESS [2026-05-06 09:16:27] R/vaq.r cache valid (9.09M)
INFO [2026-05-06 09:16:27] sourcoising /Users/xt/github/travail/R/nace.r
INFO [2026-05-06 09:16:27] Tracked files not found, check your paths.
SUCCESS [2026-05-06 09:16:27] R/nace.r cache valid (10.3K)
SUCCESS [2026-05-06 09:16:27] R/decomp.r (forced) in 0.13 sec. (12K)
INFO [2026-05-06 09:16:27] sourcoising /Users/xt/github/travail/R/earn.r
SUCCESS [2026-05-06 09:16:28] R/earn.r (forced) in 0.35 sec. (6.52K)
INFO [2026-05-06 09:16:28] sourcoising /Users/xt/github/travail/R/france CN 2014.r
SUCCESS [2026-05-06 09:16:28] R/france CN 2014.r (forced) in 0.48 sec. (45.3K)
INFO [2026-05-06 09:16:28] sourcoising /Users/xt/github/travail/R/ggvanettebrute.r
INFO [2026-05-06 09:16:29] sourcoising /Users/xt/github/travail/R/vaq.r
INFO [2026-05-06 09:16:29] Tracked files not found, check your paths.
SUCCESS [2026-05-06 09:16:29] R/vaq.r cache valid (9.09M)
SUCCESS [2026-05-06 09:16:29] R/ggvanettebrute.r (forced) in 1.07 sec. (490K)
INFO [2026-05-06 09:16:29] sourcoising /Users/xt/github/travail/R/households.r
INFO [2026-05-06 09:16:29] sourcoising /Users/xt/github/travail/R/nace.r
INFO [2026-05-06 09:16:29] Tracked files not found, check your paths.
SUCCESS [2026-05-06 09:16:29] R/nace.r cache valid (10.3K)
INFO [2026-05-06 09:16:30] sourcoising /Users/xt/github/travail/R/nace.r
INFO [2026-05-06 09:16:30] Tracked files not found, check your paths.
SUCCESS [2026-05-06 09:16:30] R/nace.r cache valid (10.3K)
INFO [2026-05-06 09:16:30] sourcoising /Users/xt/github/travail/R/vaq.r
INFO [2026-05-06 09:16:30] Tracked files not found, check your paths.
SUCCESS [2026-05-06 09:16:30] R/vaq.r cache valid (9.09M)
INFO [2026-05-06 09:16:30] sourcoising /Users/xt/github/travail/R/vaq.r
INFO [2026-05-06 09:16:30] Tracked files not found, check your paths.
SUCCESS [2026-05-06 09:16:30] R/vaq.r cache valid (9.09M)
SUCCESS [2026-05-06 09:16:30] R/households.r (forced) in 0.54 sec. (81.9K)
INFO [2026-05-06 09:16:30] sourcoising /Users/xt/github/travail/R/oecd.r
SUCCESS [2026-05-06 09:16:30] R/oecd.r cache valid (136K)
INFO [2026-05-06 09:16:30] sourcoising /Users/xt/github/travail/R/psali.r
INFO [2026-05-06 09:16:31] sourcoising /Users/xt/github/travail/R/snf_international.r
INFO [2026-05-06 09:16:31] Tracked files not found, check your paths.
SUCCESS [2026-05-06 09:16:31] R/snf_international.r cache valid (23.2K)
INFO [2026-05-06 09:16:31] sourcoising /Users/xt/github/travail/R/salaires.r
INFO [2026-05-06 09:16:31] sourcoising /Users/xt/github/travail/R/nace.r
INFO [2026-05-06 09:16:31] Tracked files not found, check your paths.
SUCCESS [2026-05-06 09:16:31] R/nace.r cache valid (10.3K)
INFO [2026-05-06 09:16:31] sourcoising /Users/xt/github/travail/R/nace.r
INFO [2026-05-06 09:16:31] Tracked files not found, check your paths.
SUCCESS [2026-05-06 09:16:31] R/nace.r cache valid (10.3K)
SUCCESS [2026-05-06 09:16:36] R/salaires.r (forced) in 4.26 sec. (158K)
INFO [2026-05-06 09:16:36] sourcoising /Users/xt/github/travail/R/snf_ratio.r
INFO [2026-05-06 09:16:36] sourcoising /Users/xt/github/travail/R/nace.r
INFO [2026-05-06 09:16:36] Tracked files not found, check your paths.
SUCCESS [2026-05-06 09:16:36] R/nace.r cache valid (10.3K)
INFO [2026-05-06 09:16:36] sourcoising /Users/xt/github/travail/R/nace.r
INFO [2026-05-06 09:16:36] Tracked files not found, check your paths.
SUCCESS [2026-05-06 09:16:36] R/nace.r cache valid (10.3K)
INFO [2026-05-06 09:16:36] sourcoising /Users/xt/github/travail/R/nace.r
INFO [2026-05-06 09:16:36] Tracked files not found, check your paths.
SUCCESS [2026-05-06 09:16:36] R/nace.r cache valid (10.3K)
INFO [2026-05-06 09:16:36] sourcoising /Users/xt/github/travail/R/naq10_e.r
INFO [2026-05-06 09:16:36] Tracked files not found, check your paths.
SUCCESS [2026-05-06 09:16:36] R/naq10_e.r cache valid (3.18M)
SUCCESS [2026-05-06 09:16:39] R/snf_ratio.r (forced) in 2.86 sec. (218K)
