INFO [2026-05-07 09:09:52] Refreshing 17 source files
INFO [2026-05-07 09:09:52] sourcoising /Users/xt/github/travail/R/nace.r
SUCCESS [2026-05-07 09:09:55] R/nace.r (forced) in 3.24 sec. (10.3K)
INFO [2026-05-07 09:09:56] sourcoising /Users/xt/github/travail/R/mixte.r
INFO [2026-05-07 09:09:56] sourcoising /Users/xt/github/travail/R/nace.r
INFO [2026-05-07 09:09:56] Tracked files not found, check your paths.
SUCCESS [2026-05-07 09:09:56] R/nace.r cache valid (10.3K)
INFO [2026-05-07 09:10:00] sourcoising /Users/xt/github/travail/R/naq10_e.r
INFO [2026-05-07 09:10:00] Tracked files not found, check your paths.
INFO [2026-05-07 09:10:00] sourcoising /Users/xt/github/travail/R/nace.r
INFO [2026-05-07 09:10:00] Tracked files not found, check your paths.
SUCCESS [2026-05-07 09:10:00] R/nace.r cache valid (10.3K)
SUCCESS [2026-05-07 09:10:10] R/naq10_e.r (forced) in 9.78 sec. (3.18M)
SUCCESS [2026-05-07 09:10:12] R/mixte.r (forced) in 16.11 sec. (2.1M)
INFO [2026-05-07 09:10:12] sourcoising /Users/xt/github/travail/R/naq10_e.r
INFO [2026-05-07 09:10:12] sourcoising /Users/xt/github/travail/R/nace.r
INFO [2026-05-07 09:10:12] Tracked files not found, check your paths.
SUCCESS [2026-05-07 09:10:12] R/nace.r cache valid (10.3K)
SUCCESS [2026-05-07 09:10:14] R/naq10_e.r (forced) in 2.56 sec. (3.18M)
INFO [2026-05-07 09:10:14] sourcoising /Users/xt/github/travail/R/vaq.r
INFO [2026-05-07 09:10:15] sourcoising /Users/xt/github/travail/R/nace.r
INFO [2026-05-07 09:10:15] Tracked files not found, check your paths.
SUCCESS [2026-05-07 09:10:15] R/nace.r cache valid (10.3K)
INFO [2026-05-07 09:10:15] sourcoising /Users/xt/github/travail/R/nace.r
INFO [2026-05-07 09:10:15] Tracked files not found, check your paths.
SUCCESS [2026-05-07 09:10:15] R/nace.r cache valid (10.3K)
INFO [2026-05-07 09:10:15] sourcoising /Users/xt/github/travail/R/naq10_e.r
INFO [2026-05-07 09:10:15] Tracked files not found, check your paths.
SUCCESS [2026-05-07 09:10:15] R/naq10_e.r cache valid (3.18M)
INFO [2026-05-07 09:10:38] sourcoising /Users/xt/github/travail/R/france-melodi.r
INFO [2026-05-07 09:10:38] Tracked files not found, check your paths.
INFO [2026-05-07 09:10:38] sourcoising /Users/xt/github/travail/R/nace.r
INFO [2026-05-07 09:10:38] Tracked files not found, check your paths.
SUCCESS [2026-05-07 09:10:38] R/nace.r cache valid (10.3K)
INFO [2026-05-07 09:10:38] sourcoising /Users/xt/github/travail/R/nace.r
INFO [2026-05-07 09:10:38] Tracked files not found, check your paths.
SUCCESS [2026-05-07 09:10:38] R/nace.r cache valid (10.3K)
INFO [2026-05-07 09:12:37] Refreshing 17 source files
INFO [2026-05-07 09:12:37] sourcoising /Users/xt/github/travail/R/nace.r
SUCCESS [2026-05-07 09:12:39] R/nace.r (forced) in 2.76 sec. (10.3K)
INFO [2026-05-07 09:12:39] sourcoising /Users/xt/github/travail/R/mixte.r
INFO [2026-05-07 09:12:40] sourcoising /Users/xt/github/travail/R/nace.r
INFO [2026-05-07 09:12:40] Tracked files not found, check your paths.
SUCCESS [2026-05-07 09:12:40] R/nace.r cache valid (10.3K)
INFO [2026-05-07 09:12:41] sourcoising /Users/xt/github/travail/R/naq10_e.r
INFO [2026-05-07 09:12:41] Tracked files not found, check your paths.
INFO [2026-05-07 09:12:41] sourcoising /Users/xt/github/travail/R/nace.r
INFO [2026-05-07 09:12:41] Tracked files not found, check your paths.
SUCCESS [2026-05-07 09:12:41] R/nace.r cache valid (10.3K)
SUCCESS [2026-05-07 09:12:51] R/naq10_e.r (forced) in 9.6 sec. (3.18M)
SUCCESS [2026-05-07 09:12:52] R/mixte.r (forced) in 12.25 sec. (2.1M)
INFO [2026-05-07 09:12:52] sourcoising /Users/xt/github/travail/R/naq10_e.r
INFO [2026-05-07 09:12:52] sourcoising /Users/xt/github/travail/R/nace.r
INFO [2026-05-07 09:12:52] Tracked files not found, check your paths.
SUCCESS [2026-05-07 09:12:52] R/nace.r cache valid (10.3K)
SUCCESS [2026-05-07 09:12:54] R/naq10_e.r (forced) in 2.27 sec. (3.18M)
INFO [2026-05-07 09:12:54] sourcoising /Users/xt/github/travail/R/vaq.r
INFO [2026-05-07 09:12:55] sourcoising /Users/xt/github/travail/R/nace.r
INFO [2026-05-07 09:12:55] Tracked files not found, check your paths.
SUCCESS [2026-05-07 09:12:55] R/nace.r cache valid (10.3K)
INFO [2026-05-07 09:12:55] sourcoising /Users/xt/github/travail/R/nace.r
INFO [2026-05-07 09:12:55] Tracked files not found, check your paths.
SUCCESS [2026-05-07 09:12:55] R/nace.r cache valid (10.3K)
INFO [2026-05-07 09:12:55] sourcoising /Users/xt/github/travail/R/naq10_e.r
INFO [2026-05-07 09:12:55] Tracked files not found, check your paths.
SUCCESS [2026-05-07 09:12:55] R/naq10_e.r cache valid (3.18M)
INFO [2026-05-07 09:13:15] sourcoising /Users/xt/github/travail/R/france-melodi.r
INFO [2026-05-07 09:13:15] Tracked files not found, check your paths.
INFO [2026-05-07 09:13:15] sourcoising /Users/xt/github/travail/R/nace.r
INFO [2026-05-07 09:13:15] Tracked files not found, check your paths.
SUCCESS [2026-05-07 09:13:15] R/nace.r cache valid (10.3K)
INFO [2026-05-07 09:13:15] sourcoising /Users/xt/github/travail/R/nace.r
INFO [2026-05-07 09:13:15] Tracked files not found, check your paths.
SUCCESS [2026-05-07 09:13:15] R/nace.r cache valid (10.3K)
INFO [2026-05-07 09:19:19] Refreshing 17 source files
INFO [2026-05-07 09:19:20] Initializing with init_fn()
INFO [2026-05-07 09:19:20] sourcoising /Users/xt/github/travail/R/nace.r
SUCCESS [2026-05-07 09:19:23] R/nace.r (forced) in 2.32 sec. (10.3K)
INFO [2026-05-07 09:19:23] sourcoising /Users/xt/github/travail/R/mixte.r
INFO [2026-05-07 09:19:23] sourcoising /Users/xt/github/travail/R/nace.r
INFO [2026-05-07 09:19:23] Tracked files not found, check your paths.
SUCCESS [2026-05-07 09:19:23] R/nace.r cache valid (10.3K)
INFO [2026-05-07 09:19:25] sourcoising /Users/xt/github/travail/R/naq10_e.r
INFO [2026-05-07 09:19:25] Tracked files not found, check your paths.
INFO [2026-05-07 09:19:25] sourcoising /Users/xt/github/travail/R/nace.r
INFO [2026-05-07 09:19:25] Tracked files not found, check your paths.
SUCCESS [2026-05-07 09:19:25] R/nace.r cache valid (10.3K)
SUCCESS [2026-05-07 09:19:33] R/naq10_e.r (forced) in 8.77 sec. (3.18M)
SUCCESS [2026-05-07 09:19:34] R/mixte.r (forced) in 11.83 sec. (2.1M)
INFO [2026-05-07 09:19:34] sourcoising /Users/xt/github/travail/R/naq10_e.r
INFO [2026-05-07 09:19:34] sourcoising /Users/xt/github/travail/R/nace.r
INFO [2026-05-07 09:19:35] Tracked files not found, check your paths.
SUCCESS [2026-05-07 09:19:35] R/nace.r cache valid (10.3K)
SUCCESS [2026-05-07 09:19:37] R/naq10_e.r (forced) in 2.75 sec. (3.18M)
INFO [2026-05-07 09:19:37] sourcoising /Users/xt/github/travail/R/vaq.r
INFO [2026-05-07 09:19:38] sourcoising /Users/xt/github/travail/R/nace.r
INFO [2026-05-07 09:19:38] Tracked files not found, check your paths.
SUCCESS [2026-05-07 09:19:38] R/nace.r cache valid (10.3K)
INFO [2026-05-07 09:19:38] sourcoising /Users/xt/github/travail/R/nace.r
INFO [2026-05-07 09:19:38] Tracked files not found, check your paths.
SUCCESS [2026-05-07 09:19:38] R/nace.r cache valid (10.3K)
INFO [2026-05-07 09:19:38] sourcoising /Users/xt/github/travail/R/naq10_e.r
INFO [2026-05-07 09:19:38] Tracked files not found, check your paths.
SUCCESS [2026-05-07 09:19:38] R/naq10_e.r cache valid (3.18M)
INFO [2026-05-07 09:19:51] sourcoising /Users/xt/github/travail/R/france-melodi.r
INFO [2026-05-07 09:19:51] Tracked files not found, check your paths.
INFO [2026-05-07 09:19:51] sourcoising /Users/xt/github/travail/R/nace.r
INFO [2026-05-07 09:19:52] Tracked files not found, check your paths.
SUCCESS [2026-05-07 09:19:52] R/nace.r cache valid (10.3K)
INFO [2026-05-07 09:19:52] sourcoising /Users/xt/github/travail/R/nace.r
INFO [2026-05-07 09:19:52] Tracked files not found, check your paths.
SUCCESS [2026-05-07 09:19:52] R/nace.r cache valid (10.3K)
SUCCESS [2026-05-07 09:20:15] R/france-melodi.r (forced) in 23.82 sec. (212K)
INFO [2026-05-07 09:20:15] sourcoising /Users/xt/github/travail/R/mixte.r
INFO [2026-05-07 09:20:15] Tracked files not found, check your paths.
SUCCESS [2026-05-07 09:20:15] R/mixte.r cache valid (2.1M)
INFO [2026-05-07 09:20:15] sourcoising /Users/xt/github/travail/R/mixte.r
INFO [2026-05-07 09:20:15] Tracked files not found, check your paths.
SUCCESS [2026-05-07 09:20:15] R/mixte.r cache valid (2.1M)
INFO [2026-05-07 09:20:17] sourcoising /Users/xt/github/travail/R/mixte.r
INFO [2026-05-07 09:20:17] Tracked files not found, check your paths.
SUCCESS [2026-05-07 09:20:17] R/mixte.r cache valid (2.1M)
INFO [2026-05-07 09:20:28] sourcoising /Users/xt/github/travail/R/assets.r
INFO [2026-05-07 09:20:28] Tracked files not found, check your paths.
INFO [2026-05-07 09:20:28] sourcoising /Users/xt/github/travail/R/nace.r
INFO [2026-05-07 09:20:28] Tracked files not found, check your paths.
SUCCESS [2026-05-07 09:20:28] R/nace.r cache valid (10.3K)
INFO [2026-05-07 09:20:28] sourcoising /Users/xt/github/travail/R/nace.r
INFO [2026-05-07 09:20:28] Tracked files not found, check your paths.
SUCCESS [2026-05-07 09:20:28] R/nace.r cache valid (10.3K)
SUCCESS [2026-05-07 09:20:30] R/assets.r (forced) in 2.31 sec. (795K)
SUCCESS [2026-05-07 09:20:30] R/vaq.r (forced) in 52.67 sec. (9.09M)
INFO [2026-05-07 09:20:30] sourcoising /Users/xt/github/travail/R/france-melodi.r
INFO [2026-05-07 09:20:30] sourcoising /Users/xt/github/travail/R/nace.r
INFO [2026-05-07 09:20:30] Tracked files not found, check your paths.
SUCCESS [2026-05-07 09:20:30] R/nace.r cache valid (10.3K)
INFO [2026-05-07 09:20:30] sourcoising /Users/xt/github/travail/R/nace.r
INFO [2026-05-07 09:20:30] Tracked files not found, check your paths.
SUCCESS [2026-05-07 09:20:30] R/nace.r cache valid (10.3K)
SUCCESS [2026-05-07 09:20:46] R/france-melodi.r cache valid (212K)
INFO [2026-05-07 09:20:47] sourcoising /Users/xt/github/travail/R/assets.r
INFO [2026-05-07 09:20:47] sourcoising /Users/xt/github/travail/R/nace.r
INFO [2026-05-07 09:20:47] Tracked files not found, check your paths.
SUCCESS [2026-05-07 09:20:47] R/nace.r cache valid (10.3K)
INFO [2026-05-07 09:20:47] sourcoising /Users/xt/github/travail/R/nace.r
INFO [2026-05-07 09:20:47] Tracked files not found, check your paths.
SUCCESS [2026-05-07 09:20:47] R/nace.r cache valid (10.3K)
SUCCESS [2026-05-07 09:20:47] R/assets.r (forced) in 0.92 sec. (795K)
INFO [2026-05-07 09:20:47] sourcoising /Users/xt/github/travail/R/snf_international.r
INFO [2026-05-07 09:20:48] sourcoising /Users/xt/github/travail/R/nace.r
INFO [2026-05-07 09:20:48] Tracked files not found, check your paths.
SUCCESS [2026-05-07 09:20:48] R/nace.r cache valid (10.3K)
INFO [2026-05-07 09:20:48] sourcoising /Users/xt/github/travail/R/nace.r
INFO [2026-05-07 09:20:48] Tracked files not found, check your paths.
SUCCESS [2026-05-07 09:20:48] R/nace.r cache valid (10.3K)
INFO [2026-05-07 09:20:48] sourcoising /Users/xt/github/travail/R/nace.r
INFO [2026-05-07 09:20:48] Tracked files not found, check your paths.
SUCCESS [2026-05-07 09:20:48] R/nace.r cache valid (10.3K)
SUCCESS [2026-05-07 09:20:50] R/snf_international.r (forced) in 2.74 sec. (23.1K)
INFO [2026-05-07 09:20:50] sourcoising /Users/xt/github/travail/R/annexeD.r
INFO [2026-05-07 09:20:50] sourcoising /Users/xt/github/travail/R/nace.r
INFO [2026-05-07 09:20:50] Tracked files not found, check your paths.
SUCCESS [2026-05-07 09:20:50] R/nace.r cache valid (10.3K)
INFO [2026-05-07 09:20:50] sourcoising /Users/xt/github/travail/R/mixte.r
INFO [2026-05-07 09:20:50] Tracked files not found, check your paths.
SUCCESS [2026-05-07 09:20:50] R/mixte.r cache valid (2.1M)
INFO [2026-05-07 09:20:50] sourcoising /Users/xt/github/travail/R/nace.r
INFO [2026-05-07 09:20:50] Tracked files not found, check your paths.
SUCCESS [2026-05-07 09:20:50] R/nace.r cache valid (10.3K)
INFO [2026-05-07 09:20:50] sourcoising /Users/xt/github/travail/R/vaq.r
INFO [2026-05-07 09:20:50] Tracked files not found, check your paths.
SUCCESS [2026-05-07 09:20:51] R/vaq.r cache valid (9.09M)
INFO [2026-05-07 09:20:51] sourcoising /Users/xt/github/travail/R/mixte.r
INFO [2026-05-07 09:20:51] Tracked files not found, check your paths.
SUCCESS [2026-05-07 09:20:51] R/mixte.r cache valid (2.1M)
INFO [2026-05-07 09:20:51] sourcoising /Users/xt/github/travail/R/france-melodi.r
INFO [2026-05-07 09:20:51] Tracked files not found, check your paths.
SUCCESS [2026-05-07 09:20:51] R/france-melodi.r cache valid (212K)
INFO [2026-05-07 09:20:51] sourcoising /Users/xt/github/travail/R/naq10_e.r
INFO [2026-05-07 09:20:51] Tracked files not found, check your paths.
SUCCESS [2026-05-07 09:20:51] R/naq10_e.r cache valid (3.18M)
SUCCESS [2026-05-07 09:20:51] R/annexeD.r (forced) in 0.78 sec. (644K)
INFO [2026-05-07 09:20:51] sourcoising /Users/xt/github/travail/R/decomp.r
INFO [2026-05-07 09:20:51] sourcoising /Users/xt/github/travail/R/vaq.r
INFO [2026-05-07 09:20:51] Tracked files not found, check your paths.
SUCCESS [2026-05-07 09:20:51] R/vaq.r cache valid (9.09M)
INFO [2026-05-07 09:20:51] sourcoising /Users/xt/github/travail/R/nace.r
INFO [2026-05-07 09:20:51] Tracked files not found, check your paths.
SUCCESS [2026-05-07 09:20:51] R/nace.r cache valid (10.3K)
SUCCESS [2026-05-07 09:20:51] R/decomp.r (forced) in 0.11 sec. (12K)
INFO [2026-05-07 09:20:51] sourcoising /Users/xt/github/travail/R/earn.r
SUCCESS [2026-05-07 09:20:53] R/earn.r (forced) in 1.08 sec. (6.52K)
INFO [2026-05-07 09:20:53] sourcoising /Users/xt/github/travail/R/france CN 2014.r
SUCCESS [2026-05-07 09:20:55] R/france CN 2014.r (forced) in 2.23 sec. (45.3K)
INFO [2026-05-07 09:20:55] sourcoising /Users/xt/github/travail/R/ggvanettebrute.r
INFO [2026-05-07 09:20:55] sourcoising /Users/xt/github/travail/R/vaq.r
INFO [2026-05-07 09:20:55] Tracked files not found, check your paths.
SUCCESS [2026-05-07 09:20:55] R/vaq.r cache valid (9.09M)
SUCCESS [2026-05-07 09:20:56] R/ggvanettebrute.r (forced) in 0.72 sec. (490K)
INFO [2026-05-07 09:20:56] sourcoising /Users/xt/github/travail/R/households.r
INFO [2026-05-07 09:20:56] sourcoising /Users/xt/github/travail/R/nace.r
INFO [2026-05-07 09:20:56] Tracked files not found, check your paths.
SUCCESS [2026-05-07 09:20:56] R/nace.r cache valid (10.3K)
INFO [2026-05-07 09:20:56] sourcoising /Users/xt/github/travail/R/nace.r
INFO [2026-05-07 09:20:56] Tracked files not found, check your paths.
SUCCESS [2026-05-07 09:20:56] R/nace.r cache valid (10.3K)
INFO [2026-05-07 09:20:57] sourcoising /Users/xt/github/travail/R/vaq.r
INFO [2026-05-07 09:20:57] Tracked files not found, check your paths.
SUCCESS [2026-05-07 09:20:57] R/vaq.r cache valid (9.09M)
INFO [2026-05-07 09:20:57] sourcoising /Users/xt/github/travail/R/vaq.r
INFO [2026-05-07 09:20:57] Tracked files not found, check your paths.
SUCCESS [2026-05-07 09:20:57] R/vaq.r cache valid (9.09M)
SUCCESS [2026-05-07 09:20:57] R/households.r (forced) in 1.01 sec. (81.9K)
INFO [2026-05-07 09:20:57] sourcoising /Users/xt/github/travail/R/oecd.r
SUCCESS [2026-05-07 09:20:57] R/oecd.r cache valid (136K)
INFO [2026-05-07 09:20:57] sourcoising /Users/xt/github/travail/R/psali.r
INFO [2026-05-07 09:20:58] sourcoising /Users/xt/github/travail/R/snf_international.r
INFO [2026-05-07 09:20:58] Tracked files not found, check your paths.
SUCCESS [2026-05-07 09:20:58] R/snf_international.r cache valid (23.1K)
INFO [2026-05-07 09:20:58] sourcoising /Users/xt/github/travail/R/salaires.r
INFO [2026-05-07 09:20:58] sourcoising /Users/xt/github/travail/R/nace.r
INFO [2026-05-07 09:20:58] Tracked files not found, check your paths.
SUCCESS [2026-05-07 09:20:58] R/nace.r cache valid (10.3K)
INFO [2026-05-07 09:20:58] sourcoising /Users/xt/github/travail/R/nace.r
INFO [2026-05-07 09:20:58] Tracked files not found, check your paths.
SUCCESS [2026-05-07 09:20:58] R/nace.r cache valid (10.3K)
SUCCESS [2026-05-07 09:21:08] R/salaires.r (forced) in 10.12 sec. (158K)
INFO [2026-05-07 09:21:08] sourcoising /Users/xt/github/travail/R/snf_ratio.r
INFO [2026-05-07 09:21:08] sourcoising /Users/xt/github/travail/R/nace.r
INFO [2026-05-07 09:21:08] Tracked files not found, check your paths.
SUCCESS [2026-05-07 09:21:08] R/nace.r cache valid (10.3K)
INFO [2026-05-07 09:21:08] sourcoising /Users/xt/github/travail/R/nace.r
INFO [2026-05-07 09:21:08] Tracked files not found, check your paths.
SUCCESS [2026-05-07 09:21:08] R/nace.r cache valid (10.3K)
INFO [2026-05-07 09:21:08] sourcoising /Users/xt/github/travail/R/nace.r
INFO [2026-05-07 09:21:08] Tracked files not found, check your paths.
SUCCESS [2026-05-07 09:21:08] R/nace.r cache valid (10.3K)
INFO [2026-05-07 09:21:08] sourcoising /Users/xt/github/travail/R/naq10_e.r
INFO [2026-05-07 09:21:08] Tracked files not found, check your paths.
SUCCESS [2026-05-07 09:21:08] R/naq10_e.r cache valid (3.18M)
SUCCESS [2026-05-07 09:21:17] R/snf_ratio.r (forced) in 8.59 sec. (217K)
