INFO [2025-12-11 21:39:50] Refreshing 17 source files
SUCCESS [2025-12-11 21:39:51] R/nace.r valid cache (11 kB)
SUCCESS [2025-12-11 21:39:57] R/naq10_e.r (forced) in 6.82 sec. (3 MB)
SUCCESS [2025-12-11 21:39:57] R/nace.r valid cache (11 kB)
SUCCESS [2025-12-11 21:39:57] R/naq10_e.r valid cache (3 MB)
SUCCESS [2025-12-11 21:39:58] R/mixte.r (forced) in 1.22 sec. (2 MB)
SUCCESS [2025-12-11 21:40:00] R/france CN 2014.r (forced) in 2.01 sec. (46 kB)
SUCCESS [2025-12-11 21:40:00] R/nace.r valid cache (11 kB)
SUCCESS [2025-12-11 21:40:00] R/nace.r valid cache (11 kB)
SUCCESS [2025-12-11 21:40:01] R/assets.r (forced) in 0.95 sec. (805 kB)
SUCCESS [2025-12-11 21:40:14] R/oecd.r (forced) in 12.88 sec. (138 kB)
SUCCESS [2025-12-11 21:40:15] R/snf_international.r valid cache (22 kB)
SUCCESS [2025-12-11 21:40:15] R/psali.r (forced) in 0.8 sec. (920 kB)
SUCCESS [2025-12-11 21:40:15] R/nace.r valid cache (11 kB)
SUCCESS [2025-12-11 21:40:15] R/mixte.r valid cache (2 MB)
SUCCESS [2025-12-11 21:40:15] R/nace.r valid cache (11 kB)
SUCCESS [2025-12-11 21:40:15] R/vaq.r valid cache (9 MB)
SUCCESS [2025-12-11 21:40:15] R/mixte.r valid cache (2 MB)
SUCCESS [2025-12-11 21:40:16] R/nace.r valid cache (11 kB)
SUCCESS [2025-12-11 21:40:16] R/nace.r valid cache (11 kB)
SUCCESS [2025-12-11 21:40:16] R/vaq.r valid cache (9 MB)
SUCCESS [2025-12-11 21:40:26] R/france-melodi.r (exec. no cache found) in 10.66 sec. (217 kB)
SUCCESS [2025-12-11 21:40:26] R/naq10_e.r valid cache (3 MB)
SUCCESS [2025-12-11 21:40:26] r/annexed.r (forced) in 11.36 sec. (658 kB)
SUCCESS [2025-12-11 21:40:27] R/vaq.r valid cache (9 MB)
SUCCESS [2025-12-11 21:40:27] R/nace.r valid cache (11 kB)
SUCCESS [2025-12-11 21:40:27] r/decomp.r (forced) in 0.07 sec. (12 kB)
SUCCESS [2025-12-11 21:40:27] R/vaq.r valid cache (9 MB)
SUCCESS [2025-12-11 21:40:27] r/ggvanettebrute.r (forced) in 0.72 sec. (500 kB)
SUCCESS [2025-12-11 21:40:27] R/nace.r valid cache (11 kB)
SUCCESS [2025-12-11 21:40:28] R/nace.r valid cache (11 kB)
SUCCESS [2025-12-11 21:40:29] R/vaq.r valid cache (9 MB)
SUCCESS [2025-12-11 21:40:29] R/vaq.r valid cache (9 MB)
SUCCESS [2025-12-11 21:40:29] r/households.r (forced) in 1.39 sec. (84 kB)
SUCCESS [2025-12-11 21:40:30] r/nace.r (forced) in 0.79 sec. (11 kB)
SUCCESS [2025-12-11 21:40:30] R/nace.r valid cache (11 kB)
SUCCESS [2025-12-11 21:40:30] R/nace.r valid cache (11 kB)
SUCCESS [2025-12-11 21:40:40] r/salaires.r (forced) in 9.64 sec. (161 kB)
SUCCESS [2025-12-11 21:40:40] R/nace.r valid cache (11 kB)
SUCCESS [2025-12-11 21:40:40] R/nace.r valid cache (11 kB)
SUCCESS [2025-12-11 21:40:40] R/nace.r valid cache (11 kB)
SUCCESS [2025-12-11 21:40:41] r/snf_international.r (forced) in 1.16 sec. (22 kB)
SUCCESS [2025-12-11 21:40:41] R/nace.r valid cache (11 kB)
SUCCESS [2025-12-11 21:40:41] R/nace.r valid cache (11 kB)
SUCCESS [2025-12-11 21:40:41] R/nace.r valid cache (11 kB)
SUCCESS [2025-12-11 21:40:41] R/naq10_e.r valid cache (3 MB)
SUCCESS [2025-12-11 21:40:44] r/snf_ratio.r (forced) in 2.63 sec. (212 kB)
SUCCESS [2025-12-11 21:40:44] R/nace.r valid cache (11 kB)
SUCCESS [2025-12-11 21:40:44] R/nace.r valid cache (11 kB)
SUCCESS [2025-12-11 21:40:44] R/naq10_e.r valid cache (3 MB)
SUCCESS [2025-12-11 21:40:46] r/vaq.r valid cache (9 MB)
ERROR [2025-12-11 21:40:46]   but r/vaq.r failed
SUCCESS [2025-12-11 21:40:46] R/france CN 2014.r (forced) in 0.31 sec. (46 kB)
SUCCESS [2025-12-11 21:40:46] R/nace.r valid cache (11 kB)
SUCCESS [2025-12-11 21:40:46] R/nace.r valid cache (11 kB)
SUCCESS [2025-12-11 21:40:46] R/vaq.r valid cache (9 MB)
INFO [2025-12-11 21:42:55] Refreshing 17 source files
INFO [2025-12-11 21:43:00] Initializing with init_fn()
SUCCESS [2025-12-11 21:43:00] R/nace.r valid cache (11 kB)
SUCCESS [2025-12-11 21:43:03] R/naq10_e.r (forced) in 2.14 sec. (3 MB)
SUCCESS [2025-12-11 21:43:03] R/nace.r valid cache (11 kB)
SUCCESS [2025-12-11 21:43:03] R/naq10_e.r valid cache (3 MB)
SUCCESS [2025-12-11 21:43:03] R/mixte.r (forced) in 0.8 sec. (2 MB)
SUCCESS [2025-12-11 21:43:04] R/france CN 2014.r (forced) in 0.28 sec. (46 kB)
SUCCESS [2025-12-11 21:43:04] R/nace.r valid cache (11 kB)
SUCCESS [2025-12-11 21:43:04] R/nace.r valid cache (11 kB)
SUCCESS [2025-12-11 21:43:04] R/assets.r (forced) in 0.31 sec. (805 kB)
SUCCESS [2025-12-11 21:43:06] R/oecd.r (forced) in 1.75 sec. (138 kB)
SUCCESS [2025-12-11 21:43:07] R/snf_international.r valid cache (22 kB)
SUCCESS [2025-12-11 21:43:32] R/psali.r (forced) in 25.96 sec. (920 kB)
SUCCESS [2025-12-11 21:43:32] R/nace.r valid cache (11 kB)
SUCCESS [2025-12-11 21:43:32] R/mixte.r valid cache (2 MB)
SUCCESS [2025-12-11 21:43:32] R/nace.r valid cache (11 kB)
SUCCESS [2025-12-11 21:43:32] R/vaq.r valid cache (9 MB)
SUCCESS [2025-12-11 21:43:32] R/mixte.r valid cache (2 MB)
SUCCESS [2025-12-11 21:43:32] R/nace.r valid cache (11 kB)
SUCCESS [2025-12-11 21:43:32] R/nace.r valid cache (11 kB)
SUCCESS [2025-12-11 21:43:32] R/vaq.r valid cache (9 MB)
SUCCESS [2025-12-11 21:43:42] R/france-melodi.r (exec. no cache found) in 9.42 sec. (217 kB)
SUCCESS [2025-12-11 21:43:42] R/naq10_e.r valid cache (3 MB)
SUCCESS [2025-12-11 21:43:42] r/annexed.r (forced) in 10.04 sec. (658 kB)
SUCCESS [2025-12-11 21:43:42] R/vaq.r valid cache (9 MB)
SUCCESS [2025-12-11 21:43:42] R/nace.r valid cache (11 kB)
SUCCESS [2025-12-11 21:43:42] r/decomp.r (forced) in 0.08 sec. (12 kB)
SUCCESS [2025-12-11 21:43:43] R/vaq.r valid cache (9 MB)
SUCCESS [2025-12-11 21:43:43] r/ggvanettebrute.r (forced) in 0.79 sec. (500 kB)
SUCCESS [2025-12-11 21:43:43] R/nace.r valid cache (11 kB)
SUCCESS [2025-12-11 21:43:43] R/nace.r valid cache (11 kB)
SUCCESS [2025-12-11 21:43:43] R/vaq.r valid cache (9 MB)
SUCCESS [2025-12-11 21:43:43] R/vaq.r valid cache (9 MB)
SUCCESS [2025-12-11 21:43:43] r/households.r (forced) in 0.3 sec. (84 kB)
SUCCESS [2025-12-11 21:43:44] r/nace.r (forced) in 0.24 sec. (11 kB)
SUCCESS [2025-12-11 21:43:44] R/nace.r valid cache (11 kB)
SUCCESS [2025-12-11 21:43:44] R/nace.r valid cache (11 kB)
SUCCESS [2025-12-11 21:43:47] r/salaires.r (forced) in 3.61 sec. (161 kB)
SUCCESS [2025-12-11 21:43:48] R/nace.r valid cache (11 kB)
SUCCESS [2025-12-11 21:43:48] R/nace.r valid cache (11 kB)
SUCCESS [2025-12-11 21:43:48] R/nace.r valid cache (11 kB)
SUCCESS [2025-12-11 21:43:48] r/snf_international.r (forced) in 0.44 sec. (22 kB)
SUCCESS [2025-12-11 21:43:48] R/nace.r valid cache (11 kB)
SUCCESS [2025-12-11 21:43:48] R/nace.r valid cache (11 kB)
SUCCESS [2025-12-11 21:43:48] R/nace.r valid cache (11 kB)
SUCCESS [2025-12-11 21:43:48] R/naq10_e.r valid cache (3 MB)
SUCCESS [2025-12-11 21:43:50] r/snf_ratio.r (forced) in 1.78 sec. (212 kB)
SUCCESS [2025-12-11 21:43:50] R/nace.r valid cache (11 kB)
SUCCESS [2025-12-11 21:43:50] R/nace.r valid cache (11 kB)
SUCCESS [2025-12-11 21:43:50] R/naq10_e.r valid cache (3 MB)
SUCCESS [2025-12-11 21:43:57] R/nace.r valid cache (11 kB)
SUCCESS [2025-12-11 21:43:57] R/nace.r valid cache (11 kB)
SUCCESS [2025-12-11 21:43:57] R/vaq.r valid cache (9 MB)
SUCCESS [2025-12-11 21:44:03] r/vaq.r valid cache (9 MB)
ERROR [2025-12-11 21:44:03]   but r/vaq.r failed
SUCCESS [2025-12-11 21:44:04] R/france CN 2014.r (forced) in 0.23 sec. (46 kB)
SUCCESS [2025-12-11 21:44:04] R/nace.r valid cache (11 kB)
SUCCESS [2025-12-11 21:44:04] R/nace.r valid cache (11 kB)
SUCCESS [2025-12-11 21:44:04] R/vaq.r valid cache (9 MB)
INFO [2025-12-11 21:49:21] Refreshing 17 source files
INFO [2025-12-11 21:49:22] Initializing with init_fn()
SUCCESS [2025-12-11 21:49:22] R/nace.r valid cache (11 kB)
SUCCESS [2025-12-11 21:49:24] R/naq10_e.r (forced) in 2.14 sec. (3 MB)
INFO [2025-12-11 21:55:46] Refreshing 17 source files
INFO [2025-12-11 21:55:47] Initializing with init_fn()
SUCCESS [2025-12-11 21:56:10] R/nace.r valid cache (11 kB)
SUCCESS [2025-12-11 21:56:12] R/naq10_e.r (forced) in 2.23 sec. (3 MB)
INFO [2025-12-11 21:58:14] Refreshing 17 source files
INFO [2025-12-11 21:58:15] Initializing with init_fn()
SUCCESS [2025-12-11 21:58:33] R/nace.r valid cache (11 kB)
SUCCESS [2025-12-11 21:58:36] R/naq10_e.r (forced) in 2.33 sec. (3 MB)
INFO [2025-12-11 21:59:49] Refreshing 17 source files
INFO [2025-12-11 21:59:50] Initializing with init_fn()
SUCCESS [2025-12-11 21:59:50] R/nace.r valid cache (11 kB)
SUCCESS [2025-12-11 21:59:53] R/naq10_e.r (forced) in 2.13 sec. (3 MB)
SUCCESS [2025-12-11 21:59:53] R/nace.r valid cache (11 kB)
SUCCESS [2025-12-11 21:59:53] R/naq10_e.r valid cache (3 MB)
SUCCESS [2025-12-11 21:59:53] R/mixte.r (forced) in 0.79 sec. (2 MB)
SUCCESS [2025-12-11 21:59:54] R/france CN 2014.r (forced) in 0.35 sec. (46 kB)
SUCCESS [2025-12-11 21:59:54] R/nace.r valid cache (11 kB)
SUCCESS [2025-12-11 21:59:54] R/nace.r valid cache (11 kB)
SUCCESS [2025-12-11 21:59:54] R/assets.r (forced) in 0.4 sec. (805 kB)
SUCCESS [2025-12-11 21:59:56] R/oecd.r (forced) in 1.95 sec. (138 kB)
SUCCESS [2025-12-11 21:59:57] R/snf_international.r valid cache (22 kB)
SUCCESS [2025-12-11 22:00:02] R/psali.r (forced) in 5.45 sec. (920 kB)
SUCCESS [2025-12-11 22:00:02] R/nace.r valid cache (11 kB)
SUCCESS [2025-12-11 22:00:02] R/mixte.r valid cache (2 MB)
SUCCESS [2025-12-11 22:00:02] R/nace.r valid cache (11 kB)
SUCCESS [2025-12-11 22:00:02] R/vaq.r valid cache (9 MB)
SUCCESS [2025-12-11 22:00:02] R/mixte.r valid cache (2 MB)
SUCCESS [2025-12-11 22:00:02] R/nace.r valid cache (11 kB)
SUCCESS [2025-12-11 22:00:02] R/nace.r valid cache (11 kB)
SUCCESS [2025-12-11 22:00:02] R/vaq.r valid cache (9 MB)
SUCCESS [2025-12-11 22:00:12] R/france-melodi.r (exec. no cache found) in 9.75 sec. (217 kB)
SUCCESS [2025-12-11 22:00:12] R/naq10_e.r valid cache (3 MB)
SUCCESS [2025-12-11 22:00:13] r/annexed.r (forced) in 10.52 sec. (658 kB)
SUCCESS [2025-12-11 22:00:13] R/vaq.r valid cache (9 MB)
SUCCESS [2025-12-11 22:00:13] R/nace.r valid cache (11 kB)
SUCCESS [2025-12-11 22:00:13] r/decomp.r (forced) in 0.06 sec. (12 kB)
SUCCESS [2025-12-11 22:00:14] R/vaq.r valid cache (9 MB)
SUCCESS [2025-12-11 22:00:14] r/ggvanettebrute.r (forced) in 0.77 sec. (500 kB)
SUCCESS [2025-12-11 22:00:14] R/nace.r valid cache (11 kB)
SUCCESS [2025-12-11 22:00:14] R/nace.r valid cache (11 kB)
SUCCESS [2025-12-11 22:00:14] R/vaq.r valid cache (9 MB)
SUCCESS [2025-12-11 22:00:14] R/vaq.r valid cache (9 MB)
SUCCESS [2025-12-11 22:00:14] r/households.r (forced) in 0.29 sec. (84 kB)
SUCCESS [2025-12-11 22:00:14] r/nace.r (forced) in 0.24 sec. (11 kB)
SUCCESS [2025-12-11 22:00:15] R/nace.r valid cache (11 kB)
SUCCESS [2025-12-11 22:00:15] R/nace.r valid cache (11 kB)
SUCCESS [2025-12-11 22:00:18] r/salaires.r (forced) in 3.75 sec. (161 kB)
SUCCESS [2025-12-11 22:00:18] R/nace.r valid cache (11 kB)
SUCCESS [2025-12-11 22:00:18] R/nace.r valid cache (11 kB)
SUCCESS [2025-12-11 22:00:18] R/nace.r valid cache (11 kB)
SUCCESS [2025-12-11 22:00:19] r/snf_international.r (forced) in 0.45 sec. (22 kB)
SUCCESS [2025-12-11 22:00:19] R/nace.r valid cache (11 kB)
SUCCESS [2025-12-11 22:00:19] R/nace.r valid cache (11 kB)
SUCCESS [2025-12-11 22:00:19] R/nace.r valid cache (11 kB)
SUCCESS [2025-12-11 22:00:19] R/naq10_e.r valid cache (3 MB)
SUCCESS [2025-12-11 22:00:21] r/snf_ratio.r (forced) in 2.09 sec. (212 kB)
SUCCESS [2025-12-11 22:00:22] R/nace.r valid cache (11 kB)
SUCCESS [2025-12-11 22:00:22] R/nace.r valid cache (11 kB)
SUCCESS [2025-12-11 22:00:22] R/naq10_e.r valid cache (3 MB)
SUCCESS [2025-12-11 22:00:27] R/nace.r valid cache (11 kB)
SUCCESS [2025-12-11 22:00:27] R/nace.r valid cache (11 kB)
SUCCESS [2025-12-11 22:00:27] R/vaq.r valid cache (9 MB)
SUCCESS [2025-12-11 22:00:33] r/vaq.r valid cache (9 MB)
ERROR [2025-12-11 22:00:33]   but r/vaq.r failed
SUCCESS [2025-12-11 22:00:38] R/france CN 2014.r (forced) in 0.36 sec. (46 kB)
SUCCESS [2025-12-11 22:00:38] R/nace.r valid cache (11 kB)
SUCCESS [2025-12-11 22:00:38] R/nace.r valid cache (11 kB)
SUCCESS [2025-12-11 22:00:38] R/vaq.r valid cache (9 MB)
INFO [2025-12-11 22:06:31] Refreshing 17 source files
INFO [2025-12-11 22:06:32] Initializing with init_fn()
SUCCESS [2025-12-11 22:06:32] R/nace.r valid cache (11 kB)
SUCCESS [2025-12-11 22:06:34] R/naq10_e.r (forced) in 2.16 sec. (3 MB)
SUCCESS [2025-12-11 22:06:34] R/nace.r valid cache (11 kB)
SUCCESS [2025-12-11 22:06:35] R/naq10_e.r valid cache (3 MB)
SUCCESS [2025-12-11 22:06:35] R/mixte.r (forced) in 0.6 sec. (2 MB)
SUCCESS [2025-12-11 22:06:35] R/france CN 2014.r (forced) in 0.31 sec. (46 kB)
SUCCESS [2025-12-11 22:06:35] R/nace.r valid cache (11 kB)
SUCCESS [2025-12-11 22:06:35] R/nace.r valid cache (11 kB)
SUCCESS [2025-12-11 22:06:36] R/assets.r (forced) in 0.38 sec. (805 kB)
SUCCESS [2025-12-11 22:06:38] R/oecd.r (forced) in 2.08 sec. (138 kB)
SUCCESS [2025-12-11 22:06:39] R/snf_international.r valid cache (22 kB)
SUCCESS [2025-12-11 22:06:39] R/psali.r (forced) in 0.81 sec. (920 kB)
SUCCESS [2025-12-11 22:06:39] R/nace.r valid cache (11 kB)
SUCCESS [2025-12-11 22:06:39] R/mixte.r valid cache (2 MB)
SUCCESS [2025-12-11 22:06:39] R/nace.r valid cache (11 kB)
SUCCESS [2025-12-11 22:06:39] R/vaq.r valid cache (9 MB)
SUCCESS [2025-12-11 22:06:39] R/mixte.r valid cache (2 MB)
SUCCESS [2025-12-11 22:06:39] R/nace.r valid cache (11 kB)
SUCCESS [2025-12-11 22:06:39] R/nace.r valid cache (11 kB)
SUCCESS [2025-12-11 22:06:39] R/vaq.r valid cache (9 MB)
SUCCESS [2025-12-11 22:06:49] R/france-melodi.r (exec. no cache found) in 9.75 sec. (217 kB)
SUCCESS [2025-12-11 22:06:49] R/naq10_e.r valid cache (3 MB)
SUCCESS [2025-12-11 22:06:49] r/annexed.r (forced) in 10.39 sec. (658 kB)
SUCCESS [2025-12-11 22:06:49] R/vaq.r valid cache (9 MB)
SUCCESS [2025-12-11 22:06:49] R/nace.r valid cache (11 kB)
SUCCESS [2025-12-11 22:06:49] r/decomp.r (forced) in 0.06 sec. (12 kB)
SUCCESS [2025-12-11 22:06:50] R/vaq.r valid cache (9 MB)
SUCCESS [2025-12-11 22:06:50] r/ggvanettebrute.r (forced) in 0.77 sec. (500 kB)
SUCCESS [2025-12-11 22:06:50] R/nace.r valid cache (11 kB)
SUCCESS [2025-12-11 22:06:50] R/nace.r valid cache (11 kB)
SUCCESS [2025-12-11 22:06:51] R/vaq.r valid cache (9 MB)
SUCCESS [2025-12-11 22:06:51] R/vaq.r valid cache (9 MB)
SUCCESS [2025-12-11 22:06:51] r/households.r (forced) in 0.28 sec. (84 kB)
SUCCESS [2025-12-11 22:06:51] r/nace.r (forced) in 0.25 sec. (11 kB)
SUCCESS [2025-12-11 22:06:51] R/nace.r valid cache (11 kB)
SUCCESS [2025-12-11 22:06:51] R/nace.r valid cache (11 kB)
SUCCESS [2025-12-11 22:06:54] r/salaires.r (forced) in 3.5 sec. (161 kB)
SUCCESS [2025-12-11 22:06:55] R/nace.r valid cache (11 kB)
SUCCESS [2025-12-11 22:06:55] R/nace.r valid cache (11 kB)
SUCCESS [2025-12-11 22:06:55] R/nace.r valid cache (11 kB)
SUCCESS [2025-12-11 22:06:55] r/snf_international.r (forced) in 0.49 sec. (22 kB)
SUCCESS [2025-12-11 22:06:55] R/nace.r valid cache (11 kB)
SUCCESS [2025-12-11 22:06:55] R/nace.r valid cache (11 kB)
SUCCESS [2025-12-11 22:06:55] R/nace.r valid cache (11 kB)
SUCCESS [2025-12-11 22:06:55] R/naq10_e.r valid cache (3 MB)
SUCCESS [2025-12-11 22:06:57] r/snf_ratio.r (forced) in 1.98 sec. (212 kB)
SUCCESS [2025-12-11 22:06:58] R/nace.r valid cache (11 kB)
SUCCESS [2025-12-11 22:06:58] R/nace.r valid cache (11 kB)
SUCCESS [2025-12-11 22:06:58] R/naq10_e.r valid cache (3 MB)
SUCCESS [2025-12-11 22:07:02] R/nace.r valid cache (11 kB)
SUCCESS [2025-12-11 22:07:02] R/nace.r valid cache (11 kB)
SUCCESS [2025-12-11 22:07:02] R/vaq.r valid cache (9 MB)
SUCCESS [2025-12-11 22:07:09] r/vaq.r valid cache (9 MB)
ERROR [2025-12-11 22:07:09]   but r/vaq.r failed
INFO [2025-12-11 22:42:46] Refreshing 17 source files
SUCCESS [2025-12-11 22:42:47] R/nace.r valid cache (11 kB)
SUCCESS [2025-12-11 22:42:51] R/naq10_e.r (forced) in 4.34 sec. (3 MB)
SUCCESS [2025-12-11 22:42:51] R/nace.r valid cache (11 kB)
SUCCESS [2025-12-11 22:42:52] R/naq10_e.r valid cache (3 MB)
SUCCESS [2025-12-11 22:42:52] R/mixte.r (forced) in 1.33 sec. (2 MB)
SUCCESS [2025-12-11 22:42:54] R/france CN 2014.r (forced) in 1.93 sec. (46 kB)
SUCCESS [2025-12-11 22:42:54] R/nace.r valid cache (11 kB)
SUCCESS [2025-12-11 22:42:54] R/nace.r valid cache (11 kB)
SUCCESS [2025-12-11 22:42:55] R/assets.r (forced) in 0.87 sec. (805 kB)
SUCCESS [2025-12-11 22:42:57] R/oecd.r (forced) in 1.9 sec. (138 kB)
SUCCESS [2025-12-11 22:42:58] R/snf_international.r valid cache (22 kB)
SUCCESS [2025-12-11 22:42:58] R/psali.r (forced) in 0.74 sec. (920 kB)
SUCCESS [2025-12-11 22:42:58] R/nace.r valid cache (11 kB)
SUCCESS [2025-12-11 22:42:58] R/mixte.r valid cache (2 MB)
SUCCESS [2025-12-11 22:42:58] R/nace.r valid cache (11 kB)
SUCCESS [2025-12-11 22:42:58] R/vaq.r valid cache (9 MB)
SUCCESS [2025-12-11 22:42:58] R/mixte.r valid cache (2 MB)
SUCCESS [2025-12-11 22:42:59] R/nace.r valid cache (11 kB)
SUCCESS [2025-12-11 22:42:59] R/nace.r valid cache (11 kB)
SUCCESS [2025-12-11 22:42:59] R/vaq.r valid cache (9 MB)
SUCCESS [2025-12-11 22:43:09] R/france-melodi.r (exec. no cache found) in 11.05 sec. (217 kB)
SUCCESS [2025-12-11 22:43:09] R/naq10_e.r valid cache (3 MB)
SUCCESS [2025-12-11 22:43:10] r/annexed.r (forced) in 11.9 sec. (658 kB)
SUCCESS [2025-12-11 22:43:10] R/vaq.r valid cache (9 MB)
SUCCESS [2025-12-11 22:43:10] R/nace.r valid cache (11 kB)
SUCCESS [2025-12-11 22:43:10] r/decomp.r (forced) in 0.07 sec. (12 kB)
SUCCESS [2025-12-11 22:43:11] R/vaq.r valid cache (9 MB)
SUCCESS [2025-12-11 22:43:11] r/ggvanettebrute.r (forced) in 0.73 sec. (500 kB)
SUCCESS [2025-12-11 22:43:11] R/nace.r valid cache (11 kB)
SUCCESS [2025-12-11 22:43:11] R/nace.r valid cache (11 kB)
SUCCESS [2025-12-11 22:43:11] R/vaq.r valid cache (9 MB)
SUCCESS [2025-12-11 22:43:11] R/vaq.r valid cache (9 MB)
SUCCESS [2025-12-11 22:43:12] r/households.r (forced) in 0.42 sec. (84 kB)
SUCCESS [2025-12-11 22:43:12] r/nace.r (forced) in 0.68 sec. (11 kB)
SUCCESS [2025-12-11 22:43:12] R/nace.r valid cache (11 kB)
SUCCESS [2025-12-11 22:43:12] R/nace.r valid cache (11 kB)
SUCCESS [2025-12-11 22:43:18] r/salaires.r (forced) in 5.16 sec. (161 kB)
SUCCESS [2025-12-11 22:43:18] R/nace.r valid cache (11 kB)
SUCCESS [2025-12-11 22:43:18] R/nace.r valid cache (11 kB)
SUCCESS [2025-12-11 22:43:18] R/nace.r valid cache (11 kB)
SUCCESS [2025-12-11 22:43:19] r/snf_international.r (forced) in 1 sec. (22 kB)
SUCCESS [2025-12-11 22:43:19] R/nace.r valid cache (11 kB)
SUCCESS [2025-12-11 22:43:19] R/nace.r valid cache (11 kB)
SUCCESS [2025-12-11 22:43:19] R/nace.r valid cache (11 kB)
SUCCESS [2025-12-11 22:43:19] R/naq10_e.r valid cache (3 MB)
SUCCESS [2025-12-11 22:43:21] r/snf_ratio.r (forced) in 2.57 sec. (212 kB)
SUCCESS [2025-12-11 22:43:22] R/nace.r valid cache (11 kB)
SUCCESS [2025-12-11 22:43:22] R/nace.r valid cache (11 kB)
SUCCESS [2025-12-11 22:43:22] R/naq10_e.r valid cache (3 MB)
SUCCESS [2025-12-11 22:43:29] R/nace.r valid cache (11 kB)
SUCCESS [2025-12-11 22:43:29] R/nace.r valid cache (11 kB)
SUCCESS [2025-12-11 22:43:29] R/vaq.r valid cache (9 MB)
SUCCESS [2025-12-11 22:43:36] r/vaq.r valid cache (9 MB)
ERROR [2025-12-11 22:43:36]   but r/vaq.r failed
SUCCESS [2025-12-11 22:43:36] R/france CN 2014.r (forced) in 0.26 sec. (46 kB)
SUCCESS [2025-12-11 22:43:36] R/nace.r valid cache (11 kB)
SUCCESS [2025-12-11 22:43:36] R/nace.r valid cache (11 kB)
SUCCESS [2025-12-11 22:43:36] R/vaq.r valid cache (9 MB)
