INFO [2025-12-12 14:38:05] Refreshing 17 source files
SUCCESS [2025-12-12 14:38:05] R/nace.r valid cache (11 kB)
SUCCESS [2025-12-12 14:38:09] R/naq10_e.r (forced) in 4.61 sec. (3 MB)
SUCCESS [2025-12-12 14:38:09] R/nace.r valid cache (11 kB)
SUCCESS [2025-12-12 14:38:10] R/naq10_e.r valid cache (3 MB)
SUCCESS [2025-12-12 14:38:11] R/mixte.r (forced) in 1.63 sec. (2 MB)
SUCCESS [2025-12-12 14:38:14] R/france CN 2014.r (forced) in 2.06 sec. (46 kB)
SUCCESS [2025-12-12 14:38:14] R/nace.r valid cache (11 kB)
SUCCESS [2025-12-12 14:38:14] R/nace.r valid cache (11 kB)
SUCCESS [2025-12-12 14:38:15] R/assets.r (forced) in 1.11 sec. (805 kB)
SUCCESS [2025-12-12 14:38:30] R/oecd.r (forced) in 14.86 sec. (138 kB)
SUCCESS [2025-12-12 14:38:31] R/snf_international.r valid cache (22 kB)
SUCCESS [2025-12-12 14:38:31] R/psali.r (forced) in 0.88 sec. (920 kB)
SUCCESS [2025-12-12 14:38:31] R/nace.r valid cache (11 kB)
SUCCESS [2025-12-12 14:38:31] R/mixte.r valid cache (2 MB)
SUCCESS [2025-12-12 14:38:31] R/nace.r valid cache (11 kB)
SUCCESS [2025-12-12 14:38:31] R/vaq.r valid cache (9 MB)
SUCCESS [2025-12-12 14:38:31] R/mixte.r valid cache (2 MB)
SUCCESS [2025-12-12 14:38:31] R/nace.r valid cache (11 kB)
SUCCESS [2025-12-12 14:38:31] R/nace.r valid cache (11 kB)
SUCCESS [2025-12-12 14:38:31] R/vaq.r valid cache (9 MB)
SUCCESS [2025-12-12 14:38:44] R/france-melodi.r (exec. no cache found) in 12.57 sec. (217 kB)
SUCCESS [2025-12-12 14:38:44] R/naq10_e.r valid cache (3 MB)
SUCCESS [2025-12-12 14:38:44] r/annexed.r (forced) in 13.34 sec. (658 kB)
SUCCESS [2025-12-12 14:38:44] R/vaq.r valid cache (9 MB)
SUCCESS [2025-12-12 14:38:44] R/nace.r valid cache (11 kB)
SUCCESS [2025-12-12 14:38:44] r/decomp.r (forced) in 0.07 sec. (12 kB)
SUCCESS [2025-12-12 14:38:45] R/vaq.r valid cache (9 MB)
SUCCESS [2025-12-12 14:38:45] r/ggvanettebrute.r (forced) in 0.73 sec. (500 kB)
SUCCESS [2025-12-12 14:38:45] R/nace.r valid cache (11 kB)
SUCCESS [2025-12-12 14:38:45] R/nace.r valid cache (11 kB)
SUCCESS [2025-12-12 14:38:46] R/vaq.r valid cache (9 MB)
SUCCESS [2025-12-12 14:38:46] R/vaq.r valid cache (9 MB)
SUCCESS [2025-12-12 14:38:46] r/households.r (forced) in 0.51 sec. (84 kB)
SUCCESS [2025-12-12 14:38:47] r/nace.r (forced) in 0.84 sec. (11 kB)
SUCCESS [2025-12-12 14:38:47] R/nace.r valid cache (11 kB)
SUCCESS [2025-12-12 14:38:47] R/nace.r valid cache (11 kB)
SUCCESS [2025-12-12 14:38:53] r/salaires.r (forced) in 5.88 sec. (161 kB)
SUCCESS [2025-12-12 14:38:53] R/nace.r valid cache (11 kB)
SUCCESS [2025-12-12 14:38:53] R/nace.r valid cache (11 kB)
SUCCESS [2025-12-12 14:38:53] R/nace.r valid cache (11 kB)
SUCCESS [2025-12-12 14:38:55] r/snf_international.r (forced) in 1.56 sec. (22 kB)
SUCCESS [2025-12-12 14:38:55] R/nace.r valid cache (11 kB)
SUCCESS [2025-12-12 14:38:55] R/nace.r valid cache (11 kB)
SUCCESS [2025-12-12 14:38:55] R/nace.r valid cache (11 kB)
SUCCESS [2025-12-12 14:38:55] R/naq10_e.r valid cache (3 MB)
SUCCESS [2025-12-12 14:38:58] r/snf_ratio.r (forced) in 3.11 sec. (212 kB)
SUCCESS [2025-12-12 14:38:58] R/nace.r valid cache (11 kB)
SUCCESS [2025-12-12 14:38:58] R/nace.r valid cache (11 kB)
SUCCESS [2025-12-12 14:38:58] R/naq10_e.r valid cache (3 MB)
SUCCESS [2025-12-12 14:39:06] R/nace.r valid cache (11 kB)
SUCCESS [2025-12-12 14:39:06] R/nace.r valid cache (11 kB)
SUCCESS [2025-12-12 14:39:06] R/vaq.r valid cache (9 MB)
SUCCESS [2025-12-12 14:39:14] r/vaq.r valid cache (9 MB)
ERROR [2025-12-12 14:39:14]   but r/vaq.r failed
SUCCESS [2025-12-12 14:39:15] R/france CN 2014.r (forced) in 0.26 sec. (46 kB)
SUCCESS [2025-12-12 14:39:15] R/nace.r valid cache (11 kB)
SUCCESS [2025-12-12 14:39:15] R/nace.r valid cache (11 kB)
SUCCESS [2025-12-12 14:39:15] R/vaq.r valid cache (9 MB)
INFO [2025-12-12 15:31:22] Refreshing 17 source files
SUCCESS [2025-12-12 15:31:23] R/nace.r valid cache (11 kB)
SUCCESS [2025-12-12 15:31:27] R/naq10_e.r (forced) in 4.88 sec. (3 MB)
SUCCESS [2025-12-12 15:31:27] R/nace.r valid cache (11 kB)
SUCCESS [2025-12-12 15:31:28] R/naq10_e.r valid cache (3 MB)
SUCCESS [2025-12-12 15:31:28] R/mixte.r (forced) in 1.59 sec. (2 MB)
SUCCESS [2025-12-12 15:31:31] R/france CN 2014.r (forced) in 2.32 sec. (46 kB)
SUCCESS [2025-12-12 15:31:31] R/nace.r valid cache (11 kB)
SUCCESS [2025-12-12 15:31:31] R/nace.r valid cache (11 kB)
SUCCESS [2025-12-12 15:31:34] R/assets.r (forced) in 2.76 sec. (805 kB)
SUCCESS [2025-12-12 15:31:37] R/oecd.r (forced) in 3.07 sec. (138 kB)
SUCCESS [2025-12-12 15:31:38] R/snf_international.r valid cache (22 kB)
SUCCESS [2025-12-12 15:31:38] R/psali.r (forced) in 0.78 sec. (1 MB)
SUCCESS [2025-12-12 15:31:38] R/nace.r valid cache (11 kB)
SUCCESS [2025-12-12 15:31:38] R/mixte.r valid cache (2 MB)
SUCCESS [2025-12-12 15:31:38] R/nace.r valid cache (11 kB)
SUCCESS [2025-12-12 15:31:38] R/vaq.r valid cache (9 MB)
SUCCESS [2025-12-12 15:31:38] R/mixte.r valid cache (2 MB)
SUCCESS [2025-12-12 15:31:39] R/nace.r valid cache (11 kB)
SUCCESS [2025-12-12 15:31:39] R/nace.r valid cache (11 kB)
SUCCESS [2025-12-12 15:31:39] R/vaq.r valid cache (9 MB)
SUCCESS [2025-12-12 15:31:51] R/france-melodi.r (exec. no cache) in 12.67 sec. (217 kB)
SUCCESS [2025-12-12 15:31:51] R/naq10_e.r valid cache (3 MB)
SUCCESS [2025-12-12 15:31:52] r/annexed.r (forced) in 13.48 sec. (658 kB)
SUCCESS [2025-12-12 15:31:52] R/vaq.r valid cache (9 MB)
SUCCESS [2025-12-12 15:31:52] R/nace.r valid cache (11 kB)
SUCCESS [2025-12-12 15:31:52] r/decomp.r (forced) in 0.07 sec. (12 kB)
SUCCESS [2025-12-12 15:31:53] R/vaq.r valid cache (9 MB)
SUCCESS [2025-12-12 15:31:53] r/ggvanettebrute.r (forced) in 0.7 sec. (500 kB)
SUCCESS [2025-12-12 15:31:53] R/nace.r valid cache (11 kB)
SUCCESS [2025-12-12 15:31:53] R/nace.r valid cache (11 kB)
SUCCESS [2025-12-12 15:31:53] R/vaq.r valid cache (9 MB)
SUCCESS [2025-12-12 15:31:53] R/vaq.r valid cache (9 MB)
SUCCESS [2025-12-12 15:31:53] r/households.r (forced) in 0.53 sec. (84 kB)
SUCCESS [2025-12-12 15:31:55] r/nace.r (forced) in 0.95 sec. (11 kB)
SUCCESS [2025-12-12 15:31:55] R/nace.r valid cache (11 kB)
SUCCESS [2025-12-12 15:31:55] R/nace.r valid cache (11 kB)
SUCCESS [2025-12-12 15:32:00] r/salaires.r (forced) in 5.85 sec. (161 kB)
SUCCESS [2025-12-12 15:32:01] R/nace.r valid cache (11 kB)
SUCCESS [2025-12-12 15:32:01] R/nace.r valid cache (11 kB)
SUCCESS [2025-12-12 15:32:01] R/nace.r valid cache (11 kB)
SUCCESS [2025-12-12 15:32:02] r/snf_international.r (forced) in 1.41 sec. (22 kB)
SUCCESS [2025-12-12 15:32:02] R/nace.r valid cache (11 kB)
SUCCESS [2025-12-12 15:32:02] R/nace.r valid cache (11 kB)
SUCCESS [2025-12-12 15:32:02] R/nace.r valid cache (11 kB)
SUCCESS [2025-12-12 15:32:02] R/naq10_e.r valid cache (3 MB)
SUCCESS [2025-12-12 15:32:05] r/snf_ratio.r (forced) in 3.3 sec. (212 kB)
SUCCESS [2025-12-12 15:32:06] R/nace.r valid cache (11 kB)
SUCCESS [2025-12-12 15:32:06] R/nace.r valid cache (11 kB)
SUCCESS [2025-12-12 15:32:06] R/naq10_e.r valid cache (3 MB)
SUCCESS [2025-12-12 15:32:14] R/nace.r valid cache (11 kB)
SUCCESS [2025-12-12 15:32:14] R/nace.r valid cache (11 kB)
SUCCESS [2025-12-12 15:32:14] R/vaq.r valid cache (9 MB)
SUCCESS [2025-12-12 15:32:25] r/vaq.r valid cache (9 MB)
ERROR [2025-12-12 15:32:25]   but r/vaq.r failed
SUCCESS [2025-12-12 15:32:25] R/france CN 2014.r (forced) in 0.27 sec. (46 kB)
SUCCESS [2025-12-12 15:32:25] R/nace.r valid cache (11 kB)
SUCCESS [2025-12-12 15:32:25] R/nace.r valid cache (11 kB)
SUCCESS [2025-12-12 15:32:25] R/vaq.r valid cache (9 MB)
