INFO [2026-02-08 17:11:40] Refreshing 16 source files
INFO [2026-02-08 17:11:40] sourcoising /Users/xt/github/travail/R/nace.r
SUCCESS [2026-02-08 17:11:42] R/nace.r (forced) in 2.24 sec. (10.3K)
INFO [2026-02-08 17:11:42] sourcoising /Users/xt/github/travail/R/mixte.r
INFO [2026-02-08 17:11:42] sourcoising /Users/xt/github/travail/R/nace.r
INFO [2026-02-08 17:11:42] Tracked files not found, check your paths.
SUCCESS [2026-02-08 17:11:43] R/nace.r cache valid (10.3K)
INFO [2026-02-08 17:11:43] sourcoising /Users/xt/github/travail/R/naq10_e.r
INFO [2026-02-08 17:11:43] Tracked files not found, check your paths.
INFO [2026-02-08 17:11:43] sourcoising /Users/xt/github/travail/R/nace.r
INFO [2026-02-08 17:11:44] Tracked files not found, check your paths.
SUCCESS [2026-02-08 17:11:44] R/nace.r cache valid (10.3K)
SUCCESS [2026-02-08 17:11:47] R/naq10_e.r (forced) in 3.63 sec. (3.17M)
SUCCESS [2026-02-08 17:11:48] R/mixte.r (forced) in 5.35 sec. (2.1M)
INFO [2026-02-08 17:11:48] sourcoising /Users/xt/github/travail/R/naq10_e.r
INFO [2026-02-08 17:11:48] sourcoising /Users/xt/github/travail/R/nace.r
INFO [2026-02-08 17:11:48] Tracked files not found, check your paths.
SUCCESS [2026-02-08 17:11:48] R/nace.r cache valid (10.3K)
SUCCESS [2026-02-08 17:11:50] R/naq10_e.r (forced) in 2.24 sec. (3.17M)
INFO [2026-02-08 17:11:50] sourcoising /Users/xt/github/travail/R/vaq.r
INFO [2026-02-08 17:11:51] sourcoising /Users/xt/github/travail/R/nace.r
INFO [2026-02-08 17:11:51] Tracked files not found, check your paths.
SUCCESS [2026-02-08 17:11:51] R/nace.r cache valid (10.3K)
INFO [2026-02-08 17:11:51] sourcoising /Users/xt/github/travail/R/nace.r
INFO [2026-02-08 17:11:51] Tracked files not found, check your paths.
SUCCESS [2026-02-08 17:11:51] R/nace.r cache valid (10.3K)
INFO [2026-02-08 17:11:51] sourcoising /Users/xt/github/travail/R/naq10_e.r
INFO [2026-02-08 17:11:51] Tracked files not found, check your paths.
SUCCESS [2026-02-08 17:11:51] R/naq10_e.r cache valid (3.17M)
INFO [2026-02-08 17:12:00] sourcoising /Users/xt/github/travail/R/france-melodi.r
INFO [2026-02-08 17:12:00] Tracked files not found, check your paths.
INFO [2026-02-08 17:12:00] sourcoising /Users/xt/github/travail/R/nace.r
INFO [2026-02-08 17:12:00] Tracked files not found, check your paths.
SUCCESS [2026-02-08 17:12:00] R/nace.r cache valid (10.3K)
INFO [2026-02-08 17:12:00] sourcoising /Users/xt/github/travail/R/nace.r
INFO [2026-02-08 17:12:00] Tracked files not found, check your paths.
SUCCESS [2026-02-08 17:12:00] R/nace.r cache valid (10.3K)
SUCCESS [2026-02-08 17:12:14] R/france-melodi.r (forced) in 14.38 sec. (212K)
INFO [2026-02-08 17:12:14] sourcoising /Users/xt/github/travail/R/mixte.r
INFO [2026-02-08 17:12:14] Tracked files not found, check your paths.
SUCCESS [2026-02-08 17:12:14] R/mixte.r cache valid (2.1M)
INFO [2026-02-08 17:12:14] sourcoising /Users/xt/github/travail/R/mixte.r
INFO [2026-02-08 17:12:14] Tracked files not found, check your paths.
SUCCESS [2026-02-08 17:12:14] R/mixte.r cache valid (2.1M)
INFO [2026-02-08 17:12:16] sourcoising /Users/xt/github/travail/R/mixte.r
INFO [2026-02-08 17:12:16] Tracked files not found, check your paths.
SUCCESS [2026-02-08 17:12:16] R/mixte.r cache valid (2.1M)
SUCCESS [2026-02-08 17:12:17] R/vaq.r cache valid (8.98M)
INFO [2026-02-08 17:12:17] sourcoising /Users/xt/github/travail/R/snf_international.r
INFO [2026-02-08 17:12:17] sourcoising /Users/xt/github/travail/R/nace.r
INFO [2026-02-08 17:12:17] Tracked files not found, check your paths.
SUCCESS [2026-02-08 17:12:17] R/nace.r cache valid (10.3K)
INFO [2026-02-08 17:12:17] sourcoising /Users/xt/github/travail/R/nace.r
INFO [2026-02-08 17:12:17] Tracked files not found, check your paths.
SUCCESS [2026-02-08 17:12:17] R/nace.r cache valid (10.3K)
INFO [2026-02-08 17:12:17] sourcoising /Users/xt/github/travail/R/nace.r
INFO [2026-02-08 17:12:17] Tracked files not found, check your paths.
SUCCESS [2026-02-08 17:12:17] R/nace.r cache valid (10.3K)
SUCCESS [2026-02-08 17:12:18] R/snf_international.r (forced) in 1.32 sec. (21.4K)
INFO [2026-02-08 17:12:18] sourcoising /Users/xt/github/travail/R/annexed.r
INFO [2026-02-08 17:12:18] sourcoising /Users/xt/github/travail/R/nace.r
INFO [2026-02-08 17:12:18] Tracked files not found, check your paths.
SUCCESS [2026-02-08 17:12:18] R/nace.r cache valid (10.3K)
INFO [2026-02-08 17:12:18] sourcoising /Users/xt/github/travail/R/mixte.r
INFO [2026-02-08 17:12:18] Tracked files not found, check your paths.
SUCCESS [2026-02-08 17:12:18] R/mixte.r cache valid (2.1M)
INFO [2026-02-08 17:12:18] sourcoising /Users/xt/github/travail/R/nace.r
INFO [2026-02-08 17:12:18] Tracked files not found, check your paths.
SUCCESS [2026-02-08 17:12:18] R/nace.r cache valid (10.3K)
INFO [2026-02-08 17:12:18] sourcoising /Users/xt/github/travail/R/vaq.r
INFO [2026-02-08 17:12:18] Tracked files not found, check your paths.
SUCCESS [2026-02-08 17:12:18] R/vaq.r cache valid (8.98M)
INFO [2026-02-08 17:12:18] sourcoising /Users/xt/github/travail/R/mixte.r
INFO [2026-02-08 17:12:18] Tracked files not found, check your paths.
SUCCESS [2026-02-08 17:12:18] R/mixte.r cache valid (2.1M)
INFO [2026-02-08 17:12:18] sourcoising /Users/xt/github/travail/R/france-melodi.r
INFO [2026-02-08 17:12:18] Tracked files not found, check your paths.
SUCCESS [2026-02-08 17:12:18] R/france-melodi.r cache valid (212K)
INFO [2026-02-08 17:12:18] sourcoising /Users/xt/github/travail/R/naq10_e.r
INFO [2026-02-08 17:12:18] Tracked files not found, check your paths.
SUCCESS [2026-02-08 17:12:18] R/naq10_e.r cache valid (3.17M)
SUCCESS [2026-02-08 17:12:19] R/annexed.r (forced) in 0.67 sec. (642K)
INFO [2026-02-08 17:12:19] sourcoising /Users/xt/github/travail/R/assets.r
INFO [2026-02-08 17:12:19] sourcoising /Users/xt/github/travail/R/nace.r
INFO [2026-02-08 17:12:19] Tracked files not found, check your paths.
SUCCESS [2026-02-08 17:12:19] R/nace.r cache valid (10.3K)
INFO [2026-02-08 17:12:19] sourcoising /Users/xt/github/travail/R/nace.r
INFO [2026-02-08 17:12:19] Tracked files not found, check your paths.
SUCCESS [2026-02-08 17:12:19] R/nace.r cache valid (10.3K)
SUCCESS [2026-02-08 17:12:20] R/assets.r (forced) in 1.07 sec. (795K)
INFO [2026-02-08 17:12:20] sourcoising /Users/xt/github/travail/R/decomp.r
INFO [2026-02-08 17:12:20] sourcoising /Users/xt/github/travail/R/vaq.r
INFO [2026-02-08 17:12:20] Tracked files not found, check your paths.
SUCCESS [2026-02-08 17:12:20] R/vaq.r cache valid (8.98M)
INFO [2026-02-08 17:12:20] sourcoising /Users/xt/github/travail/R/nace.r
INFO [2026-02-08 17:12:20] Tracked files not found, check your paths.
SUCCESS [2026-02-08 17:12:20] R/nace.r cache valid (10.3K)
SUCCESS [2026-02-08 17:12:20] R/decomp.r (forced) in 0.1 sec. (11.9K)
INFO [2026-02-08 17:12:20] sourcoising /Users/xt/github/travail/R/france cn 2014.r
SUCCESS [2026-02-08 17:12:22] R/france cn 2014.r (forced) in 2.13 sec. (45.3K)
INFO [2026-02-08 17:12:22] sourcoising /Users/xt/github/travail/R/france-melodi.r
INFO [2026-02-08 17:12:23] sourcoising /Users/xt/github/travail/R/nace.r
INFO [2026-02-08 17:12:23] Tracked files not found, check your paths.
SUCCESS [2026-02-08 17:12:23] R/nace.r cache valid (10.3K)
INFO [2026-02-08 17:12:23] sourcoising /Users/xt/github/travail/R/nace.r
INFO [2026-02-08 17:12:23] Tracked files not found, check your paths.
SUCCESS [2026-02-08 17:12:23] R/nace.r cache valid (10.3K)
SUCCESS [2026-02-08 17:12:32] R/france-melodi.r cache valid (212K)
INFO [2026-02-08 17:12:32] sourcoising /Users/xt/github/travail/R/ggvanettebrute.r
INFO [2026-02-08 17:12:32] sourcoising /Users/xt/github/travail/R/vaq.r
INFO [2026-02-08 17:12:32] Tracked files not found, check your paths.
SUCCESS [2026-02-08 17:12:32] R/vaq.r cache valid (8.98M)
SUCCESS [2026-02-08 17:12:33] R/ggvanettebrute.r (forced) in 0.88 sec. (488K)
INFO [2026-02-08 17:12:33] sourcoising /Users/xt/github/travail/R/households.r
INFO [2026-02-08 17:12:33] sourcoising /Users/xt/github/travail/R/nace.r
INFO [2026-02-08 17:12:33] Tracked files not found, check your paths.
SUCCESS [2026-02-08 17:12:33] R/nace.r cache valid (10.3K)
INFO [2026-02-08 17:12:33] sourcoising /Users/xt/github/travail/R/nace.r
INFO [2026-02-08 17:12:33] Tracked files not found, check your paths.
SUCCESS [2026-02-08 17:12:33] R/nace.r cache valid (10.3K)
INFO [2026-02-08 17:12:33] sourcoising /Users/xt/github/travail/R/vaq.r
INFO [2026-02-08 17:12:33] Tracked files not found, check your paths.
SUCCESS [2026-02-08 17:12:33] R/vaq.r cache valid (8.98M)
INFO [2026-02-08 17:12:33] sourcoising /Users/xt/github/travail/R/vaq.r
INFO [2026-02-08 17:12:33] Tracked files not found, check your paths.
SUCCESS [2026-02-08 17:12:33] R/vaq.r cache valid (8.98M)
SUCCESS [2026-02-08 17:12:33] R/households.r (forced) in 0.78 sec. (81.8K)
INFO [2026-02-08 17:12:33] sourcoising /Users/xt/github/travail/R/oecd.r
SUCCESS [2026-02-08 17:12:52] R/oecd.r (forced) in 18.18 sec. (135K)
INFO [2026-02-08 17:12:52] sourcoising /Users/xt/github/travail/R/psali.r
INFO [2026-02-08 17:12:52] sourcoising /Users/xt/github/travail/R/snf_international.r
INFO [2026-02-08 17:12:53] Tracked files not found, check your paths.
SUCCESS [2026-02-08 17:12:53] R/snf_international.r cache valid (21.4K)
INFO [2026-02-08 17:12:53] sourcoising /Users/xt/github/travail/R/salaires.r
INFO [2026-02-08 17:12:53] sourcoising /Users/xt/github/travail/R/nace.r
INFO [2026-02-08 17:12:53] Tracked files not found, check your paths.
SUCCESS [2026-02-08 17:12:53] R/nace.r cache valid (10.3K)
INFO [2026-02-08 17:12:53] sourcoising /Users/xt/github/travail/R/nace.r
INFO [2026-02-08 17:12:53] Tracked files not found, check your paths.
SUCCESS [2026-02-08 17:12:53] R/nace.r cache valid (10.3K)
SUCCESS [2026-02-08 17:12:58] R/salaires.r (forced) in 5.44 sec. (157K)
INFO [2026-02-08 17:12:58] sourcoising /Users/xt/github/travail/R/snf_ratio.r
INFO [2026-02-08 17:12:58] sourcoising /Users/xt/github/travail/R/nace.r
INFO [2026-02-08 17:12:58] Tracked files not found, check your paths.
SUCCESS [2026-02-08 17:12:58] R/nace.r cache valid (10.3K)
INFO [2026-02-08 17:12:58] sourcoising /Users/xt/github/travail/R/nace.r
INFO [2026-02-08 17:12:58] Tracked files not found, check your paths.
SUCCESS [2026-02-08 17:12:58] R/nace.r cache valid (10.3K)
INFO [2026-02-08 17:12:58] sourcoising /Users/xt/github/travail/R/nace.r
INFO [2026-02-08 17:12:58] Tracked files not found, check your paths.
SUCCESS [2026-02-08 17:12:58] R/nace.r cache valid (10.3K)
INFO [2026-02-08 17:12:58] sourcoising /Users/xt/github/travail/R/naq10_e.r
INFO [2026-02-08 17:12:58] Tracked files not found, check your paths.
SUCCESS [2026-02-08 17:12:58] R/naq10_e.r cache valid (3.17M)
SUCCESS [2026-02-08 17:13:01] R/snf_ratio.r (forced) in 2.78 sec. (208K)
