SUCCESS [2025-12-06 08:43:14] r/france cn 2014.r (forced) in 2.22 sec. (46 kB)
SUCCESS [2025-12-06 08:43:35] r/nace.r (forced) in 1.84 sec. (11 kB)
SUCCESS [2025-12-06 08:43:54] r/oecd.r (forced) in 16.16 sec. (138 kB)
SUCCESS [2025-12-06 10:15:30] R/nace.r valid cache (11 kB)
ERROR [2025-12-06 10:15:30]   but R/nace.r failed
SUCCESS [2025-12-06 10:15:30] R/nace.r valid cache (11 kB)
SUCCESS [2025-12-06 10:15:32] R/nace.r valid cache (11 kB)
SUCCESS [2025-12-06 10:15:38] R/naq10_e.r (forced) in 6.12 sec. (3 MB)
SUCCESS [2025-12-06 10:15:38] R/mixte.r (forced) in 8.84 sec. (2 MB)
SUCCESS [2025-12-06 10:15:38] R/nace.r valid cache (11 kB)
SUCCESS [2025-12-06 10:15:39] R/nace.r valid cache (11 kB)
SUCCESS [2025-12-06 10:15:39] R/nace.r valid cache (11 kB)
SUCCESS [2025-12-06 10:15:39] R/naq10_e.r valid cache (3 MB)
SUCCESS [2025-12-06 10:15:51] R/nace.r valid cache (11 kB)
SUCCESS [2025-12-06 10:15:51] R/nace.r valid cache (11 kB)
SUCCESS [2025-12-06 10:15:52] R/vaq.r valid cache (9 MB)
SUCCESS [2025-12-06 10:16:14] R/france-melodi.r (forced) in 22.88 sec. (217 kB)
SUCCESS [2025-12-06 10:16:14] R/mixte.r valid cache (2 MB)
SUCCESS [2025-12-06 10:16:14] R/mixte.r valid cache (2 MB)
SUCCESS [2025-12-06 10:16:15] R/mixte.r valid cache (2 MB)
SUCCESS [2025-12-06 10:16:17] R/nace.r valid cache (11 kB)
SUCCESS [2025-12-06 10:16:17] R/nace.r valid cache (11 kB)
SUCCESS [2025-12-06 10:16:19] R/assets.r (forced) in 1.72 sec. (805 kB)
SUCCESS [2025-12-06 10:16:19] R/vaq.r (forced) in 40.61 sec. (9 MB)
SUCCESS [2025-12-06 10:16:19] R/mixte.r valid cache (2 MB)
SUCCESS [2025-12-06 10:16:19] R/france-melodi.r valid cache (217 kB)
SUCCESS [2025-12-06 10:16:19] R/naq10_e.r valid cache (3 MB)
SUCCESS [2025-12-06 10:16:20] r/annexed.r (forced) in 51.02 sec. (658 kB)
SUCCESS [2025-12-06 10:16:20] R/nace.r valid cache (11 kB)
SUCCESS [2025-12-06 10:16:20] R/nace.r valid cache (11 kB)
SUCCESS [2025-12-06 10:16:21] r/assets.r (forced) in 0.61 sec. (805 kB)
SUCCESS [2025-12-06 10:16:21] R/vaq.r valid cache (9 MB)
SUCCESS [2025-12-06 10:16:21] R/nace.r valid cache (11 kB)
SUCCESS [2025-12-06 10:16:21] r/decomp.r (forced) in 0.1 sec. (12 kB)
SUCCESS [2025-12-06 10:16:23] r/france cn 2014.r (forced) in 2.33 sec. (46 kB)
SUCCESS [2025-12-06 10:16:23] R/nace.r valid cache (11 kB)
SUCCESS [2025-12-06 10:16:23] R/nace.r valid cache (11 kB)
SUCCESS [2025-12-06 10:16:23] R/vaq.r valid cache (9 MB)
SUCCESS [2025-12-06 10:16:40] r/france-melodi.r valid cache (217 kB)
ERROR [2025-12-06 10:16:40]   but r/france-melodi.r failed
SUCCESS [2025-12-06 10:16:40] R/vaq.r valid cache (9 MB)
SUCCESS [2025-12-06 10:16:40] r/ggvanettebrute.r (forced) in 0.72 sec. (500 kB)
SUCCESS [2025-12-06 10:16:40] R/nace.r valid cache (11 kB)
SUCCESS [2025-12-06 10:16:40] R/nace.r valid cache (11 kB)
SUCCESS [2025-12-06 10:16:41] R/vaq.r valid cache (9 MB)
SUCCESS [2025-12-06 10:16:41] R/vaq.r valid cache (9 MB)
SUCCESS [2025-12-06 10:16:41] r/households.r (forced) in 0.89 sec. (84 kB)
SUCCESS [2025-12-06 10:16:41] R/nace.r valid cache (11 kB)
SUCCESS [2025-12-06 10:16:42] R/naq10_e.r valid cache (3 MB)
SUCCESS [2025-12-06 10:16:42] r/mixte.r (forced) in 0.91 sec. (2 MB)
SUCCESS [2025-12-06 10:16:44] r/nace.r (forced) in 1.24 sec. (11 kB)
SUCCESS [2025-12-06 10:16:44] R/nace.r valid cache (11 kB)
SUCCESS [2025-12-06 10:16:46] r/naq10_e.r (forced) in 2.08 sec. (3 MB)
SUCCESS [2025-12-06 10:16:50] r/oecd.r (forced) in 3.69 sec. (138 kB)
SUCCESS [2025-12-06 10:16:50] R/nace.r valid cache (11 kB)
SUCCESS [2025-12-06 10:16:50] R/nace.r valid cache (11 kB)
SUCCESS [2025-12-06 10:16:50] R/nace.r valid cache (11 kB)
SUCCESS [2025-12-06 10:16:52] R/snf_international.r (forced) in 1.9 sec. (22 kB)
SUCCESS [2025-12-06 10:16:52] R/nace.r valid cache (11 kB)
SUCCESS [2025-12-06 10:16:52] R/nace.r valid cache (11 kB)
SUCCESS [2025-12-06 10:16:58] r/salaires.r (forced) in 6.19 sec. (161 kB)
SUCCESS [2025-12-06 10:16:59] R/nace.r valid cache (11 kB)
SUCCESS [2025-12-06 10:16:59] R/nace.r valid cache (11 kB)
SUCCESS [2025-12-06 10:16:59] R/nace.r valid cache (11 kB)
SUCCESS [2025-12-06 10:16:59] r/snf_international.r (forced) in 0.83 sec. (22 kB)
SUCCESS [2025-12-06 10:16:59] R/nace.r valid cache (11 kB)
SUCCESS [2025-12-06 10:16:59] R/nace.r valid cache (11 kB)
SUCCESS [2025-12-06 10:16:59] R/nace.r valid cache (11 kB)
SUCCESS [2025-12-06 10:17:00] R/naq10_e.r valid cache (3 MB)
SUCCESS [2025-12-06 10:17:04] r/snf_ratio.r (forced) in 4.21 sec. (212 kB)
SUCCESS [2025-12-06 10:17:04] R/nace.r valid cache (11 kB)
SUCCESS [2025-12-06 10:17:04] R/nace.r valid cache (11 kB)
SUCCESS [2025-12-06 10:17:04] R/naq10_e.r valid cache (3 MB)
SUCCESS [2025-12-06 10:17:09] R/france-melodi.r valid cache (217 kB)
SUCCESS [2025-12-06 10:17:09] R/mixte.r valid cache (2 MB)
SUCCESS [2025-12-06 10:17:09] R/mixte.r valid cache (2 MB)
SUCCESS [2025-12-06 10:17:11] R/mixte.r valid cache (2 MB)
SUCCESS [2025-12-06 10:17:12] R/assets.r valid cache (805 kB)
SUCCESS [2025-12-06 10:17:12] r/vaq.r (forced) in 7.94 sec. (9 MB)
SUCCESS [2025-12-06 10:17:28] r/nace.r (forced) in 0.78 sec. (11 kB)
SUCCESS [2025-12-06 10:17:28] R/nace.r (forced) in 0.51 sec. (11 kB)
SUCCESS [2025-12-06 10:17:29] R/nace.r valid cache (11 kB)
SUCCESS [2025-12-06 10:17:31] R/naq10_e.r (forced) in 2.31 sec. (3 MB)
SUCCESS [2025-12-06 10:17:32] r/mixte.r (forced) in 3.99 sec. (2 MB)
SUCCESS [2025-12-06 10:17:32] R/nace.r valid cache (11 kB)
SUCCESS [2025-12-06 10:17:34] r/naq10_e.r (forced) in 2.35 sec. (3 MB)
SUCCESS [2025-12-06 10:17:34] R/nace.r valid cache (11 kB)
SUCCESS [2025-12-06 10:17:34] R/nace.r valid cache (11 kB)
SUCCESS [2025-12-06 10:17:35] R/nace.r valid cache (11 kB)
SUCCESS [2025-12-06 10:17:35] R/nace.r valid cache (11 kB)
SUCCESS [2025-12-06 10:17:35] R/naq10_e.r valid cache (3 MB)
SUCCESS [2025-12-06 10:17:40] R/nace.r valid cache (11 kB)
SUCCESS [2025-12-06 10:17:40] R/nace.r valid cache (11 kB)
SUCCESS [2025-12-06 10:17:40] R/vaq.r valid cache (9 MB)
SUCCESS [2025-12-06 10:18:02] R/france-melodi.r (forced) in 21.62 sec. (217 kB)
SUCCESS [2025-12-06 10:18:02] R/nace.r valid cache (11 kB)
SUCCESS [2025-12-06 10:18:03] R/naq10_e.r valid cache (3 MB)
SUCCESS [2025-12-06 10:18:03] R/mixte.r (forced) in 1.11 sec. (2 MB)
SUCCESS [2025-12-06 10:18:03] R/mixte.r valid cache (2 MB)
SUCCESS [2025-12-06 10:18:04] R/mixte.r valid cache (2 MB)
SUCCESS [2025-12-06 10:18:05] R/nace.r valid cache (11 kB)
SUCCESS [2025-12-06 10:18:05] R/nace.r valid cache (11 kB)
SUCCESS [2025-12-06 10:18:06] R/assets.r (forced) in 0.85 sec. (805 kB)
SUCCESS [2025-12-06 10:18:06] R/vaq.r (forced) in 31.79 sec. (9 MB)
SUCCESS [2025-12-06 10:18:22] r/france-melodi.r valid cache (217 kB)
ERROR [2025-12-06 10:18:22]   but r/france-melodi.r failed
SUCCESS [2025-12-06 10:18:22] R/nace.r valid cache (11 kB)
SUCCESS [2025-12-06 10:18:22] R/nace.r valid cache (11 kB)
SUCCESS [2025-12-06 10:18:23] r/assets.r (forced) in 0.78 sec. (805 kB)
SUCCESS [2025-12-06 10:18:23] R/nace.r valid cache (11 kB)
SUCCESS [2025-12-06 10:18:23] R/mixte.r valid cache (2 MB)
SUCCESS [2025-12-06 10:18:23] R/nace.r valid cache (11 kB)
SUCCESS [2025-12-06 10:18:23] R/vaq.r valid cache (9 MB)
SUCCESS [2025-12-06 10:18:23] R/mixte.r valid cache (2 MB)
SUCCESS [2025-12-06 10:18:23] R/france-melodi.r valid cache (217 kB)
SUCCESS [2025-12-06 10:18:23] R/naq10_e.r valid cache (3 MB)
SUCCESS [2025-12-06 10:18:23] r/annexed.r (forced) in 0.63 sec. (658 kB)
SUCCESS [2025-12-06 10:18:23] R/vaq.r valid cache (9 MB)
SUCCESS [2025-12-06 10:18:23] R/nace.r valid cache (11 kB)
SUCCESS [2025-12-06 10:18:23] r/decomp.r (forced) in 0.09 sec. (12 kB)
SUCCESS [2025-12-06 10:18:24] r/france cn 2014.r (forced) in 0.64 sec. (46 kB)
SUCCESS [2025-12-06 10:18:25] R/vaq.r valid cache (9 MB)
SUCCESS [2025-12-06 10:18:25] r/ggvanettebrute.r (forced) in 0.8 sec. (500 kB)
SUCCESS [2025-12-06 10:18:26] R/nace.r valid cache (11 kB)
SUCCESS [2025-12-06 10:18:26] R/nace.r valid cache (11 kB)
SUCCESS [2025-12-06 10:18:26] R/vaq.r valid cache (9 MB)
SUCCESS [2025-12-06 10:18:26] R/vaq.r valid cache (9 MB)
SUCCESS [2025-12-06 10:18:26] r/households.r (forced) in 1.12 sec. (84 kB)
SUCCESS [2025-12-06 10:18:30] r/oecd.r (forced) in 3.53 sec. (138 kB)
SUCCESS [2025-12-06 10:18:31] R/nace.r valid cache (11 kB)
SUCCESS [2025-12-06 10:18:31] R/nace.r valid cache (11 kB)
SUCCESS [2025-12-06 10:18:31] R/nace.r valid cache (11 kB)
SUCCESS [2025-12-06 10:18:32] R/snf_international.r (forced) in 0.97 sec. (22 kB)
SUCCESS [2025-12-06 10:18:32] R/nace.r valid cache (11 kB)
SUCCESS [2025-12-06 10:18:32] R/nace.r valid cache (11 kB)
SUCCESS [2025-12-06 10:18:36] r/salaires.r (forced) in 3.94 sec. (161 kB)
SUCCESS [2025-12-06 10:18:36] R/nace.r valid cache (11 kB)
SUCCESS [2025-12-06 10:18:36] R/nace.r valid cache (11 kB)
SUCCESS [2025-12-06 10:18:36] R/nace.r valid cache (11 kB)
SUCCESS [2025-12-06 10:18:37] r/snf_international.r (forced) in 0.78 sec. (22 kB)
SUCCESS [2025-12-06 10:18:37] R/nace.r valid cache (11 kB)
SUCCESS [2025-12-06 10:18:37] R/nace.r valid cache (11 kB)
SUCCESS [2025-12-06 10:18:37] R/nace.r valid cache (11 kB)
SUCCESS [2025-12-06 10:18:37] R/naq10_e.r valid cache (3 MB)
SUCCESS [2025-12-06 10:18:40] r/snf_ratio.r (forced) in 2.82 sec. (212 kB)
SUCCESS [2025-12-06 10:18:40] R/nace.r valid cache (11 kB)
SUCCESS [2025-12-06 10:18:40] R/nace.r valid cache (11 kB)
SUCCESS [2025-12-06 10:18:40] R/naq10_e.r valid cache (3 MB)
SUCCESS [2025-12-06 10:18:46] R/france-melodi.r valid cache (217 kB)
SUCCESS [2025-12-06 10:18:46] R/mixte.r valid cache (2 MB)
SUCCESS [2025-12-06 10:18:46] R/mixte.r valid cache (2 MB)
SUCCESS [2025-12-06 10:18:47] R/mixte.r valid cache (2 MB)
SUCCESS [2025-12-06 10:18:48] R/assets.r valid cache (805 kB)
SUCCESS [2025-12-06 10:18:48] r/vaq.r (forced) in 8.61 sec. (9 MB)
INFO [2025-12-06 10:36:00] Refreshing 16 files
SUCCESS [2025-12-06 10:36:00] r/nace.r valid cache (11 kB)
ERROR [2025-12-06 10:36:00]   but r/nace.r failed
SUCCESS [2025-12-06 10:36:01] r/mixte.r valid cache (2 MB)
ERROR [2025-12-06 10:36:01]   but r/mixte.r failed
SUCCESS [2025-12-06 10:36:02] r/vaq.r valid cache (9 MB)
ERROR [2025-12-06 10:36:02]   but r/vaq.r failed
SUCCESS [2025-12-06 10:36:02] r/naq10_e.r valid cache (3 MB)
ERROR [2025-12-06 10:36:02]   but r/naq10_e.r failed
SUCCESS [2025-12-06 10:36:03] r/france-melodi.r valid cache (217 kB)
ERROR [2025-12-06 10:36:03]   but r/france-melodi.r failed
SUCCESS [2025-12-06 10:36:03] r/assets.r valid cache (805 kB)
ERROR [2025-12-06 10:36:03]   but r/assets.r failed
SUCCESS [2025-12-06 10:36:03] r/annexed.r valid cache (658 kB)
ERROR [2025-12-06 10:36:03]   but r/annexed.r failed
SUCCESS [2025-12-06 10:36:03] r/decomp.r valid cache (12 kB)
ERROR [2025-12-06 10:36:03]   but r/decomp.r failed
SUCCESS [2025-12-06 10:36:05] r/france cn 2014.r (forced) in 2.33 sec. (46 kB)
SUCCESS [2025-12-06 10:36:06] r/ggvanettebrute.r valid cache (500 kB)
ERROR [2025-12-06 10:36:06]   but r/ggvanettebrute.r failed
SUCCESS [2025-12-06 10:36:06] r/households.r valid cache (84 kB)
ERROR [2025-12-06 10:36:06]   but r/households.r failed
SUCCESS [2025-12-06 10:36:09] r/oecd.r (forced) in 3.51 sec. (138 kB)
SUCCESS [2025-12-06 10:36:10] r/psali.r valid cache (1 MB)
ERROR [2025-12-06 10:36:10]   but r/psali.r failed
SUCCESS [2025-12-06 10:36:10] r/salaires.r valid cache (161 kB)
ERROR [2025-12-06 10:36:10]   but r/salaires.r failed
SUCCESS [2025-12-06 10:36:10] r/snf_international.r valid cache (22 kB)
ERROR [2025-12-06 10:36:10]   but r/snf_international.r failed
SUCCESS [2025-12-06 10:36:10] r/snf_ratio.r valid cache (212 kB)
ERROR [2025-12-06 10:36:10]   but r/snf_ratio.r failed
INFO [2025-12-06 10:38:23] Refreshing 1 files
INFO [2025-12-06 10:38:24] Inializing with init_fn()
SUCCESS [2025-12-06 10:38:25] r/nace.r (forced) in 0.77 sec. (11 kB)
INFO [2025-12-06 10:39:12] Refreshing 16 files
INFO [2025-12-06 10:39:12] Inializing with init_fn()
SUCCESS [2025-12-06 10:39:13] r/nace.r (forced) in 0.88 sec. (11 kB)
SUCCESS [2025-12-06 10:39:13] r/mixte.r valid cache (2 MB)
ERROR [2025-12-06 10:39:13]   but r/mixte.r failed
SUCCESS [2025-12-06 10:39:14] r/vaq.r valid cache (9 MB)
ERROR [2025-12-06 10:39:14]   but r/vaq.r failed
SUCCESS [2025-12-06 10:39:14] r/naq10_e.r valid cache (3 MB)
ERROR [2025-12-06 10:39:14]   but r/naq10_e.r failed
SUCCESS [2025-12-06 10:39:14] r/france-melodi.r valid cache (217 kB)
ERROR [2025-12-06 10:39:14]   but r/france-melodi.r failed
SUCCESS [2025-12-06 10:39:14] r/assets.r valid cache (805 kB)
ERROR [2025-12-06 10:39:14]   but r/assets.r failed
SUCCESS [2025-12-06 10:39:14] r/annexed.r valid cache (658 kB)
ERROR [2025-12-06 10:39:14]   but r/annexed.r failed
SUCCESS [2025-12-06 10:39:14] r/decomp.r valid cache (12 kB)
ERROR [2025-12-06 10:39:14]   but r/decomp.r failed
SUCCESS [2025-12-06 10:39:15] r/france cn 2014.r (forced) in 0.36 sec. (46 kB)
SUCCESS [2025-12-06 10:39:15] r/ggvanettebrute.r valid cache (500 kB)
ERROR [2025-12-06 10:39:15]   but r/ggvanettebrute.r failed
SUCCESS [2025-12-06 10:39:15] r/households.r valid cache (84 kB)
ERROR [2025-12-06 10:39:15]   but r/households.r failed
SUCCESS [2025-12-06 10:39:19] r/oecd.r (forced) in 3.4 sec. (138 kB)
SUCCESS [2025-12-06 10:39:19] r/psali.r valid cache (1 MB)
ERROR [2025-12-06 10:39:19]   but r/psali.r failed
SUCCESS [2025-12-06 10:39:19] r/salaires.r valid cache (161 kB)
ERROR [2025-12-06 10:39:19]   but r/salaires.r failed
SUCCESS [2025-12-06 10:39:19] r/snf_international.r valid cache (22 kB)
ERROR [2025-12-06 10:39:19]   but r/snf_international.r failed
SUCCESS [2025-12-06 10:39:20] r/snf_ratio.r valid cache (212 kB)
ERROR [2025-12-06 10:39:20]   but r/snf_ratio.r failed
INFO [2025-12-06 10:40:05] Refreshing 16 files
INFO [2025-12-06 10:40:06] Inializing with init_fn()
INFO [2025-12-06 10:41:05] Refreshing 16 files
INFO [2025-12-06 10:41:06] Inializing with init_fn()
SUCCESS [2025-12-06 10:41:49] r/nace.r (forced) in 0.87 sec. (11 kB)
SUCCESS [2025-12-06 10:42:06] r/nace.r (forced) in 0.8 sec. (11 kB)
SUCCESS [2025-12-06 10:42:36] r/mixte.r valid cache (2 MB)
ERROR [2025-12-06 10:42:36]   but r/mixte.r failed
INFO [2025-12-06 10:43:55] Refreshing 16 files
INFO [2025-12-06 10:43:56] Inializing with init_fn()
INFO [2025-12-06 10:46:46] Refreshing 16 files
INFO [2025-12-06 10:46:47] Inializing with init_fn()
SUCCESS [2025-12-06 10:48:22] r/nace.r (forced) in 0.85 sec. (11 kB)
SUCCESS [2025-12-06 10:57:20] r/mixte.r valid cache (2 MB)
ERROR [2025-12-06 10:57:20]   but r/mixte.r failed
INFO [2025-12-06 16:57:28] Refreshing 16 files
SUCCESS [2025-12-06 16:57:29] r/nace.r valid cache (11 kB)
ERROR [2025-12-06 16:57:29]   but r/nace.r failed
SUCCESS [2025-12-06 16:57:34] R/nace.r (forced) in 3.79 sec. (11 kB)
SUCCESS [2025-12-06 16:57:36] R/nace.r valid cache (11 kB)
SUCCESS [2025-12-06 16:57:48] R/naq10_e.r (forced) in 11.24 sec. (3 MB)
SUCCESS [2025-12-06 16:57:49] r/mixte.r (forced) in 20.29 sec. (2 MB)
SUCCESS [2025-12-06 16:57:51] R/nace.r valid cache (11 kB)
SUCCESS [2025-12-06 16:57:51] R/nace.r valid cache (11 kB)
SUCCESS [2025-12-06 16:57:51] R/naq10_e.r valid cache (3 MB)
SUCCESS [2025-12-06 16:58:16] R/nace.r valid cache (11 kB)
SUCCESS [2025-12-06 16:58:16] R/nace.r valid cache (11 kB)
SUCCESS [2025-12-06 16:58:17] R/nace.r valid cache (11 kB)
SUCCESS [2025-12-06 16:58:17] R/nace.r valid cache (11 kB)
SUCCESS [2025-12-06 16:58:17] R/naq10_e.r valid cache (3 MB)
SUCCESS [2025-12-06 16:58:26] R/nace.r valid cache (11 kB)
SUCCESS [2025-12-06 16:58:26] R/nace.r valid cache (11 kB)
SUCCESS [2025-12-06 16:58:27] R/nace.r valid cache (11 kB)
SUCCESS [2025-12-06 16:58:28] R/nace.r valid cache (11 kB)
SUCCESS [2025-12-06 16:58:28] R/naq10_e.r valid cache (3 MB)
SUCCESS [2025-12-06 16:58:36] R/nace.r valid cache (11 kB)
SUCCESS [2025-12-06 16:58:36] R/nace.r valid cache (11 kB)
SUCCESS [2025-12-06 16:58:37] R/nace.r valid cache (11 kB)
SUCCESS [2025-12-06 16:58:37] R/nace.r valid cache (11 kB)
SUCCESS [2025-12-06 16:58:37] R/naq10_e.r valid cache (3 MB)
SUCCESS [2025-12-06 16:58:47] R/nace.r valid cache (11 kB)
SUCCESS [2025-12-06 16:58:47] R/nace.r valid cache (11 kB)
SUCCESS [2025-12-06 16:58:48] R/nace.r valid cache (11 kB)
SUCCESS [2025-12-06 16:58:48] R/nace.r valid cache (11 kB)
SUCCESS [2025-12-06 16:58:48] R/naq10_e.r valid cache (3 MB)
SUCCESS [2025-12-06 16:58:59] R/nace.r valid cache (11 kB)
SUCCESS [2025-12-06 16:58:59] R/nace.r valid cache (11 kB)
SUCCESS [2025-12-06 16:59:00] R/nace.r valid cache (11 kB)
SUCCESS [2025-12-06 16:59:00] R/nace.r valid cache (11 kB)
SUCCESS [2025-12-06 16:59:00] R/naq10_e.r valid cache (3 MB)
INFO [2025-12-06 17:11:27] Refreshing 16 files
SUCCESS [2025-12-06 17:11:29] r/nace.r valid cache (11 kB)
ERROR [2025-12-06 17:11:29]   but r/nace.r failed
SUCCESS [2025-12-06 17:11:30] r/mixte.r valid cache (2 MB)
ERROR [2025-12-06 17:11:30]   but r/mixte.r failed
SUCCESS [2025-12-06 17:11:31] r/vaq.r valid cache (9 MB)
ERROR [2025-12-06 17:11:31]   but r/vaq.r failed
SUCCESS [2025-12-06 17:11:31] r/naq10_e.r valid cache (3 MB)
ERROR [2025-12-06 17:11:31]   but r/naq10_e.r failed
SUCCESS [2025-12-06 17:11:32] r/france-melodi.r valid cache (217 kB)
ERROR [2025-12-06 17:11:32]   but r/france-melodi.r failed
SUCCESS [2025-12-06 17:11:32] r/assets.r valid cache (805 kB)
ERROR [2025-12-06 17:11:32]   but r/assets.r failed
SUCCESS [2025-12-06 17:11:32] r/annexed.r valid cache (658 kB)
ERROR [2025-12-06 17:11:32]   but r/annexed.r failed
SUCCESS [2025-12-06 17:11:32] r/decomp.r valid cache (12 kB)
ERROR [2025-12-06 17:11:32]   but r/decomp.r failed
SUCCESS [2025-12-06 17:11:37] r/france cn 2014.r (forced) in 4.51 sec. (46 kB)
SUCCESS [2025-12-06 17:11:38] r/ggvanettebrute.r valid cache (500 kB)
ERROR [2025-12-06 17:11:38]   but r/ggvanettebrute.r failed
SUCCESS [2025-12-06 17:11:38] r/households.r valid cache (84 kB)
ERROR [2025-12-06 17:11:38]   but r/households.r failed
SUCCESS [2025-12-06 17:12:06] r/oecd.r (forced) in 28.03 sec. (138 kB)
SUCCESS [2025-12-06 17:12:07] r/psali.r valid cache (1 MB)
ERROR [2025-12-06 17:12:07]   but r/psali.r failed
SUCCESS [2025-12-06 17:12:07] r/salaires.r valid cache (161 kB)
ERROR [2025-12-06 17:12:07]   but r/salaires.r failed
SUCCESS [2025-12-06 17:12:08] r/snf_international.r valid cache (22 kB)
ERROR [2025-12-06 17:12:08]   but r/snf_international.r failed
SUCCESS [2025-12-06 17:12:08] r/snf_ratio.r valid cache (212 kB)
ERROR [2025-12-06 17:12:08]   but r/snf_ratio.r failed
INFO [2025-12-06 17:14:04] Refreshing 16 files
INFO [2025-12-06 17:14:05] Inializing with init_fn()
INFO [2025-12-06 17:55:11] Refreshing 1 files
INFO [2025-12-06 17:55:12] Inializing with init_fn()
SUCCESS [2025-12-06 17:55:33] r/nace.r (forced) in 20.17 sec. (11 kB)
INFO [2025-12-06 17:56:49] Refreshing 16 files
INFO [2025-12-06 17:56:50] Inializing with init_fn()
SUCCESS [2025-12-06 17:56:50] r/annexed.r valid cache (658 kB)
ERROR [2025-12-06 17:56:50]   but r/annexed.r failed
SUCCESS [2025-12-06 17:56:50] r/assets.r valid cache (805 kB)
ERROR [2025-12-06 17:56:50]   but r/assets.r failed
SUCCESS [2025-12-06 17:56:50] r/decomp.r valid cache (12 kB)
ERROR [2025-12-06 17:56:50]   but r/decomp.r failed
INFO [2025-12-06 17:57:09] Refreshing 1 files
INFO [2025-12-06 17:57:10] Inializing with init_fn()
SUCCESS [2025-12-06 17:57:10] r/annexed.r valid cache (658 kB)
ERROR [2025-12-06 17:57:10]   but r/annexed.r failed
INFO [2025-12-06 18:09:32] Refreshing 16 files
SUCCESS [2025-12-06 18:09:34] R/nace.r valid cache (11 kB)
ERROR [2025-12-06 18:09:34]   but R/nace.r failed
SUCCESS [2025-12-06 18:09:39] R/nace.r (forced) in 4.61 sec. (11 kB)
SUCCESS [2025-12-06 18:09:46] R/nace.r valid cache (11 kB)
SUCCESS [2025-12-06 18:09:55] R/naq10_e.r (forced) in 9.34 sec. (3 MB)
SUCCESS [2025-12-06 18:09:57] R/mixte.r (forced) in 23.05 sec. (2 MB)
SUCCESS [2025-12-06 18:09:57] R/nace.r valid cache (11 kB)
SUCCESS [2025-12-06 18:09:58] R/nace.r valid cache (11 kB)
SUCCESS [2025-12-06 18:09:58] R/nace.r valid cache (11 kB)
SUCCESS [2025-12-06 18:09:58] R/naq10_e.r valid cache (3 MB)
SUCCESS [2025-12-06 18:10:22] R/nace.r valid cache (11 kB)
SUCCESS [2025-12-06 18:10:22] R/nace.r valid cache (11 kB)
SUCCESS [2025-12-06 18:10:24] R/nace.r valid cache (11 kB)
SUCCESS [2025-12-06 18:10:24] R/nace.r valid cache (11 kB)
SUCCESS [2025-12-06 18:10:24] R/naq10_e.r valid cache (3 MB)
SUCCESS [2025-12-06 18:10:33] R/nace.r valid cache (11 kB)
SUCCESS [2025-12-06 18:10:33] R/nace.r valid cache (11 kB)
SUCCESS [2025-12-06 18:10:34] R/nace.r valid cache (11 kB)
SUCCESS [2025-12-06 18:10:34] R/nace.r valid cache (11 kB)
SUCCESS [2025-12-06 18:10:34] R/naq10_e.r valid cache (3 MB)
SUCCESS [2025-12-06 18:10:43] R/nace.r valid cache (11 kB)
SUCCESS [2025-12-06 18:10:43] R/nace.r valid cache (11 kB)
SUCCESS [2025-12-06 18:10:44] R/nace.r valid cache (11 kB)
SUCCESS [2025-12-06 18:10:44] R/nace.r valid cache (11 kB)
SUCCESS [2025-12-06 18:10:44] R/naq10_e.r valid cache (3 MB)
