INFO [2026-05-29 11:42:52] Refreshing 17 source files
INFO [2026-05-29 11:42:52] sourcoising C:/Users/timbe/github/travail/R/nace.r
SUCCESS [2026-05-29 11:42:55] R/nace.r (forced) in 2.92 sec. (10.3K)
INFO [2026-05-29 11:42:55] sourcoising C:/Users/timbe/github/travail/R/mixte.r
INFO [2026-05-29 11:42:55] sourcoising C:/Users/timbe/github/travail/R/nace.r
INFO [2026-05-29 11:42:55] Tracked files not found, check your paths.
SUCCESS [2026-05-29 11:42:55] R/nace.r cache valid (10.3K)
INFO [2026-05-29 11:42:56] sourcoising C:/Users/timbe/github/travail/R/naq10_e.r
INFO [2026-05-29 11:42:56] Tracked files not found, check your paths.
INFO [2026-05-29 11:42:56] sourcoising C:/Users/timbe/github/travail/R/nace.r
INFO [2026-05-29 11:42:56] Tracked files not found, check your paths.
SUCCESS [2026-05-29 11:42:56] R/nace.r cache valid (10.3K)
SUCCESS [2026-05-29 11:43:06] R/naq10_e.r (forced) in 9.09 sec. (3.19M)
SUCCESS [2026-05-29 11:43:07] R/mixte.r cache valid (2.1M)
ERROR [2026-05-29 11:43:07]   but R/mixte.r failed
ERROR [2026-05-29 11:43:07] HTTP status: 400 (Bad request)
  Error id: 150 (Semantic error)
  Error label from API: INVALID_QUERY_DIMENSION: Query is invalid as per its structure's definition. Dimension "INDIC_IL" is not defined
INFO [2026-05-29 11:43:07] sourcoising C:/Users/timbe/github/travail/R/naq10_e.r
INFO [2026-05-29 11:43:07] sourcoising C:/Users/timbe/github/travail/R/nace.r
INFO [2026-05-29 11:43:07] Tracked files not found, check your paths.
SUCCESS [2026-05-29 11:43:07] R/nace.r cache valid (10.3K)
SUCCESS [2026-05-29 11:43:10] R/naq10_e.r (forced) in 3.41 sec. (3.19M)
INFO [2026-05-29 11:43:11] sourcoising C:/Users/timbe/github/travail/R/vaq.r
INFO [2026-05-29 11:43:11] sourcoising C:/Users/timbe/github/travail/R/nace.r
INFO [2026-05-29 11:43:11] Tracked files not found, check your paths.
SUCCESS [2026-05-29 11:43:11] R/nace.r cache valid (10.3K)
INFO [2026-05-29 11:43:12] sourcoising C:/Users/timbe/github/travail/R/nace.r
INFO [2026-05-29 11:43:12] Tracked files not found, check your paths.
SUCCESS [2026-05-29 11:43:12] R/nace.r cache valid (10.3K)
INFO [2026-05-29 11:43:12] sourcoising C:/Users/timbe/github/travail/R/naq10_e.r
INFO [2026-05-29 11:43:12] Tracked files not found, check your paths.
SUCCESS [2026-05-29 11:43:12] R/naq10_e.r cache valid (3.19M)
SUCCESS [2026-05-29 11:43:17] R/vaq.r cache valid (9.08M)
ERROR [2026-05-29 11:43:17]   but R/vaq.r failed
ERROR [2026-05-29 11:43:17] 
INFO [2026-05-29 11:43:17] sourcoising C:/Users/timbe/github/travail/R/assets.r
INFO [2026-05-29 11:43:17] sourcoising C:/Users/timbe/github/travail/R/nace.r
INFO [2026-05-29 11:43:17] Tracked files not found, check your paths.
SUCCESS [2026-05-29 11:43:17] R/nace.r cache valid (10.3K)
INFO [2026-05-29 11:43:17] sourcoising C:/Users/timbe/github/travail/R/nace.r
INFO [2026-05-29 11:43:17] Tracked files not found, check your paths.
SUCCESS [2026-05-29 11:43:17] R/nace.r cache valid (10.3K)
SUCCESS [2026-05-29 11:43:19] R/assets.r (forced) in 1.56 sec. (795K)
INFO [2026-05-29 11:43:19] sourcoising C:/Users/timbe/github/travail/R/france-melodi.r
INFO [2026-05-29 11:43:19] sourcoising C:/Users/timbe/github/travail/R/nace.r
INFO [2026-05-29 11:43:19] Tracked files not found, check your paths.
SUCCESS [2026-05-29 11:43:19] R/nace.r cache valid (10.3K)
INFO [2026-05-29 11:43:19] sourcoising C:/Users/timbe/github/travail/R/nace.r
INFO [2026-05-29 11:43:19] Tracked files not found, check your paths.
SUCCESS [2026-05-29 11:43:19] R/nace.r cache valid (10.3K)
SUCCESS [2026-05-29 11:43:29] R/france-melodi.r (forced) in 9.96 sec. (214K)
INFO [2026-05-29 11:43:29] sourcoising C:/Users/timbe/github/travail/R/snf_international.r
INFO [2026-05-29 11:43:29] sourcoising C:/Users/timbe/github/travail/R/nace.r
INFO [2026-05-29 11:43:29] Tracked files not found, check your paths.
SUCCESS [2026-05-29 11:43:29] R/nace.r cache valid (10.3K)
INFO [2026-05-29 11:43:29] sourcoising C:/Users/timbe/github/travail/R/nace.r
INFO [2026-05-29 11:43:29] Tracked files not found, check your paths.
SUCCESS [2026-05-29 11:43:29] R/nace.r cache valid (10.3K)
INFO [2026-05-29 11:43:29] sourcoising C:/Users/timbe/github/travail/R/nace.r
INFO [2026-05-29 11:43:29] Tracked files not found, check your paths.
SUCCESS [2026-05-29 11:43:29] R/nace.r cache valid (10.3K)
SUCCESS [2026-05-29 11:43:32] R/snf_international.r (forced) in 2.34 sec. (23.2K)
INFO [2026-05-29 11:43:32] sourcoising C:/Users/timbe/github/travail/R/annexeD.r
INFO [2026-05-29 11:43:32] sourcoising C:/Users/timbe/github/travail/R/nace.r
INFO [2026-05-29 11:43:32] Tracked files not found, check your paths.
SUCCESS [2026-05-29 11:43:32] R/nace.r cache valid (10.3K)
INFO [2026-05-29 11:43:32] sourcoising C:/Users/timbe/github/travail/R/mixte.r
INFO [2026-05-29 11:43:32] Tracked files not found, check your paths.
SUCCESS [2026-05-29 11:43:32] R/mixte.r cache valid (2.1M)
INFO [2026-05-29 11:43:32] sourcoising C:/Users/timbe/github/travail/R/nace.r
INFO [2026-05-29 11:43:32] Tracked files not found, check your paths.
SUCCESS [2026-05-29 11:43:32] R/nace.r cache valid (10.3K)
INFO [2026-05-29 11:43:32] sourcoising C:/Users/timbe/github/travail/R/vaq.r
INFO [2026-05-29 11:43:32] Tracked files not found, check your paths.
SUCCESS [2026-05-29 11:43:32] R/vaq.r cache valid (9.08M)
INFO [2026-05-29 11:43:32] sourcoising C:/Users/timbe/github/travail/R/mixte.r
INFO [2026-05-29 11:43:32] Tracked files not found, check your paths.
SUCCESS [2026-05-29 11:43:32] R/mixte.r cache valid (2.1M)
INFO [2026-05-29 11:43:32] sourcoising C:/Users/timbe/github/travail/R/france-melodi.r
INFO [2026-05-29 11:43:32] Tracked files not found, check your paths.
SUCCESS [2026-05-29 11:43:32] R/france-melodi.r cache valid (214K)
INFO [2026-05-29 11:43:32] sourcoising C:/Users/timbe/github/travail/R/naq10_e.r
INFO [2026-05-29 11:43:32] Tracked files not found, check your paths.
SUCCESS [2026-05-29 11:43:32] R/naq10_e.r cache valid (3.19M)
SUCCESS [2026-05-29 11:43:33] R/annexeD.r (forced) in 1.12 sec. (645K)
INFO [2026-05-29 11:43:33] sourcoising C:/Users/timbe/github/travail/R/decomp.r
INFO [2026-05-29 11:43:33] sourcoising C:/Users/timbe/github/travail/R/vaq.r
INFO [2026-05-29 11:43:33] Tracked files not found, check your paths.
SUCCESS [2026-05-29 11:43:33] R/vaq.r cache valid (9.08M)
INFO [2026-05-29 11:43:33] sourcoising C:/Users/timbe/github/travail/R/nace.r
INFO [2026-05-29 11:43:33] Tracked files not found, check your paths.
SUCCESS [2026-05-29 11:43:33] R/nace.r cache valid (10.3K)
SUCCESS [2026-05-29 11:43:33] R/decomp.r (forced) in 0.15 sec. (11.9K)
INFO [2026-05-29 11:43:33] sourcoising C:/Users/timbe/github/travail/R/earn.r
SUCCESS [2026-05-29 11:43:34] R/earn.r (forced) in 0.72 sec. (6.52K)
INFO [2026-05-29 11:43:34] sourcoising C:/Users/timbe/github/travail/R/france CN 2014.r
SUCCESS [2026-05-29 11:43:37] R/france CN 2014.r (forced) in 3 sec. (45.3K)
INFO [2026-05-29 11:43:37] sourcoising C:/Users/timbe/github/travail/R/ggvanettebrute.r
INFO [2026-05-29 11:43:38] sourcoising C:/Users/timbe/github/travail/R/vaq.r
INFO [2026-05-29 11:43:38] Tracked files not found, check your paths.
SUCCESS [2026-05-29 11:43:38] R/vaq.r cache valid (9.08M)
SUCCESS [2026-05-29 11:43:39] R/ggvanettebrute.r (forced) in 1.55 sec. (488K)
INFO [2026-05-29 11:43:39] sourcoising C:/Users/timbe/github/travail/R/households.r
INFO [2026-05-29 11:43:39] sourcoising C:/Users/timbe/github/travail/R/nace.r
INFO [2026-05-29 11:43:39] Tracked files not found, check your paths.
SUCCESS [2026-05-29 11:43:39] R/nace.r cache valid (10.3K)
INFO [2026-05-29 11:43:39] sourcoising C:/Users/timbe/github/travail/R/nace.r
INFO [2026-05-29 11:43:39] Tracked files not found, check your paths.
SUCCESS [2026-05-29 11:43:39] R/nace.r cache valid (10.3K)
INFO [2026-05-29 11:43:40] sourcoising C:/Users/timbe/github/travail/R/vaq.r
INFO [2026-05-29 11:43:40] Tracked files not found, check your paths.
SUCCESS [2026-05-29 11:43:40] R/vaq.r cache valid (9.08M)
INFO [2026-05-29 11:43:40] sourcoising C:/Users/timbe/github/travail/R/vaq.r
INFO [2026-05-29 11:43:40] Tracked files not found, check your paths.
SUCCESS [2026-05-29 11:43:40] R/vaq.r cache valid (9.08M)
SUCCESS [2026-05-29 11:43:40] R/households.r (forced) in 1.02 sec. (81.9K)
INFO [2026-05-29 11:43:40] sourcoising C:/Users/timbe/github/travail/R/oecd.r
SUCCESS [2026-05-29 11:43:40] R/oecd.r cache valid (136K)
ERROR [2026-05-29 11:43:40]   but R/oecd.r failed
ERROR [2026-05-29 11:43:40] impossible d'ouvrir l'URL 'https://stats.oecd.org/restsdmx/sdmx.ashx/GetData/OECD.SDD.NAD,DSD_NAMAIN1@DF_QNA,1.1/Q..USA+FRA+DEU+GBR+ITA+ESP+NLD+BEL+JPN...B1G.._T...V.N.T0101/all'
INFO [2026-05-29 11:43:40] sourcoising C:/Users/timbe/github/travail/R/psali.r
INFO [2026-05-29 11:43:42] sourcoising C:/Users/timbe/github/travail/R/snf_international.r
INFO [2026-05-29 11:43:42] Tracked files not found, check your paths.
SUCCESS [2026-05-29 11:43:42] R/snf_international.r cache valid (23.2K)
INFO [2026-05-29 11:43:42] sourcoising C:/Users/timbe/github/travail/R/salaires.r
INFO [2026-05-29 11:43:42] sourcoising C:/Users/timbe/github/travail/R/nace.r
INFO [2026-05-29 11:43:42] Tracked files not found, check your paths.
SUCCESS [2026-05-29 11:43:42] R/nace.r cache valid (10.3K)
INFO [2026-05-29 11:43:42] sourcoising C:/Users/timbe/github/travail/R/nace.r
INFO [2026-05-29 11:43:42] Tracked files not found, check your paths.
SUCCESS [2026-05-29 11:43:42] R/nace.r cache valid (10.3K)
SUCCESS [2026-05-29 11:43:55] R/salaires.r (forced) in 13.22 sec. (159K)
INFO [2026-05-29 11:43:55] sourcoising C:/Users/timbe/github/travail/R/snf_ratio.r
INFO [2026-05-29 11:43:55] sourcoising C:/Users/timbe/github/travail/R/nace.r
INFO [2026-05-29 11:43:55] Tracked files not found, check your paths.
SUCCESS [2026-05-29 11:43:55] R/nace.r cache valid (10.3K)
INFO [2026-05-29 11:43:55] sourcoising C:/Users/timbe/github/travail/R/nace.r
INFO [2026-05-29 11:43:55] Tracked files not found, check your paths.
SUCCESS [2026-05-29 11:43:55] R/nace.r cache valid (10.3K)
INFO [2026-05-29 11:43:55] sourcoising C:/Users/timbe/github/travail/R/nace.r
INFO [2026-05-29 11:43:55] Tracked files not found, check your paths.
SUCCESS [2026-05-29 11:43:55] R/nace.r cache valid (10.3K)
INFO [2026-05-29 11:43:55] sourcoising C:/Users/timbe/github/travail/R/naq10_e.r
INFO [2026-05-29 11:43:55] Tracked files not found, check your paths.
SUCCESS [2026-05-29 11:43:55] R/naq10_e.r cache valid (3.19M)
SUCCESS [2026-05-29 11:44:00] R/snf_ratio.r (forced) in 4.85 sec. (217K)
