INFO [2026-03-17 16:55:33] Refreshing 17 source files
INFO [2026-03-17 16:55:34] sourcoising C:/Users/timbe/github/travail/R/nace.r
SUCCESS [2026-03-17 16:55:36] R/nace.r (forced) in 2.43 sec. (10.3K)
INFO [2026-03-17 16:55:36] sourcoising C:/Users/timbe/github/travail/R/vaq.r
INFO [2026-03-17 16:55:37] sourcoising C:/Users/timbe/github/travail/R/nace.r
INFO [2026-03-17 16:55:37] Tracked files not found, check your paths.
SUCCESS [2026-03-17 16:55:38] R/nace.r cache valid (10.3K)
INFO [2026-03-17 16:55:38] sourcoising C:/Users/timbe/github/travail/R/nace.r
INFO [2026-03-17 16:55:38] Tracked files not found, check your paths.
SUCCESS [2026-03-17 16:55:38] R/nace.r cache valid (10.3K)
INFO [2026-03-17 16:55:38] sourcoising C:/Users/timbe/github/travail/R/naq10_e.r
INFO [2026-03-17 16:55:38] Tracked files not found, check your paths.
INFO [2026-03-17 16:55:38] sourcoising C:/Users/timbe/github/travail/R/nace.r
INFO [2026-03-17 16:55:38] Tracked files not found, check your paths.
SUCCESS [2026-03-17 16:55:38] R/nace.r cache valid (10.3K)
SUCCESS [2026-03-17 16:55:47] R/naq10_e.r (forced) in 9.47 sec. (3.17M)
SUCCESS [2026-03-17 16:55:50] R/vaq.r cache valid (9.04M)
INFO [2026-03-17 16:55:50] sourcoising C:/Users/timbe/github/travail/R/naq10_e.r
INFO [2026-03-17 16:55:50] sourcoising C:/Users/timbe/github/travail/R/nace.r
INFO [2026-03-17 16:55:50] Tracked files not found, check your paths.
SUCCESS [2026-03-17 16:55:50] R/nace.r cache valid (10.3K)
SUCCESS [2026-03-17 16:55:54] R/naq10_e.r (forced) in 3.67 sec. (3.17M)
INFO [2026-03-17 16:55:54] sourcoising C:/Users/timbe/github/travail/R/mixte.r
INFO [2026-03-17 16:55:54] sourcoising C:/Users/timbe/github/travail/R/nace.r
INFO [2026-03-17 16:55:54] Tracked files not found, check your paths.
SUCCESS [2026-03-17 16:55:54] R/nace.r cache valid (10.3K)
INFO [2026-03-17 16:55:56] sourcoising C:/Users/timbe/github/travail/R/naq10_e.r
INFO [2026-03-17 16:55:56] Tracked files not found, check your paths.
SUCCESS [2026-03-17 16:55:56] R/naq10_e.r cache valid (3.17M)
SUCCESS [2026-03-17 16:55:58] R/mixte.r (forced) in 4.24 sec. (2.1M)
INFO [2026-03-17 16:55:58] sourcoising C:/Users/timbe/github/travail/R/france-melodi.r
INFO [2026-03-17 16:55:58] sourcoising C:/Users/timbe/github/travail/R/nace.r
INFO [2026-03-17 16:55:58] Tracked files not found, check your paths.
SUCCESS [2026-03-17 16:55:58] R/nace.r cache valid (10.3K)
INFO [2026-03-17 16:55:58] sourcoising C:/Users/timbe/github/travail/R/nace.r
INFO [2026-03-17 16:55:58] Tracked files not found, check your paths.
SUCCESS [2026-03-17 16:55:58] R/nace.r cache valid (10.3K)
SUCCESS [2026-03-17 16:56:08] R/france-melodi.r (forced) in 10.07 sec. (212K)
INFO [2026-03-17 16:56:08] sourcoising C:/Users/timbe/github/travail/R/snf_international.r
INFO [2026-03-17 16:56:08] sourcoising C:/Users/timbe/github/travail/R/nace.r
INFO [2026-03-17 16:56:08] Tracked files not found, check your paths.
SUCCESS [2026-03-17 16:56:08] R/nace.r cache valid (10.3K)
INFO [2026-03-17 16:56:08] sourcoising C:/Users/timbe/github/travail/R/nace.r
INFO [2026-03-17 16:56:08] Tracked files not found, check your paths.
SUCCESS [2026-03-17 16:56:08] R/nace.r cache valid (10.3K)
INFO [2026-03-17 16:56:08] sourcoising C:/Users/timbe/github/travail/R/nace.r
INFO [2026-03-17 16:56:08] Tracked files not found, check your paths.
SUCCESS [2026-03-17 16:56:08] R/nace.r cache valid (10.3K)
SUCCESS [2026-03-17 16:56:10] R/snf_international.r (forced) in 1.93 sec. (21.4K)
INFO [2026-03-17 16:56:10] sourcoising C:/Users/timbe/github/travail/R/annexed.r
INFO [2026-03-17 16:56:10] sourcoising C:/Users/timbe/github/travail/R/nace.r
INFO [2026-03-17 16:56:10] Tracked files not found, check your paths.
SUCCESS [2026-03-17 16:56:10] R/nace.r cache valid (10.3K)
INFO [2026-03-17 16:56:10] sourcoising C:/Users/timbe/github/travail/R/mixte.r
INFO [2026-03-17 16:56:10] Tracked files not found, check your paths.
SUCCESS [2026-03-17 16:56:10] R/mixte.r cache valid (2.1M)
INFO [2026-03-17 16:56:10] sourcoising C:/Users/timbe/github/travail/R/nace.r
INFO [2026-03-17 16:56:10] Tracked files not found, check your paths.
SUCCESS [2026-03-17 16:56:10] R/nace.r cache valid (10.3K)
INFO [2026-03-17 16:56:10] sourcoising C:/Users/timbe/github/travail/R/vaq.r
INFO [2026-03-17 16:56:10] Tracked files not found, check your paths.
SUCCESS [2026-03-17 16:56:10] R/vaq.r cache valid (9.04M)
INFO [2026-03-17 16:56:10] sourcoising C:/Users/timbe/github/travail/R/mixte.r
INFO [2026-03-17 16:56:10] Tracked files not found, check your paths.
SUCCESS [2026-03-17 16:56:10] R/mixte.r cache valid (2.1M)
INFO [2026-03-17 16:56:10] sourcoising C:/Users/timbe/github/travail/R/france-melodi.r
INFO [2026-03-17 16:56:10] Tracked files not found, check your paths.
SUCCESS [2026-03-17 16:56:10] R/france-melodi.r cache valid (212K)
INFO [2026-03-17 16:56:10] sourcoising C:/Users/timbe/github/travail/R/naq10_e.r
INFO [2026-03-17 16:56:10] Tracked files not found, check your paths.
SUCCESS [2026-03-17 16:56:10] R/naq10_e.r cache valid (3.17M)
SUCCESS [2026-03-17 16:56:11] R/annexed.r (forced) in 1.08 sec. (644K)
INFO [2026-03-17 16:56:11] sourcoising C:/Users/timbe/github/travail/R/assets.r
INFO [2026-03-17 16:56:11] sourcoising C:/Users/timbe/github/travail/R/nace.r
INFO [2026-03-17 16:56:11] Tracked files not found, check your paths.
SUCCESS [2026-03-17 16:56:11] R/nace.r cache valid (10.3K)
INFO [2026-03-17 16:56:11] sourcoising C:/Users/timbe/github/travail/R/nace.r
INFO [2026-03-17 16:56:11] Tracked files not found, check your paths.
SUCCESS [2026-03-17 16:56:11] R/nace.r cache valid (10.3K)
SUCCESS [2026-03-17 16:56:15] R/assets.r (forced) in 3.32 sec. (795K)
INFO [2026-03-17 16:56:15] sourcoising C:/Users/timbe/github/travail/R/decomp.r
INFO [2026-03-17 16:56:15] sourcoising C:/Users/timbe/github/travail/R/vaq.r
INFO [2026-03-17 16:56:15] Tracked files not found, check your paths.
SUCCESS [2026-03-17 16:56:15] R/vaq.r cache valid (9.04M)
INFO [2026-03-17 16:56:15] sourcoising C:/Users/timbe/github/travail/R/nace.r
INFO [2026-03-17 16:56:15] Tracked files not found, check your paths.
SUCCESS [2026-03-17 16:56:15] R/nace.r cache valid (10.3K)
SUCCESS [2026-03-17 16:56:15] R/decomp.r (forced) in 0.14 sec. (11.9K)
INFO [2026-03-17 16:56:15] sourcoising C:/Users/timbe/github/travail/R/earn.r
SUCCESS [2026-03-17 16:56:16] R/earn.r (forced) in 0.86 sec. (6.52K)
INFO [2026-03-17 16:56:16] sourcoising C:/Users/timbe/github/travail/R/france cn 2014.r
SUCCESS [2026-03-17 16:56:19] R/france cn 2014.r (forced) in 2.83 sec. (45.3K)
INFO [2026-03-17 16:56:19] sourcoising C:/Users/timbe/github/travail/R/ggvanettebrute.r
INFO [2026-03-17 16:56:20] sourcoising C:/Users/timbe/github/travail/R/vaq.r
INFO [2026-03-17 16:56:20] Tracked files not found, check your paths.
SUCCESS [2026-03-17 16:56:20] R/vaq.r cache valid (9.04M)
SUCCESS [2026-03-17 16:56:21] R/ggvanettebrute.r (forced) in 1.53 sec. (488K)
INFO [2026-03-17 16:56:21] sourcoising C:/Users/timbe/github/travail/R/households.r
INFO [2026-03-17 16:56:21] sourcoising C:/Users/timbe/github/travail/R/nace.r
INFO [2026-03-17 16:56:21] Tracked files not found, check your paths.
SUCCESS [2026-03-17 16:56:21] R/nace.r cache valid (10.3K)
INFO [2026-03-17 16:56:21] sourcoising C:/Users/timbe/github/travail/R/nace.r
INFO [2026-03-17 16:56:21] Tracked files not found, check your paths.
SUCCESS [2026-03-17 16:56:21] R/nace.r cache valid (10.3K)
INFO [2026-03-17 16:56:22] sourcoising C:/Users/timbe/github/travail/R/vaq.r
INFO [2026-03-17 16:56:22] Tracked files not found, check your paths.
SUCCESS [2026-03-17 16:56:22] R/vaq.r cache valid (9.04M)
INFO [2026-03-17 16:56:22] sourcoising C:/Users/timbe/github/travail/R/vaq.r
INFO [2026-03-17 16:56:22] Tracked files not found, check your paths.
SUCCESS [2026-03-17 16:56:22] R/vaq.r cache valid (9.04M)
SUCCESS [2026-03-17 16:56:22] R/households.r (forced) in 1.54 sec. (81.9K)
INFO [2026-03-17 16:56:22] sourcoising C:/Users/timbe/github/travail/R/oecd.r
SUCCESS [2026-03-17 16:56:38] R/oecd.r (forced) in 16.17 sec. (136K)
INFO [2026-03-17 16:56:39] sourcoising C:/Users/timbe/github/travail/R/psali.r
INFO [2026-03-17 16:56:40] sourcoising C:/Users/timbe/github/travail/R/snf_international.r
INFO [2026-03-17 16:56:40] Tracked files not found, check your paths.
SUCCESS [2026-03-17 16:56:40] R/snf_international.r cache valid (21.4K)
INFO [2026-03-17 16:56:40] sourcoising C:/Users/timbe/github/travail/R/salaires.r
INFO [2026-03-17 16:56:40] sourcoising C:/Users/timbe/github/travail/R/nace.r
INFO [2026-03-17 16:56:40] Tracked files not found, check your paths.
SUCCESS [2026-03-17 16:56:40] R/nace.r cache valid (10.3K)
INFO [2026-03-17 16:56:40] sourcoising C:/Users/timbe/github/travail/R/nace.r
INFO [2026-03-17 16:56:40] Tracked files not found, check your paths.
SUCCESS [2026-03-17 16:56:40] R/nace.r cache valid (10.3K)
SUCCESS [2026-03-17 16:56:55] R/salaires.r (forced) in 14.9 sec. (158K)
INFO [2026-03-17 16:56:55] sourcoising C:/Users/timbe/github/travail/R/snf_ratio.r
INFO [2026-03-17 16:56:55] sourcoising C:/Users/timbe/github/travail/R/nace.r
INFO [2026-03-17 16:56:55] Tracked files not found, check your paths.
SUCCESS [2026-03-17 16:56:55] R/nace.r cache valid (10.3K)
INFO [2026-03-17 16:56:55] sourcoising C:/Users/timbe/github/travail/R/nace.r
INFO [2026-03-17 16:56:55] Tracked files not found, check your paths.
SUCCESS [2026-03-17 16:56:55] R/nace.r cache valid (10.3K)
INFO [2026-03-17 16:56:55] sourcoising C:/Users/timbe/github/travail/R/nace.r
INFO [2026-03-17 16:56:56] Tracked files not found, check your paths.
SUCCESS [2026-03-17 16:56:56] R/nace.r cache valid (10.3K)
INFO [2026-03-17 16:56:56] sourcoising C:/Users/timbe/github/travail/R/naq10_e.r
INFO [2026-03-17 16:56:56] Tracked files not found, check your paths.
SUCCESS [2026-03-17 16:56:56] R/naq10_e.r cache valid (3.17M)
SUCCESS [2026-03-17 16:57:02] R/snf_ratio.r (forced) in 6.28 sec. (208K)
