INFO [2026-01-08 18:22:59] Refreshing 15 source files
INFO [2026-01-08 18:22:59] sourcoising C:/Users/timbe/github/travail/R/nace.r
SUCCESS [2026-01-08 18:23:03] R/nace.r (forced) in 4.08 sec. (10.3K)
INFO [2026-01-08 18:23:04] sourcoising C:/Users/timbe/github/travail/R/naq10_e.r
INFO [2026-01-08 18:23:04] sourcoising C:/Users/timbe/github/travail/R/nace.r
INFO [2026-01-08 18:23:04] Tracked files not found, check your paths.
SUCCESS [2026-01-08 18:23:04] R/nace.r cache valid (10.3K)
SUCCESS [2026-01-08 18:23:15] R/naq10_e.r (forced) in 11.08 sec. (3.16M)
INFO [2026-01-08 18:23:15] sourcoising C:/Users/timbe/github/travail/R/vaq.r
INFO [2026-01-08 18:23:17] sourcoising C:/Users/timbe/github/travail/R/nace.r
INFO [2026-01-08 18:23:17] Tracked files not found, check your paths.
SUCCESS [2026-01-08 18:23:17] R/nace.r cache valid (10.3K)
INFO [2026-01-08 18:23:17] sourcoising C:/Users/timbe/github/travail/R/nace.r
INFO [2026-01-08 18:23:17] Tracked files not found, check your paths.
SUCCESS [2026-01-08 18:23:17] R/nace.r cache valid (10.3K)
INFO [2026-01-08 18:23:17] sourcoising C:/Users/timbe/github/travail/R/naq10_e.r
INFO [2026-01-08 18:23:17] Tracked files not found, check your paths.
SUCCESS [2026-01-08 18:23:17] R/naq10_e.r cache valid (3.16M)
SUCCESS [2026-01-08 18:23:23] R/vaq.r cache valid (8.98M)
ERROR [2026-01-08 18:23:23]   but R/vaq.r failed
ERROR [2026-01-08 18:23:23] 
INFO [2026-01-08 18:23:23] sourcoising C:/Users/timbe/github/travail/R/mixte.r
INFO [2026-01-08 18:23:23] sourcoising C:/Users/timbe/github/travail/R/nace.r
INFO [2026-01-08 18:23:23] Tracked files not found, check your paths.
SUCCESS [2026-01-08 18:23:23] R/nace.r cache valid (10.3K)
INFO [2026-01-08 18:23:26] sourcoising C:/Users/timbe/github/travail/R/naq10_e.r
INFO [2026-01-08 18:23:26] Tracked files not found, check your paths.
SUCCESS [2026-01-08 18:23:26] R/naq10_e.r cache valid (3.16M)
SUCCESS [2026-01-08 18:23:27] R/mixte.r (forced) in 4.26 sec. (2.1M)
INFO [2026-01-08 18:23:27] sourcoising C:/Users/timbe/github/travail/R/assets.r
INFO [2026-01-08 18:23:27] sourcoising C:/Users/timbe/github/travail/R/nace.r
INFO [2026-01-08 18:23:27] Tracked files not found, check your paths.
SUCCESS [2026-01-08 18:23:27] R/nace.r cache valid (10.3K)
INFO [2026-01-08 18:23:27] sourcoising C:/Users/timbe/github/travail/R/nace.r
INFO [2026-01-08 18:23:27] Tracked files not found, check your paths.
SUCCESS [2026-01-08 18:23:27] R/nace.r cache valid (10.3K)
SUCCESS [2026-01-08 18:23:33] R/assets.r (forced) in 5.64 sec. (795K)
INFO [2026-01-08 18:23:33] sourcoising C:/Users/timbe/github/travail/R/snf_international.r
INFO [2026-01-08 18:23:33] sourcoising C:/Users/timbe/github/travail/R/nace.r
INFO [2026-01-08 18:23:33] Tracked files not found, check your paths.
SUCCESS [2026-01-08 18:23:33] R/nace.r cache valid (10.3K)
INFO [2026-01-08 18:23:33] sourcoising C:/Users/timbe/github/travail/R/nace.r
INFO [2026-01-08 18:23:33] Tracked files not found, check your paths.
SUCCESS [2026-01-08 18:23:33] R/nace.r cache valid (10.3K)
INFO [2026-01-08 18:23:33] sourcoising C:/Users/timbe/github/travail/R/nace.r
INFO [2026-01-08 18:23:33] Tracked files not found, check your paths.
SUCCESS [2026-01-08 18:23:33] R/nace.r cache valid (10.3K)
SUCCESS [2026-01-08 18:23:35] R/snf_international.r (forced) in 1.76 sec. (21.4K)
INFO [2026-01-08 18:23:35] sourcoising C:/Users/timbe/github/travail/R/decomp.r
INFO [2026-01-08 18:23:35] sourcoising C:/Users/timbe/github/travail/R/vaq.r
INFO [2026-01-08 18:23:35] Tracked files not found, check your paths.
SUCCESS [2026-01-08 18:23:35] R/vaq.r cache valid (8.98M)
INFO [2026-01-08 18:23:35] sourcoising C:/Users/timbe/github/travail/R/nace.r
INFO [2026-01-08 18:23:35] Tracked files not found, check your paths.
SUCCESS [2026-01-08 18:23:35] R/nace.r cache valid (10.3K)
SUCCESS [2026-01-08 18:23:35] R/decomp.r (forced) in 0.12 sec. (11.9K)
INFO [2026-01-08 18:23:35] sourcoising C:/Users/timbe/github/travail/R/france cn 2014.r
SUCCESS [2026-01-08 18:23:38] R/france cn 2014.r (forced) in 2.86 sec. (45.3K)
INFO [2026-01-08 18:23:38] sourcoising C:/Users/timbe/github/travail/R/france-melodi.r
INFO [2026-01-08 18:23:38] sourcoising C:/Users/timbe/github/travail/R/nace.r
INFO [2026-01-08 18:23:38] Tracked files not found, check your paths.
SUCCESS [2026-01-08 18:23:38] R/nace.r cache valid (10.3K)
INFO [2026-01-08 18:23:38] sourcoising C:/Users/timbe/github/travail/R/nace.r
INFO [2026-01-08 18:23:38] Tracked files not found, check your paths.
SUCCESS [2026-01-08 18:23:38] R/nace.r cache valid (10.3K)
SUCCESS [2026-01-08 18:23:48] R/france-melodi.r (forced) in 9.91 sec. (212K)
INFO [2026-01-08 18:23:48] sourcoising C:/Users/timbe/github/travail/R/ggvanettebrute.r
INFO [2026-01-08 18:23:49] sourcoising C:/Users/timbe/github/travail/R/vaq.r
INFO [2026-01-08 18:23:49] Tracked files not found, check your paths.
SUCCESS [2026-01-08 18:23:49] R/vaq.r cache valid (8.98M)
SUCCESS [2026-01-08 18:23:50] R/ggvanettebrute.r (forced) in 1.46 sec. (488K)
INFO [2026-01-08 18:23:50] sourcoising C:/Users/timbe/github/travail/R/households.r
INFO [2026-01-08 18:23:50] sourcoising C:/Users/timbe/github/travail/R/nace.r
INFO [2026-01-08 18:23:50] Tracked files not found, check your paths.
SUCCESS [2026-01-08 18:23:50] R/nace.r cache valid (10.3K)
INFO [2026-01-08 18:23:50] sourcoising C:/Users/timbe/github/travail/R/nace.r
INFO [2026-01-08 18:23:50] Tracked files not found, check your paths.
SUCCESS [2026-01-08 18:23:50] R/nace.r cache valid (10.3K)
INFO [2026-01-08 18:23:51] sourcoising C:/Users/timbe/github/travail/R/vaq.r
INFO [2026-01-08 18:23:51] Tracked files not found, check your paths.
SUCCESS [2026-01-08 18:23:51] R/vaq.r cache valid (8.98M)
INFO [2026-01-08 18:23:51] sourcoising C:/Users/timbe/github/travail/R/vaq.r
INFO [2026-01-08 18:23:51] Tracked files not found, check your paths.
SUCCESS [2026-01-08 18:23:51] R/vaq.r cache valid (8.98M)
SUCCESS [2026-01-08 18:23:51] R/households.r (forced) in 1.47 sec. (81.8K)
INFO [2026-01-08 18:23:51] sourcoising C:/Users/timbe/github/travail/R/oecd.r
SUCCESS [2026-01-08 18:24:05] R/oecd.r (forced) in 14.03 sec. (135K)
INFO [2026-01-08 18:24:05] sourcoising C:/Users/timbe/github/travail/R/psali.r
INFO [2026-01-08 18:24:06] sourcoising C:/Users/timbe/github/travail/R/snf_international.r
INFO [2026-01-08 18:24:06] Tracked files not found, check your paths.
SUCCESS [2026-01-08 18:24:06] R/snf_international.r cache valid (21.4K)
INFO [2026-01-08 18:24:07] sourcoising C:/Users/timbe/github/travail/R/salaires.r
INFO [2026-01-08 18:24:07] sourcoising C:/Users/timbe/github/travail/R/nace.r
INFO [2026-01-08 18:24:07] Tracked files not found, check your paths.
SUCCESS [2026-01-08 18:24:07] R/nace.r cache valid (10.3K)
INFO [2026-01-08 18:24:07] sourcoising C:/Users/timbe/github/travail/R/nace.r
INFO [2026-01-08 18:24:07] Tracked files not found, check your paths.
SUCCESS [2026-01-08 18:24:07] R/nace.r cache valid (10.3K)
SUCCESS [2026-01-08 18:24:19] R/salaires.r (forced) in 12.31 sec. (157K)
INFO [2026-01-08 18:24:19] sourcoising C:/Users/timbe/github/travail/R/snf_ratio.r
INFO [2026-01-08 18:24:19] sourcoising C:/Users/timbe/github/travail/R/nace.r
INFO [2026-01-08 18:24:19] Tracked files not found, check your paths.
SUCCESS [2026-01-08 18:24:19] R/nace.r cache valid (10.3K)
INFO [2026-01-08 18:24:19] sourcoising C:/Users/timbe/github/travail/R/nace.r
INFO [2026-01-08 18:24:19] Tracked files not found, check your paths.
SUCCESS [2026-01-08 18:24:19] R/nace.r cache valid (10.3K)
INFO [2026-01-08 18:24:19] sourcoising C:/Users/timbe/github/travail/R/nace.r
INFO [2026-01-08 18:24:19] Tracked files not found, check your paths.
SUCCESS [2026-01-08 18:24:19] R/nace.r cache valid (10.3K)
INFO [2026-01-08 18:24:19] sourcoising C:/Users/timbe/github/travail/R/naq10_e.r
INFO [2026-01-08 18:24:19] Tracked files not found, check your paths.
SUCCESS [2026-01-08 18:24:19] R/naq10_e.r cache valid (3.16M)
SUCCESS [2026-01-08 18:24:29] R/snf_ratio.r (forced) in 9.47 sec. (207K)
