INFO [2026-04-13 10:43:38] Refreshing 17 source files
INFO [2026-04-13 10:43:38] sourcoising C:/Users/timbe/github/travail/R/nace.r
SUCCESS [2026-04-13 10:43:42] R/nace.r (forced) in 3.01 sec. (10.3K)
INFO [2026-04-13 10:43:42] sourcoising C:/Users/timbe/github/travail/R/vaq.r
INFO [2026-04-13 10:43:43] sourcoising C:/Users/timbe/github/travail/R/nace.r
INFO [2026-04-13 10:43:43] Tracked files not found, check your paths.
SUCCESS [2026-04-13 10:43:44] R/nace.r cache valid (10.3K)
INFO [2026-04-13 10:43:44] sourcoising C:/Users/timbe/github/travail/R/nace.r
INFO [2026-04-13 10:43:44] Tracked files not found, check your paths.
SUCCESS [2026-04-13 10:43:44] R/nace.r cache valid (10.3K)
INFO [2026-04-13 10:43:44] sourcoising C:/Users/timbe/github/travail/R/naq10_e.r
INFO [2026-04-13 10:43:44] Tracked files not found, check your paths.
INFO [2026-04-13 10:43:44] sourcoising C:/Users/timbe/github/travail/R/nace.r
INFO [2026-04-13 10:43:44] Tracked files not found, check your paths.
SUCCESS [2026-04-13 10:43:44] R/nace.r cache valid (10.3K)
SUCCESS [2026-04-13 10:43:52] R/naq10_e.r (forced) in 8.33 sec. (3.17M)
SUCCESS [2026-04-13 10:43:55] R/vaq.r cache valid (9.08M)
INFO [2026-04-13 10:43:55] sourcoising C:/Users/timbe/github/travail/R/naq10_e.r
INFO [2026-04-13 10:43:55] sourcoising C:/Users/timbe/github/travail/R/nace.r
INFO [2026-04-13 10:43:55] Tracked files not found, check your paths.
SUCCESS [2026-04-13 10:43:55] R/nace.r cache valid (10.3K)
SUCCESS [2026-04-13 10:43:59] R/naq10_e.r (forced) in 3.63 sec. (3.17M)
INFO [2026-04-13 10:43:59] sourcoising C:/Users/timbe/github/travail/R/mixte.r
INFO [2026-04-13 10:43:59] sourcoising C:/Users/timbe/github/travail/R/nace.r
INFO [2026-04-13 10:43:59] Tracked files not found, check your paths.
SUCCESS [2026-04-13 10:43:59] R/nace.r cache valid (10.3K)
INFO [2026-04-13 10:44:02] sourcoising C:/Users/timbe/github/travail/R/naq10_e.r
INFO [2026-04-13 10:44:02] Tracked files not found, check your paths.
SUCCESS [2026-04-13 10:44:02] R/naq10_e.r cache valid (3.17M)
SUCCESS [2026-04-13 10:44:04] R/mixte.r (forced) in 5.26 sec. (2.1M)
INFO [2026-04-13 10:44:04] sourcoising C:/Users/timbe/github/travail/R/france-melodi.r
INFO [2026-04-13 10:44:04] sourcoising C:/Users/timbe/github/travail/R/nace.r
INFO [2026-04-13 10:44:04] Tracked files not found, check your paths.
SUCCESS [2026-04-13 10:44:04] R/nace.r cache valid (10.3K)
INFO [2026-04-13 10:44:04] sourcoising C:/Users/timbe/github/travail/R/nace.r
INFO [2026-04-13 10:44:04] Tracked files not found, check your paths.
SUCCESS [2026-04-13 10:44:04] R/nace.r cache valid (10.3K)
SUCCESS [2026-04-13 10:44:15] R/france-melodi.r (forced) in 10.89 sec. (212K)
INFO [2026-04-13 10:44:15] sourcoising C:/Users/timbe/github/travail/R/snf_international.r
INFO [2026-04-13 10:44:15] sourcoising C:/Users/timbe/github/travail/R/nace.r
INFO [2026-04-13 10:44:15] Tracked files not found, check your paths.
SUCCESS [2026-04-13 10:44:15] R/nace.r cache valid (10.3K)
INFO [2026-04-13 10:44:15] sourcoising C:/Users/timbe/github/travail/R/nace.r
INFO [2026-04-13 10:44:15] Tracked files not found, check your paths.
SUCCESS [2026-04-13 10:44:15] R/nace.r cache valid (10.3K)
INFO [2026-04-13 10:44:15] sourcoising C:/Users/timbe/github/travail/R/nace.r
INFO [2026-04-13 10:44:15] Tracked files not found, check your paths.
SUCCESS [2026-04-13 10:44:15] R/nace.r cache valid (10.3K)
SUCCESS [2026-04-13 10:44:18] R/snf_international.r (forced) in 2.92 sec. (21.5K)
INFO [2026-04-13 10:44:18] sourcoising C:/Users/timbe/github/travail/R/annexeD.r
INFO [2026-04-13 10:44:18] sourcoising C:/Users/timbe/github/travail/R/nace.r
INFO [2026-04-13 10:44:18] Tracked files not found, check your paths.
SUCCESS [2026-04-13 10:44:18] R/nace.r cache valid (10.3K)
INFO [2026-04-13 10:44:18] sourcoising C:/Users/timbe/github/travail/R/mixte.r
INFO [2026-04-13 10:44:18] Tracked files not found, check your paths.
SUCCESS [2026-04-13 10:44:18] R/mixte.r cache valid (2.1M)
INFO [2026-04-13 10:44:18] sourcoising C:/Users/timbe/github/travail/R/nace.r
INFO [2026-04-13 10:44:18] Tracked files not found, check your paths.
SUCCESS [2026-04-13 10:44:18] R/nace.r cache valid (10.3K)
INFO [2026-04-13 10:44:18] sourcoising C:/Users/timbe/github/travail/R/vaq.r
INFO [2026-04-13 10:44:18] Tracked files not found, check your paths.
SUCCESS [2026-04-13 10:44:18] R/vaq.r cache valid (9.08M)
INFO [2026-04-13 10:44:18] sourcoising C:/Users/timbe/github/travail/R/mixte.r
INFO [2026-04-13 10:44:18] Tracked files not found, check your paths.
SUCCESS [2026-04-13 10:44:18] R/mixte.r cache valid (2.1M)
INFO [2026-04-13 10:44:18] sourcoising C:/Users/timbe/github/travail/R/france-melodi.r
INFO [2026-04-13 10:44:18] Tracked files not found, check your paths.
SUCCESS [2026-04-13 10:44:18] R/france-melodi.r cache valid (212K)
INFO [2026-04-13 10:44:18] sourcoising C:/Users/timbe/github/travail/R/naq10_e.r
INFO [2026-04-13 10:44:18] Tracked files not found, check your paths.
SUCCESS [2026-04-13 10:44:18] R/naq10_e.r cache valid (3.17M)
SUCCESS [2026-04-13 10:44:19] R/annexeD.r (forced) in 1.08 sec. (644K)
INFO [2026-04-13 10:44:19] sourcoising C:/Users/timbe/github/travail/R/assets.r
INFO [2026-04-13 10:44:19] sourcoising C:/Users/timbe/github/travail/R/nace.r
INFO [2026-04-13 10:44:19] Tracked files not found, check your paths.
SUCCESS [2026-04-13 10:44:19] R/nace.r cache valid (10.3K)
INFO [2026-04-13 10:44:19] sourcoising C:/Users/timbe/github/travail/R/nace.r
INFO [2026-04-13 10:44:19] Tracked files not found, check your paths.
SUCCESS [2026-04-13 10:44:19] R/nace.r cache valid (10.3K)
SUCCESS [2026-04-13 10:44:21] R/assets.r (forced) in 1.58 sec. (795K)
INFO [2026-04-13 10:44:21] sourcoising C:/Users/timbe/github/travail/R/decomp.r
INFO [2026-04-13 10:44:21] sourcoising C:/Users/timbe/github/travail/R/vaq.r
INFO [2026-04-13 10:44:21] Tracked files not found, check your paths.
SUCCESS [2026-04-13 10:44:21] R/vaq.r cache valid (9.08M)
INFO [2026-04-13 10:44:21] sourcoising C:/Users/timbe/github/travail/R/nace.r
INFO [2026-04-13 10:44:21] Tracked files not found, check your paths.
SUCCESS [2026-04-13 10:44:21] R/nace.r cache valid (10.3K)
SUCCESS [2026-04-13 10:44:21] R/decomp.r (forced) in 0.12 sec. (11.9K)
INFO [2026-04-13 10:44:21] sourcoising C:/Users/timbe/github/travail/R/earn.r
SUCCESS [2026-04-13 10:44:22] R/earn.r (forced) in 0.8 sec. (6.52K)
INFO [2026-04-13 10:44:22] sourcoising C:/Users/timbe/github/travail/R/france CN 2014.r
SUCCESS [2026-04-13 10:45:12] R/france CN 2014.r (forced) in 50.11 sec. (45.3K)
INFO [2026-04-13 10:45:12] sourcoising C:/Users/timbe/github/travail/R/ggvanettebrute.r
INFO [2026-04-13 10:45:14] sourcoising C:/Users/timbe/github/travail/R/vaq.r
INFO [2026-04-13 10:45:14] Tracked files not found, check your paths.
SUCCESS [2026-04-13 10:45:14] R/vaq.r cache valid (9.08M)
SUCCESS [2026-04-13 10:45:14] R/ggvanettebrute.r (forced) in 1.65 sec. (488K)
INFO [2026-04-13 10:45:14] sourcoising C:/Users/timbe/github/travail/R/households.r
INFO [2026-04-13 10:45:14] sourcoising C:/Users/timbe/github/travail/R/nace.r
INFO [2026-04-13 10:45:14] Tracked files not found, check your paths.
SUCCESS [2026-04-13 10:45:14] R/nace.r cache valid (10.3K)
INFO [2026-04-13 10:45:14] sourcoising C:/Users/timbe/github/travail/R/nace.r
INFO [2026-04-13 10:45:14] Tracked files not found, check your paths.
SUCCESS [2026-04-13 10:45:14] R/nace.r cache valid (10.3K)
INFO [2026-04-13 10:45:15] sourcoising C:/Users/timbe/github/travail/R/vaq.r
INFO [2026-04-13 10:45:15] Tracked files not found, check your paths.
SUCCESS [2026-04-13 10:45:15] R/vaq.r cache valid (9.08M)
INFO [2026-04-13 10:45:15] sourcoising C:/Users/timbe/github/travail/R/vaq.r
INFO [2026-04-13 10:45:15] Tracked files not found, check your paths.
SUCCESS [2026-04-13 10:45:15] R/vaq.r cache valid (9.08M)
SUCCESS [2026-04-13 10:45:15] R/households.r (forced) in 0.75 sec. (81.9K)
INFO [2026-04-13 10:45:15] sourcoising C:/Users/timbe/github/travail/R/oecd.r
SUCCESS [2026-04-13 10:45:30] R/oecd.r (forced) in 15.1 sec. (136K)
INFO [2026-04-13 10:45:30] sourcoising C:/Users/timbe/github/travail/R/psali.r
INFO [2026-04-13 10:45:31] sourcoising C:/Users/timbe/github/travail/R/snf_international.r
INFO [2026-04-13 10:45:31] Tracked files not found, check your paths.
SUCCESS [2026-04-13 10:45:31] R/snf_international.r cache valid (21.5K)
INFO [2026-04-13 10:45:32] sourcoising C:/Users/timbe/github/travail/R/salaires.r
INFO [2026-04-13 10:45:32] sourcoising C:/Users/timbe/github/travail/R/nace.r
INFO [2026-04-13 10:45:32] Tracked files not found, check your paths.
SUCCESS [2026-04-13 10:45:32] R/nace.r cache valid (10.3K)
INFO [2026-04-13 10:45:32] sourcoising C:/Users/timbe/github/travail/R/nace.r
INFO [2026-04-13 10:45:32] Tracked files not found, check your paths.
SUCCESS [2026-04-13 10:45:32] R/nace.r cache valid (10.3K)
SUCCESS [2026-04-13 10:45:45] R/salaires.r (forced) in 13.71 sec. (158K)
INFO [2026-04-13 10:45:45] sourcoising C:/Users/timbe/github/travail/R/snf_ratio.r
INFO [2026-04-13 10:45:45] sourcoising C:/Users/timbe/github/travail/R/nace.r
INFO [2026-04-13 10:45:46] Tracked files not found, check your paths.
SUCCESS [2026-04-13 10:45:46] R/nace.r cache valid (10.3K)
INFO [2026-04-13 10:45:46] sourcoising C:/Users/timbe/github/travail/R/nace.r
INFO [2026-04-13 10:45:46] Tracked files not found, check your paths.
SUCCESS [2026-04-13 10:45:46] R/nace.r cache valid (10.3K)
INFO [2026-04-13 10:45:46] sourcoising C:/Users/timbe/github/travail/R/nace.r
INFO [2026-04-13 10:45:46] Tracked files not found, check your paths.
SUCCESS [2026-04-13 10:45:46] R/nace.r cache valid (10.3K)
INFO [2026-04-13 10:45:46] sourcoising C:/Users/timbe/github/travail/R/naq10_e.r
INFO [2026-04-13 10:45:46] Tracked files not found, check your paths.
SUCCESS [2026-04-13 10:45:46] R/naq10_e.r cache valid (3.17M)
SUCCESS [2026-04-13 10:45:53] R/snf_ratio.r (forced) in 7.65 sec. (209K)
