INFO [2026-02-27 19:22:34] Refreshing 17 source files
INFO [2026-02-27 19:22:34] sourcoising C:/Users/timbe/github/travail/R/nace.r
SUCCESS [2026-02-27 19:22:37] R/nace.r (forced) in 3.13 sec. (10.3K)
INFO [2026-02-27 19:22:37] sourcoising C:/Users/timbe/github/travail/R/mixte.r
INFO [2026-02-27 19:22:37] sourcoising C:/Users/timbe/github/travail/R/nace.r
INFO [2026-02-27 19:22:37] Tracked files not found, check your paths.
SUCCESS [2026-02-27 19:22:38] R/nace.r cache valid (10.3K)
INFO [2026-02-27 19:22:39] sourcoising C:/Users/timbe/github/travail/R/naq10_e.r
INFO [2026-02-27 19:22:39] Tracked files not found, check your paths.
INFO [2026-02-27 19:22:39] sourcoising C:/Users/timbe/github/travail/R/nace.r
INFO [2026-02-27 19:22:39] Tracked files not found, check your paths.
SUCCESS [2026-02-27 19:22:39] R/nace.r cache valid (10.3K)
SUCCESS [2026-02-27 19:22:47] R/naq10_e.r (forced) in 7.67 sec. (3.17M)
SUCCESS [2026-02-27 19:22:48] R/mixte.r (forced) in 10.54 sec. (2.1M)
INFO [2026-02-27 19:22:48] sourcoising C:/Users/timbe/github/travail/R/naq10_e.r
INFO [2026-02-27 19:22:48] sourcoising C:/Users/timbe/github/travail/R/nace.r
INFO [2026-02-27 19:22:48] Tracked files not found, check your paths.
SUCCESS [2026-02-27 19:22:48] R/nace.r cache valid (10.3K)
SUCCESS [2026-02-27 19:22:51] R/naq10_e.r (forced) in 3.45 sec. (3.17M)
INFO [2026-02-27 19:22:51] sourcoising C:/Users/timbe/github/travail/R/vaq.r
INFO [2026-02-27 19:22:53] sourcoising C:/Users/timbe/github/travail/R/nace.r
INFO [2026-02-27 19:22:53] Tracked files not found, check your paths.
SUCCESS [2026-02-27 19:22:53] R/nace.r cache valid (10.3K)
INFO [2026-02-27 19:22:53] sourcoising C:/Users/timbe/github/travail/R/nace.r
INFO [2026-02-27 19:22:53] Tracked files not found, check your paths.
SUCCESS [2026-02-27 19:22:53] R/nace.r cache valid (10.3K)
INFO [2026-02-27 19:22:53] sourcoising C:/Users/timbe/github/travail/R/naq10_e.r
INFO [2026-02-27 19:22:53] Tracked files not found, check your paths.
SUCCESS [2026-02-27 19:22:53] R/naq10_e.r cache valid (3.17M)
SUCCESS [2026-02-27 19:22:55] R/vaq.r cache valid (9.04M)
INFO [2026-02-27 19:22:55] sourcoising C:/Users/timbe/github/travail/R/assets.r
INFO [2026-02-27 19:22:55] sourcoising C:/Users/timbe/github/travail/R/nace.r
INFO [2026-02-27 19:22:55] Tracked files not found, check your paths.
SUCCESS [2026-02-27 19:22:55] R/nace.r cache valid (10.3K)
INFO [2026-02-27 19:22:55] sourcoising C:/Users/timbe/github/travail/R/nace.r
INFO [2026-02-27 19:22:55] Tracked files not found, check your paths.
SUCCESS [2026-02-27 19:22:55] R/nace.r cache valid (10.3K)
SUCCESS [2026-02-27 19:23:00] R/assets.r (forced) in 4.29 sec. (795K)
INFO [2026-02-27 19:23:00] sourcoising C:/Users/timbe/github/travail/R/snf_international.r
INFO [2026-02-27 19:23:00] sourcoising C:/Users/timbe/github/travail/R/nace.r
INFO [2026-02-27 19:23:00] Tracked files not found, check your paths.
SUCCESS [2026-02-27 19:23:00] R/nace.r cache valid (10.3K)
INFO [2026-02-27 19:23:00] sourcoising C:/Users/timbe/github/travail/R/nace.r
INFO [2026-02-27 19:23:00] Tracked files not found, check your paths.
SUCCESS [2026-02-27 19:23:00] R/nace.r cache valid (10.3K)
INFO [2026-02-27 19:23:00] sourcoising C:/Users/timbe/github/travail/R/nace.r
INFO [2026-02-27 19:23:00] Tracked files not found, check your paths.
SUCCESS [2026-02-27 19:23:00] R/nace.r cache valid (10.3K)
SUCCESS [2026-02-27 19:23:02] R/snf_international.r (forced) in 1.9 sec. (21.4K)
INFO [2026-02-27 19:23:02] sourcoising C:/Users/timbe/github/travail/R/annexed.r
INFO [2026-02-27 19:23:02] sourcoising C:/Users/timbe/github/travail/R/nace.r
INFO [2026-02-27 19:23:02] Tracked files not found, check your paths.
SUCCESS [2026-02-27 19:23:02] R/nace.r cache valid (10.3K)
INFO [2026-02-27 19:23:02] sourcoising C:/Users/timbe/github/travail/R/mixte.r
INFO [2026-02-27 19:23:02] Tracked files not found, check your paths.
SUCCESS [2026-02-27 19:23:02] R/mixte.r cache valid (2.1M)
INFO [2026-02-27 19:23:02] sourcoising C:/Users/timbe/github/travail/R/nace.r
INFO [2026-02-27 19:23:02] Tracked files not found, check your paths.
SUCCESS [2026-02-27 19:23:02] R/nace.r cache valid (10.3K)
INFO [2026-02-27 19:23:02] sourcoising C:/Users/timbe/github/travail/R/vaq.r
INFO [2026-02-27 19:23:02] Tracked files not found, check your paths.
SUCCESS [2026-02-27 19:23:02] R/vaq.r cache valid (9.04M)
INFO [2026-02-27 19:23:02] sourcoising C:/Users/timbe/github/travail/R/mixte.r
INFO [2026-02-27 19:23:02] Tracked files not found, check your paths.
SUCCESS [2026-02-27 19:23:02] R/mixte.r cache valid (2.1M)
INFO [2026-02-27 19:23:02] sourcoising C:/Users/timbe/github/travail/R/france-melodi.r
INFO [2026-02-27 19:23:02] Tracked files not found, check your paths.
INFO [2026-02-27 19:23:02] sourcoising C:/Users/timbe/github/travail/R/nace.r
INFO [2026-02-27 19:23:02] Tracked files not found, check your paths.
SUCCESS [2026-02-27 19:23:02] R/nace.r cache valid (10.3K)
INFO [2026-02-27 19:23:02] sourcoising C:/Users/timbe/github/travail/R/nace.r
INFO [2026-02-27 19:23:02] Tracked files not found, check your paths.
SUCCESS [2026-02-27 19:23:02] R/nace.r cache valid (10.3K)
SUCCESS [2026-02-27 19:23:12] R/france-melodi.r (forced) in 10.37 sec. (212K)
INFO [2026-02-27 19:23:12] sourcoising C:/Users/timbe/github/travail/R/naq10_e.r
INFO [2026-02-27 19:23:12] Tracked files not found, check your paths.
SUCCESS [2026-02-27 19:23:12] R/naq10_e.r cache valid (3.17M)
SUCCESS [2026-02-27 19:23:13] R/annexed.r (forced) in 11.51 sec. (642K)
INFO [2026-02-27 19:23:13] sourcoising C:/Users/timbe/github/travail/R/decomp.r
INFO [2026-02-27 19:23:13] sourcoising C:/Users/timbe/github/travail/R/vaq.r
INFO [2026-02-27 19:23:13] Tracked files not found, check your paths.
SUCCESS [2026-02-27 19:23:13] R/vaq.r cache valid (9.04M)
INFO [2026-02-27 19:23:13] sourcoising C:/Users/timbe/github/travail/R/nace.r
INFO [2026-02-27 19:23:13] Tracked files not found, check your paths.
SUCCESS [2026-02-27 19:23:13] R/nace.r cache valid (10.3K)
SUCCESS [2026-02-27 19:23:14] R/decomp.r (forced) in 0.12 sec. (11.9K)
INFO [2026-02-27 19:23:14] sourcoising C:/Users/timbe/github/travail/R/earn.r
SUCCESS [2026-02-27 19:23:15] R/earn.r (forced) in 0.9 sec. (6.52K)
INFO [2026-02-27 19:23:15] sourcoising C:/Users/timbe/github/travail/R/france cn 2014.r
SUCCESS [2026-02-27 19:23:18] R/france cn 2014.r (forced) in 3.01 sec. (45.3K)
INFO [2026-02-27 19:23:18] sourcoising C:/Users/timbe/github/travail/R/france-melodi.r
INFO [2026-02-27 19:23:18] sourcoising C:/Users/timbe/github/travail/R/nace.r
INFO [2026-02-27 19:23:18] Tracked files not found, check your paths.
SUCCESS [2026-02-27 19:23:18] R/nace.r cache valid (10.3K)
INFO [2026-02-27 19:23:18] sourcoising C:/Users/timbe/github/travail/R/nace.r
INFO [2026-02-27 19:23:18] Tracked files not found, check your paths.
SUCCESS [2026-02-27 19:23:18] R/nace.r cache valid (10.3K)
SUCCESS [2026-02-27 19:23:26] R/france-melodi.r cache valid (212K)
INFO [2026-02-27 19:23:26] sourcoising C:/Users/timbe/github/travail/R/ggvanettebrute.r
INFO [2026-02-27 19:23:27] sourcoising C:/Users/timbe/github/travail/R/vaq.r
INFO [2026-02-27 19:23:27] Tracked files not found, check your paths.
SUCCESS [2026-02-27 19:23:27] R/vaq.r cache valid (9.04M)
SUCCESS [2026-02-27 19:23:27] R/ggvanettebrute.r (forced) in 1.7 sec. (488K)
INFO [2026-02-27 19:23:27] sourcoising C:/Users/timbe/github/travail/R/households.r
INFO [2026-02-27 19:23:27] sourcoising C:/Users/timbe/github/travail/R/nace.r
INFO [2026-02-27 19:23:28] Tracked files not found, check your paths.
SUCCESS [2026-02-27 19:23:28] R/nace.r cache valid (10.3K)
INFO [2026-02-27 19:23:28] sourcoising C:/Users/timbe/github/travail/R/nace.r
INFO [2026-02-27 19:23:28] Tracked files not found, check your paths.
SUCCESS [2026-02-27 19:23:28] R/nace.r cache valid (10.3K)
INFO [2026-02-27 19:23:29] sourcoising C:/Users/timbe/github/travail/R/vaq.r
INFO [2026-02-27 19:23:29] Tracked files not found, check your paths.
SUCCESS [2026-02-27 19:23:29] R/vaq.r cache valid (9.04M)
INFO [2026-02-27 19:23:29] sourcoising C:/Users/timbe/github/travail/R/vaq.r
INFO [2026-02-27 19:23:29] Tracked files not found, check your paths.
SUCCESS [2026-02-27 19:23:29] R/vaq.r cache valid (9.04M)
SUCCESS [2026-02-27 19:23:29] R/households.r (forced) in 1.51 sec. (81.9K)
INFO [2026-02-27 19:23:29] sourcoising C:/Users/timbe/github/travail/R/oecd.r
SUCCESS [2026-02-27 19:23:43] R/oecd.r (forced) in 13.8 sec. (136K)
INFO [2026-02-27 19:23:43] sourcoising C:/Users/timbe/github/travail/R/psali.r
INFO [2026-02-27 19:23:44] sourcoising C:/Users/timbe/github/travail/R/snf_international.r
INFO [2026-02-27 19:23:44] Tracked files not found, check your paths.
SUCCESS [2026-02-27 19:23:44] R/snf_international.r cache valid (21.4K)
INFO [2026-02-27 19:23:45] sourcoising C:/Users/timbe/github/travail/R/salaires.r
INFO [2026-02-27 19:23:45] sourcoising C:/Users/timbe/github/travail/R/nace.r
INFO [2026-02-27 19:23:45] Tracked files not found, check your paths.
SUCCESS [2026-02-27 19:23:45] R/nace.r cache valid (10.3K)
INFO [2026-02-27 19:23:45] sourcoising C:/Users/timbe/github/travail/R/nace.r
INFO [2026-02-27 19:23:45] Tracked files not found, check your paths.
SUCCESS [2026-02-27 19:23:45] R/nace.r cache valid (10.3K)
SUCCESS [2026-02-27 19:23:59] R/salaires.r (forced) in 14.35 sec. (157K)
INFO [2026-02-27 19:23:59] sourcoising C:/Users/timbe/github/travail/R/snf_ratio.r
INFO [2026-02-27 19:23:59] sourcoising C:/Users/timbe/github/travail/R/nace.r
INFO [2026-02-27 19:24:00] Tracked files not found, check your paths.
SUCCESS [2026-02-27 19:24:00] R/nace.r cache valid (10.3K)
INFO [2026-02-27 19:24:00] sourcoising C:/Users/timbe/github/travail/R/nace.r
INFO [2026-02-27 19:24:00] Tracked files not found, check your paths.
SUCCESS [2026-02-27 19:24:00] R/nace.r cache valid (10.3K)
INFO [2026-02-27 19:24:00] sourcoising C:/Users/timbe/github/travail/R/nace.r
INFO [2026-02-27 19:24:00] Tracked files not found, check your paths.
SUCCESS [2026-02-27 19:24:00] R/nace.r cache valid (10.3K)
INFO [2026-02-27 19:24:00] sourcoising C:/Users/timbe/github/travail/R/naq10_e.r
INFO [2026-02-27 19:24:00] Tracked files not found, check your paths.
SUCCESS [2026-02-27 19:24:00] R/naq10_e.r cache valid (3.17M)
SUCCESS [2026-02-27 19:24:06] R/snf_ratio.r (forced) in 6.05 sec. (208K)
