INFO [2026-04-03 11:17:27] Refreshing 17 source files
INFO [2026-04-03 11:17:28] Initializing with init_fn()
INFO [2026-04-03 11:17:28] sourcoising C:/Users/timbe/github/travail/R/nace.r
SUCCESS [2026-04-03 11:17:30] R/nace.r (forced) in 1.97 sec. (10.3K)
INFO [2026-04-03 11:17:30] sourcoising C:/Users/timbe/github/travail/R/vaq.r
INFO [2026-04-03 11:17:32] sourcoising C:/Users/timbe/github/travail/R/nace.r
INFO [2026-04-03 11:17:32] Tracked files not found, check your paths.
SUCCESS [2026-04-03 11:17:32] R/nace.r cache valid (10.3K)
INFO [2026-04-03 11:17:32] sourcoising C:/Users/timbe/github/travail/R/nace.r
INFO [2026-04-03 11:17:32] Tracked files not found, check your paths.
SUCCESS [2026-04-03 11:17:32] R/nace.r cache valid (10.3K)
INFO [2026-04-03 11:17:32] sourcoising C:/Users/timbe/github/travail/R/naq10_e.r
INFO [2026-04-03 11:17:32] Tracked files not found, check your paths.
INFO [2026-04-03 11:17:32] sourcoising C:/Users/timbe/github/travail/R/nace.r
INFO [2026-04-03 11:17:32] Tracked files not found, check your paths.
SUCCESS [2026-04-03 11:17:32] R/nace.r cache valid (10.3K)
SUCCESS [2026-04-03 11:17:42] R/naq10_e.r (forced) in 10.19 sec. (3.17M)
SUCCESS [2026-04-03 11:17:48] R/vaq.r cache valid (9.08M)
INFO [2026-04-03 11:17:48] sourcoising C:/Users/timbe/github/travail/R/naq10_e.r
INFO [2026-04-03 11:17:48] sourcoising C:/Users/timbe/github/travail/R/nace.r
INFO [2026-04-03 11:17:48] Tracked files not found, check your paths.
SUCCESS [2026-04-03 11:17:48] R/nace.r cache valid (10.3K)
SUCCESS [2026-04-03 11:17:52] R/naq10_e.r (forced) in 3.56 sec. (3.17M)
INFO [2026-04-03 11:17:52] sourcoising C:/Users/timbe/github/travail/R/mixte.r
INFO [2026-04-03 11:17:52] sourcoising C:/Users/timbe/github/travail/R/nace.r
INFO [2026-04-03 11:17:52] Tracked files not found, check your paths.
SUCCESS [2026-04-03 11:17:52] R/nace.r cache valid (10.3K)
INFO [2026-04-03 11:17:54] sourcoising C:/Users/timbe/github/travail/R/naq10_e.r
INFO [2026-04-03 11:17:54] Tracked files not found, check your paths.
SUCCESS [2026-04-03 11:17:54] R/naq10_e.r cache valid (3.17M)
SUCCESS [2026-04-03 11:17:56] R/mixte.r (forced) in 3.4 sec. (2.1M)
INFO [2026-04-03 11:17:56] sourcoising C:/Users/timbe/github/travail/R/france-melodi.r
INFO [2026-04-03 11:17:56] sourcoising C:/Users/timbe/github/travail/R/nace.r
INFO [2026-04-03 11:17:56] Tracked files not found, check your paths.
SUCCESS [2026-04-03 11:17:56] R/nace.r cache valid (10.3K)
INFO [2026-04-03 11:17:56] sourcoising C:/Users/timbe/github/travail/R/nace.r
INFO [2026-04-03 11:17:56] Tracked files not found, check your paths.
SUCCESS [2026-04-03 11:17:56] R/nace.r cache valid (10.3K)
SUCCESS [2026-04-03 11:18:05] R/france-melodi.r (forced) in 9.75 sec. (212K)
INFO [2026-04-03 11:18:06] sourcoising C:/Users/timbe/github/travail/R/snf_international.r
INFO [2026-04-03 11:18:06] sourcoising C:/Users/timbe/github/travail/R/nace.r
INFO [2026-04-03 11:18:06] Tracked files not found, check your paths.
SUCCESS [2026-04-03 11:18:06] R/nace.r cache valid (10.3K)
INFO [2026-04-03 11:18:06] sourcoising C:/Users/timbe/github/travail/R/nace.r
INFO [2026-04-03 11:18:06] Tracked files not found, check your paths.
SUCCESS [2026-04-03 11:18:06] R/nace.r cache valid (10.3K)
INFO [2026-04-03 11:18:06] sourcoising C:/Users/timbe/github/travail/R/nace.r
INFO [2026-04-03 11:18:06] Tracked files not found, check your paths.
SUCCESS [2026-04-03 11:18:06] R/nace.r cache valid (10.3K)
SUCCESS [2026-04-03 11:18:07] R/snf_international.r (forced) in 1.71 sec. (21.4K)
INFO [2026-04-03 11:18:07] sourcoising C:/Users/timbe/github/travail/R/annexeD.r
INFO [2026-04-03 11:18:07] sourcoising C:/Users/timbe/github/travail/R/nace.r
INFO [2026-04-03 11:18:07] Tracked files not found, check your paths.
SUCCESS [2026-04-03 11:18:07] R/nace.r cache valid (10.3K)
INFO [2026-04-03 11:18:07] sourcoising C:/Users/timbe/github/travail/R/mixte.r
INFO [2026-04-03 11:18:07] Tracked files not found, check your paths.
SUCCESS [2026-04-03 11:18:07] R/mixte.r cache valid (2.1M)
INFO [2026-04-03 11:18:07] sourcoising C:/Users/timbe/github/travail/R/nace.r
INFO [2026-04-03 11:18:07] Tracked files not found, check your paths.
SUCCESS [2026-04-03 11:18:07] R/nace.r cache valid (10.3K)
INFO [2026-04-03 11:18:07] sourcoising C:/Users/timbe/github/travail/R/vaq.r
INFO [2026-04-03 11:18:07] Tracked files not found, check your paths.
SUCCESS [2026-04-03 11:18:07] R/vaq.r cache valid (9.08M)
INFO [2026-04-03 11:18:07] sourcoising C:/Users/timbe/github/travail/R/mixte.r
INFO [2026-04-03 11:18:07] Tracked files not found, check your paths.
SUCCESS [2026-04-03 11:18:07] R/mixte.r cache valid (2.1M)
INFO [2026-04-03 11:18:07] sourcoising C:/Users/timbe/github/travail/R/france-melodi.r
INFO [2026-04-03 11:18:07] Tracked files not found, check your paths.
SUCCESS [2026-04-03 11:18:07] R/france-melodi.r cache valid (212K)
INFO [2026-04-03 11:18:07] sourcoising C:/Users/timbe/github/travail/R/naq10_e.r
INFO [2026-04-03 11:18:08] Tracked files not found, check your paths.
SUCCESS [2026-04-03 11:18:08] R/naq10_e.r cache valid (3.17M)
SUCCESS [2026-04-03 11:18:08] R/annexeD.r (forced) in 1.09 sec. (644K)
INFO [2026-04-03 11:18:09] sourcoising C:/Users/timbe/github/travail/R/assets.r
INFO [2026-04-03 11:18:09] sourcoising C:/Users/timbe/github/travail/R/nace.r
INFO [2026-04-03 11:18:09] Tracked files not found, check your paths.
SUCCESS [2026-04-03 11:18:09] R/nace.r cache valid (10.3K)
INFO [2026-04-03 11:18:09] sourcoising C:/Users/timbe/github/travail/R/nace.r
INFO [2026-04-03 11:18:09] Tracked files not found, check your paths.
SUCCESS [2026-04-03 11:18:09] R/nace.r cache valid (10.3K)
SUCCESS [2026-04-03 11:18:10] R/assets.r (forced) in 1.58 sec. (795K)
INFO [2026-04-03 11:18:10] sourcoising C:/Users/timbe/github/travail/R/decomp.r
INFO [2026-04-03 11:18:10] sourcoising C:/Users/timbe/github/travail/R/vaq.r
INFO [2026-04-03 11:18:10] Tracked files not found, check your paths.
SUCCESS [2026-04-03 11:18:10] R/vaq.r cache valid (9.08M)
INFO [2026-04-03 11:18:10] sourcoising C:/Users/timbe/github/travail/R/nace.r
INFO [2026-04-03 11:18:10] Tracked files not found, check your paths.
SUCCESS [2026-04-03 11:18:10] R/nace.r cache valid (10.3K)
SUCCESS [2026-04-03 11:18:10] R/decomp.r (forced) in 0.11 sec. (11.9K)
INFO [2026-04-03 11:18:10] sourcoising C:/Users/timbe/github/travail/R/earn.r
SUCCESS [2026-04-03 11:18:11] R/earn.r (forced) in 0.76 sec. (6.52K)
INFO [2026-04-03 11:18:11] sourcoising C:/Users/timbe/github/travail/R/france cn 2014.r
SUCCESS [2026-04-03 11:18:14] R/france cn 2014.r (forced) in 2.95 sec. (45.3K)
INFO [2026-04-03 11:18:14] sourcoising C:/Users/timbe/github/travail/R/ggvanettebrute.r
INFO [2026-04-03 11:18:16] sourcoising C:/Users/timbe/github/travail/R/vaq.r
INFO [2026-04-03 11:18:16] Tracked files not found, check your paths.
SUCCESS [2026-04-03 11:18:16] R/vaq.r cache valid (9.08M)
SUCCESS [2026-04-03 11:18:16] R/ggvanettebrute.r (forced) in 1.47 sec. (488K)
INFO [2026-04-03 11:18:16] sourcoising C:/Users/timbe/github/travail/R/households.r
INFO [2026-04-03 11:18:16] sourcoising C:/Users/timbe/github/travail/R/nace.r
INFO [2026-04-03 11:18:16] Tracked files not found, check your paths.
SUCCESS [2026-04-03 11:18:16] R/nace.r cache valid (10.3K)
INFO [2026-04-03 11:18:16] sourcoising C:/Users/timbe/github/travail/R/nace.r
INFO [2026-04-03 11:18:16] Tracked files not found, check your paths.
SUCCESS [2026-04-03 11:18:16] R/nace.r cache valid (10.3K)
INFO [2026-04-03 11:18:17] sourcoising C:/Users/timbe/github/travail/R/vaq.r
INFO [2026-04-03 11:18:17] Tracked files not found, check your paths.
SUCCESS [2026-04-03 11:18:17] R/vaq.r cache valid (9.08M)
INFO [2026-04-03 11:18:17] sourcoising C:/Users/timbe/github/travail/R/vaq.r
INFO [2026-04-03 11:18:17] Tracked files not found, check your paths.
SUCCESS [2026-04-03 11:18:17] R/vaq.r cache valid (9.08M)
SUCCESS [2026-04-03 11:18:17] R/households.r (forced) in 1.51 sec. (81.9K)
INFO [2026-04-03 11:18:18] sourcoising C:/Users/timbe/github/travail/R/oecd.r
SUCCESS [2026-04-03 11:18:33] R/oecd.r (forced) in 15.3 sec. (136K)
INFO [2026-04-03 11:18:33] sourcoising C:/Users/timbe/github/travail/R/psali.r
INFO [2026-04-03 11:18:34] sourcoising C:/Users/timbe/github/travail/R/snf_international.r
INFO [2026-04-03 11:18:34] Tracked files not found, check your paths.
SUCCESS [2026-04-03 11:18:34] R/snf_international.r cache valid (21.4K)
INFO [2026-04-03 11:18:35] sourcoising C:/Users/timbe/github/travail/R/salaires.r
INFO [2026-04-03 11:18:35] sourcoising C:/Users/timbe/github/travail/R/nace.r
INFO [2026-04-03 11:18:35] Tracked files not found, check your paths.
SUCCESS [2026-04-03 11:18:35] R/nace.r cache valid (10.3K)
INFO [2026-04-03 11:18:35] sourcoising C:/Users/timbe/github/travail/R/nace.r
INFO [2026-04-03 11:18:35] Tracked files not found, check your paths.
SUCCESS [2026-04-03 11:18:35] R/nace.r cache valid (10.3K)
SUCCESS [2026-04-03 11:18:49] R/salaires.r (forced) in 14.47 sec. (158K)
INFO [2026-04-03 11:18:49] sourcoising C:/Users/timbe/github/travail/R/snf_ratio.r
INFO [2026-04-03 11:18:49] sourcoising C:/Users/timbe/github/travail/R/nace.r
INFO [2026-04-03 11:18:49] Tracked files not found, check your paths.
SUCCESS [2026-04-03 11:18:49] R/nace.r cache valid (10.3K)
INFO [2026-04-03 11:18:49] sourcoising C:/Users/timbe/github/travail/R/nace.r
INFO [2026-04-03 11:18:49] Tracked files not found, check your paths.
SUCCESS [2026-04-03 11:18:49] R/nace.r cache valid (10.3K)
INFO [2026-04-03 11:18:49] sourcoising C:/Users/timbe/github/travail/R/nace.r
INFO [2026-04-03 11:18:49] Tracked files not found, check your paths.
SUCCESS [2026-04-03 11:18:49] R/nace.r cache valid (10.3K)
INFO [2026-04-03 11:18:49] sourcoising C:/Users/timbe/github/travail/R/naq10_e.r
INFO [2026-04-03 11:18:49] Tracked files not found, check your paths.
SUCCESS [2026-04-03 11:18:49] R/naq10_e.r cache valid (3.17M)
SUCCESS [2026-04-03 11:18:54] R/snf_ratio.r (forced) in 5.08 sec. (208K)
